Initializing document watcher...
Document watcher initialized
shaiksahil0911/resume_ai/requirements.txt: {}
shaiksahil0911/resume_ai/requirements.txt: {}
shaiksahil0911/resume_ai/parser/views.py: {}
shaiksahil0911/resume_ai/parser/views.py: Using EditorConfig core...
shaiksahil0911/resume_ai/parser/views.py: Using EditorConfig core...
shaiksahil0911/resume_ai/parser/views.py: {}
shaiksahil0911/resume_ai/parser/views.py: {}
shaiksahil0911/resume_ai/manage.py: {}
shaiksahil0911/resume_ai/entrypoint.sh: {}
shaiksahil0911/resume_ai/manage.py: {}
shaiksahil0911/resume_ai/manage.py: {}
shaiksahil0911/resume_ai/parser/views.py: {}
shaiksahil0911/resume_ai/parser/views.py: Using EditorConfig core...
shaiksahil0911/resume_ai/parser/views.py: Using EditorConfig core...
shaiksahil0911/resume_ai/manage.py: {}
shaiksahil0911/resume_ai/manage.py: {}
shaiksahil0911/resume_ai/manage.py: Using EditorConfig core...
shaiksahil0911/resume_ai/manage.py: {}
shaiksahil0911/resume_ai/parser/views.py: {}
shaiksahil0911/resume_ai/parser/views.py: {}
shaiksahil0911/resume_ai/parser/views.py: Using EditorConfig core...
shaiksahil0911/resume_ai/parser/views.py: {}
shaiksahil0911/resume_ai/parser/views.py: Using EditorConfig core...
shaiksahil0911/resume_ai/parser/views.py: {}
shaiksahil0911/resume_ai/credentials.json: {}
shaiksahil0911/resume_ai/resume_ai/settings.py: {}
shaiksahil0911/resume_ai/resume_ai/settings.py: {}
shaiksahil0911/resume_ai/parser/views.py: {}
shaiksahil0911/resume_ai/parser/views.py: {}
shaiksahil0911/resume_ai/parser/views.py: {}
shaiksahil0911/resume_ai/parser/views.py: {}
shaiksahil0911/resume_ai/parser/views.py: Using EditorConfig core...
shaiksahil0911/resume_ai/parser/views.py: {}
shaiksahil0911/resume_ai/resume_ai/settings.py: {}
shaiksahil0911/resume_ai/resume_ai/settings.py: {}
shaiksahil0911/resume_ai/parser/views.py: {}
shaiksahil0911/resume_ai/parser/views.py: Using EditorConfig core...
shaiksahil0911/resume_ai/parser/views.py: Using EditorConfig core...
shaiksahil0911/resume_ai/parser/views.py: {}
shaiksahil0911/resume_ai/parser/views.py: {}
shaiksahil0911/resume_ai/parser/views.py: {}
shaiksahil0911/resume_ai/parser/views.py: {}
shaiksahil0911/resume_ai/parser/views.py: {}
