2025-08-16 10:28:18.171 [info] [main] Log level: Info
2025-08-16 10:28:18.171 [info] [main] Validating found git in: "git"
2025-08-16 10:28:18.171 [info] [main] Using git "2.43.0" from "git"
2025-08-16 10:28:18.171 [info] [Model][doInitialScan] Initial repository scan started
2025-08-16 10:28:18.171 [info] > git rev-parse --show-toplevel [8ms]
2025-08-16 10:28:18.171 [info] fatal: not a git repository (or any parent up to mount point /)
Stopping at filesystem boundary (GIT_DISCOVERY_ACROSS_FILESYSTEM not set).
2025-08-16 10:28:18.180 [info] > git rev-parse --show-toplevel [2ms]
2025-08-16 10:28:18.180 [info] fatal: not a git repository (or any parent up to mount point /)
Stopping at filesystem boundary (GIT_DISCOVERY_ACROSS_FILESYSTEM not set).
2025-08-16 10:28:18.185 [info] > git rev-parse --show-toplevel [2ms]
2025-08-16 10:28:18.185 [info] fatal: not a git repository (or any parent up to mount point /)
Stopping at filesystem boundary (GIT_DISCOVERY_ACROSS_FILESYSTEM not set).
2025-08-16 10:28:18.191 [info] > git rev-parse --show-toplevel [2ms]
2025-08-16 10:28:18.191 [info] fatal: not a git repository (or any parent up to mount point /)
Stopping at filesystem boundary (GIT_DISCOVERY_ACROSS_FILESYSTEM not set).
2025-08-16 10:28:18.196 [info] > git rev-parse --show-toplevel [2ms]
2025-08-16 10:28:18.196 [info] fatal: not a git repository (or any parent up to mount point /)
Stopping at filesystem boundary (GIT_DISCOVERY_ACROSS_FILESYSTEM not set).
2025-08-16 10:28:18.201 [info] > git rev-parse --show-toplevel [1ms]
2025-08-16 10:28:18.201 [info] fatal: not a git repository (or any parent up to mount point /)
Stopping at filesystem boundary (GIT_DISCOVERY_ACROSS_FILESYSTEM not set).
2025-08-16 10:28:18.205 [info] > git rev-parse --show-toplevel [1ms]
2025-08-16 10:28:18.205 [info] fatal: not a git repository (or any parent up to mount point /)
Stopping at filesystem boundary (GIT_DISCOVERY_ACROSS_FILESYSTEM not set).
2025-08-16 10:28:18.210 [info] > git rev-parse --show-toplevel [1ms]
2025-08-16 10:28:18.210 [info] fatal: not a git repository (or any parent up to mount point /)
Stopping at filesystem boundary (GIT_DISCOVERY_ACROSS_FILESYSTEM not set).
2025-08-16 10:28:18.220 [info] > git rev-parse --show-toplevel [6ms]
2025-08-16 10:28:18.220 [info] fatal: not a git repository (or any parent up to mount point /)
Stopping at filesystem boundary (GIT_DISCOVERY_ACROSS_FILESYSTEM not set).
2025-08-16 10:28:18.225 [info] > git rev-parse --show-toplevel [2ms]
2025-08-16 10:28:18.225 [info] fatal: not a git repository (or any parent up to mount point /)
Stopping at filesystem boundary (GIT_DISCOVERY_ACROSS_FILESYSTEM not set).
2025-08-16 10:28:18.230 [info] > git rev-parse --show-toplevel [1ms]
2025-08-16 10:28:18.230 [info] fatal: not a git repository (or any parent up to mount point /)
Stopping at filesystem boundary (GIT_DISCOVERY_ACROSS_FILESYSTEM not set).
2025-08-16 10:28:18.235 [info] > git rev-parse --show-toplevel [1ms]
2025-08-16 10:28:18.236 [info] fatal: not a git repository (or any parent up to mount point /)
Stopping at filesystem boundary (GIT_DISCOVERY_ACROSS_FILESYSTEM not set).
2025-08-16 10:28:18.241 [info] > git rev-parse --show-toplevel [1ms]
2025-08-16 10:28:18.241 [info] fatal: not a git repository (or any parent up to mount point /)
Stopping at filesystem boundary (GIT_DISCOVERY_ACROSS_FILESYSTEM not set).
2025-08-16 10:28:18.246 [info] > git rev-parse --show-toplevel [2ms]
2025-08-16 10:28:18.246 [info] fatal: not a git repository (or any parent up to mount point /)
Stopping at filesystem boundary (GIT_DISCOVERY_ACROSS_FILESYSTEM not set).
2025-08-16 10:28:18.246 [info] [Model][doInitialScan] Initial repository scan completed - repositories (0), closed repositories (0), parent repositories (0), unsafe repositories (0)
