Initializing document watcher...
Document watcher initialized
shaiksahil0911/pathpilot/app/management/commands/load_csv.py: {}
shaiksahil0911/pathpilot/app/management/commands/load_csv.py: {}
shaiksahil0911/pathpilot/app/management/commands/load_csv.py: {}
shaiksahil0911/pathpilot/app/management/commands/load_csv.py: {}
shaiksahil0911/pathpilot/pathpilot/settings.py: {}
shaiksahil0911/pathpilot/pathpilot/settings.py: {}
shaiksahil0911/pathpilot/pathpilot/settings.py: {}
shaiksahil0911/pathpilot/Dockerfile: {}
shaiksahil0911/pathpilot/requirements.txt: {}
shaiksahil0911/pathpilot/requirements.txt: {}
shaiksahil0911/pathpilot/pathpilot/settings.py: {}
shaiksahil0911/pathpilot/pathpilot/settings.py: Using EditorConfig core...
shaiksahil0911/pathpilot/pathpilot/settings.py: Using EditorConfig core...
shaiksahil0911/pathpilot/pathpilot/settings.py: Using EditorConfig core...
shaiksahil0911/pathpilot/pathpilot/settings.py: {}
shaiksahil0911/pathpilot/pathpilot/settings.py: Using EditorConfig core...
shaiksahil0911/pathpilot/pathpilot/settings.py: Using EditorConfig core...
shaiksahil0911/pathpilot/pathpilot/settings.py: Using EditorConfig core...
shaiksahil0911/pathpilot/pathpilot/settings.py: {}
shaiksahil0911/pathpilot/pathpilot/settings.py: Using EditorConfig core...
shaiksahil0911/pathpilot/pathpilot/settings.py: {}
shaiksahil0911/pathpilot/pathpilot/settings.py: Using EditorConfig core...
shaiksahil0911/pathpilot/pathpilot/settings.py: {}
shaiksahil0911/pathpilot/pathpilot/settings.py: {}
shaiksahil0911/pathpilot/pathpilot/settings.py: Using EditorConfig core...
shaiksahil0911/pathpilot/pathpilot/settings.py: {}
shaiksahil0911/pathpilot/pathpilot/settings.py: Using EditorConfig core...
shaiksahil0911/pathpilot/pathpilot/settings.py: Using EditorConfig core...
shaiksahil0911/pathpilot/pathpilot/settings.py: {}
shaiksahil0911/pathpilot/pathpilot/settings.py: {}
shaiksahil0911/pathpilot/pathpilot/settings.py: {}
shaiksahil0911/pathpilot/requirements.txt: {}
shaiksahil0911/pathpilot/requirements.txt: Using EditorConfig core...
shaiksahil0911/pathpilot/requirements.txt: Using EditorConfig core...
shaiksahil0911/pathpilot/requirements.txt: {}
shaiksahil0911/pathpilot/requirements.txt: Using EditorConfig core...
shaiksahil0911/pathpilot/requirements.txt: {}
shaiksahil0911/pathpilot/requirements.txt: Using EditorConfig core...
shaiksahil0911/pathpilot/requirements.txt: {}
shaiksahil0911/pathpilot/requirements.txt: Using EditorConfig core...
shaiksahil0911/pathpilot/requirements.txt: {}
shaiksahil0911/pathpilot/Dockerfile: {}
shaiksahil0911/pathpilot/Dockerfile: {}
shaiksahil0911/pathpilot/requirements.txt: {}
shaiksahil0911/pathpilot/requirements.txt: Using EditorConfig core...
shaiksahil0911/pathpilot/requirements.txt: {}
shaiksahil0911/pathpilot/requirements.txt: {}
shaiksahil0911/pathpilot/Dockerfile: {}
shaiksahil0911/pathpilot/Dockerfile: {}
shaiksahil0911/pathpilot/Dockerfile: {}
shaiksahil0911/pathpilot/requirements.txt: {}
shaiksahil0911/pathpilot/requirements.txt: {}
shaiksahil0911/pathpilot/Dockerfile: {}
shaiksahil0911/pathpilot/Dockerfile: {}
shaiksahil0911/pathpilot/Dockerfile: {}
shaiksahil0911/pathpilot/Dockerfile: {}
shaiksahil0911/pathpilot/manage.py: {}
shaiksahil0911/pathpilot/Dockerfile: {}
shaiksahil0911/pathpilot/Dockerfile: Using EditorConfig core...
shaiksahil0911/pathpilot/Dockerfile: {}
shaiksahil0911/pathpilot/Dockerfile: {}
shaiksahil0911/pathpilot/Dockerfile: Using EditorConfig core...
shaiksahil0911/pathpilot/Dockerfile: {}
shaiksahil0911/pathpilot/Dockerfile: Using EditorConfig core...
shaiksahil0911/pathpilot/Dockerfile: {}
shaiksahil0911/pathpilot/Dockerfile: {}
shaiksahil0911/pathpilot/requirements.txt: {}
shaiksahil0911/pathpilot/requirements.txt: {}
shaiksahil0911/pathpilot/requirements.txt: Using EditorConfig core...
shaiksahil0911/pathpilot/requirements.txt: {}
shaiksahil0911/pathpilot/Dockerfile: {}
shaiksahil0911/pathpilot/Dockerfile: Using EditorConfig core...
shaiksahil0911/pathpilot/Dockerfile: Using EditorConfig core...
shaiksahil0911/pathpilot/Dockerfile: Using EditorConfig core...
shaiksahil0911/pathpilot/Dockerfile: Using EditorConfig core...
shaiksahil0911/pathpilot/Dockerfile: Using EditorConfig core...
shaiksahil0911/pathpilot/Dockerfile: {}
shaiksahil0911/pathpilot/pathpilot/wsgi.py: {}
shaiksahil0911/pathpilot/pathpilot/wsgi.py: {}
shaiksahil0911/pathpilot/app/views.py: {}
shaiksahil0911/pathpilot/app/models.py: {}
shaiksahil0911/pathpilot/pathpilot/settings.py: {}
shaiksahil0911/pathpilot/pathpilot/settings.py: {}
shaiksahil0911/pathpilot/pathpilot/settings.py: {}
shaiksahil0911/pathpilot/pathpilot/settings.py: {}
shaiksahil0911/pathpilot/requirements.txt: {}
shaiksahil0911/pathpilot/requirements.txt: Using EditorConfig core...
