2025-08-20 16:52:09.361 [warning] Dir "/home/shaiksahil0911/.pixi/envs" is not watchable (directory does not exist)
2025-08-20 16:52:09.640 [info] Python interpreter path: /bin/python
2025-08-20 16:52:13.246 [info] > pyenv which python
2025-08-20 16:52:13.246 [info] cwd: .
2025-08-20 16:52:15.197 [info] Starting Jedi language server for shaiksahil0911.
2025-08-20 17:26:54.203 [info] Discover tests for workspace name: shaiksahil0911 - uri: /home/shaiksahil0911/pathpilot/app/views.py
2025-08-20 17:27:07.241 [info] Discover tests for workspace name: shaiksahil0911 - uri: /home/shaiksahil0911/pathpilot/app/urls.py
2025-08-20 17:28:41.598 [info] Discover tests for workspace name: shaiksahil0911 - uri: /home/shaiksahil0911/pathpilot/app/models.py
2025-08-20 17:29:34.719 [info] Discover tests for workspace name: shaiksahil0911 - uri: /home/shaiksahil0911/pathpilot/pathpilot/settings.py
2025-08-20 17:29:37.473 [info] Discover tests for workspace name: shaiksahil0911 - uri: /home/shaiksahil0911/pathpilot/pathpilot/settings.py
2025-08-20 17:29:39.198 [info] Discover tests for workspace name: shaiksahil0911 - uri: /home/shaiksahil0911/pathpilot/pathpilot/settings.py
2025-08-20 17:29:39.613 [info] Discover tests for workspace name: shaiksahil0911 - uri: /home/shaiksahil0911/pathpilot/pathpilot/settings.py
2025-08-20 17:33:31.867 [info] Discover tests for workspace name: shaiksahil0911 - uri: /home/shaiksahil0911/pathpilot/app/ml_service.py
2025-08-20 17:35:01.331 [info] Running installed packages checker:  {
  id: '/bin/python',
  sysPrefix: '/usr',
  envType: 'Global',
  envName: '',
  envPath: '',
  path: '/bin/python',
  architecture: 3,
  sysVersion: '3.12.3 (main, Jun 18 2025, 17:59:45) [GCC 13.3.0]',
  version: {
    raw: '3.12.3',
    major: 3,
    minor: 12,
    patch: 3,
    build: [],
    prerelease: [ 'final', '0' ]
  },
  displayName: 'Python 3.12.3 64-bit',
  detailedDisplayName: 'Python 3.12.3 64-bit',
  type: undefined
} /google/devshell/editor/code-oss-for-cloud-shell/extensions/ms-python.python/python_files/installed_check.py /home/shaiksahil0911/pathpilot/requirements.txt
2025-08-20 17:35:01.331 [info] > /bin/python /google/devshell/editor/code-oss-for-cloud-shell/extensions/ms-python.python/python_files/installed_check.py ./pathpilot/requirements.txt
2025-08-20 17:35:07.296 [info] Discover tests for workspace name: shaiksahil0911 - uri: /home/shaiksahil0911/.local/lib/python3.12/site-packages/pandas/pyproject.toml
2025-08-20 17:36:03.316 [info] Discover tests for workspace name: shaiksahil0911 - uri: /home/shaiksahil0911/pathpilot/app/ml_service.py
2025-08-20 17:37:04.877 [info] Discover tests for workspace name: shaiksahil0911 - uri: /home/shaiksahil0911/pathpilot/pathpilot/settings.py
2025-08-20 17:37:20.975 [info] Discover tests for workspace name: shaiksahil0911 - uri: /home/shaiksahil0911/pathpilot/pathpilot/settings.py
2025-08-20 17:37:39.295 [info] Discover tests for workspace name: shaiksahil0911 - uri: /home/shaiksahil0911/pathpilot/pathpilot/settings.py
2025-08-20 17:37:42.475 [info] Discover tests for workspace name: shaiksahil0911 - uri: /home/shaiksahil0911/pathpilot/pathpilot/settings.py
2025-08-20 17:37:46.981 [info] Discover tests for workspace name: shaiksahil0911 - uri: /home/shaiksahil0911/pathpilot/pathpilot/settings.py
2025-08-20 17:37:48.833 [info] Discover tests for workspace name: shaiksahil0911 - uri: /home/shaiksahil0911/pathpilot/pathpilot/settings.py
2025-08-20 17:37:49.763 [info] Discover tests for workspace name: shaiksahil0911 - uri: /home/shaiksahil0911/pathpilot/pathpilot/settings.py
2025-08-20 17:41:06.391 [info] Discover tests for workspace name: shaiksahil0911 - uri: /home/shaiksahil0911/pathpilot/app/management/commands/load_dataset.py
2025-08-20 17:46:49.629 [info] Discover tests for workspace name: shaiksahil0911 - uri: /home/shaiksahil0911/pathpilot/app/views.py
2025-08-20 17:46:52.719 [info] Discover tests for workspace name: shaiksahil0911 - uri: /home/shaiksahil0911/pathpilot/app/views.py
2025-08-20 17:46:58.203 [info] Discover tests for workspace name: shaiksahil0911 - uri: /home/shaiksahil0911/pathpilot/app/views.py
2025-08-20 17:58:06.689 [info] Discover tests for workspace name: shaiksahil0911 - uri: /home/shaiksahil0911/pathpilot/pathpilot/settings.py
2025-08-20 18:01:22.426 [info] Discover tests for workspace name: shaiksahil0911 - uri: /home/shaiksahil0911/pathpilot/app/models.py
