2025-06-03 05:19:55.908 [info] [main] Log level: Info
2025-06-03 05:19:55.908 [info] [main] Validating found git in: "git"
2025-06-03 05:19:55.908 [info] [main] Using git "2.43.0" from "git"
2025-06-03 05:19:55.908 [info] [Model][doInitialScan] Initial repository scan started
2025-06-03 05:19:55.909 [info] > git rev-parse --show-toplevel [23ms]
2025-06-03 05:19:55.909 [info] fatal: not a git repository (or any parent up to mount point /)
Stopping at filesystem boundary (GIT_DISCOVERY_ACROSS_FILESYSTEM not set).
2025-06-03 05:19:55.909 [info] > git rev-parse --show-toplevel [52ms]
2025-06-03 05:19:55.909 [info] fatal: not a git repository (or any parent up to mount point /)
Stopping at filesystem boundary (GIT_DISCOVERY_ACROSS_FILESYSTEM not set).
2025-06-03 05:19:55.933 [info] > git rev-parse --show-toplevel [2ms]
2025-06-03 05:19:55.933 [info] fatal: not a git repository (or any parent up to mount point /)
Stopping at filesystem boundary (GIT_DISCOVERY_ACROSS_FILESYSTEM not set).
2025-06-03 05:19:58.824 [info] > git rev-parse --show-toplevel [2847ms]
2025-06-03 05:19:58.824 [info] fatal: not a git repository (or any parent up to mount point /)
Stopping at filesystem boundary (GIT_DISCOVERY_ACROSS_FILESYSTEM not set).
2025-06-03 05:19:58.859 [info] > git rev-parse --show-toplevel [5ms]
2025-06-03 05:19:58.860 [info] fatal: not a git repository (or any parent up to mount point /)
Stopping at filesystem boundary (GIT_DISCOVERY_ACROSS_FILESYSTEM not set).
2025-06-03 05:20:02.287 [info] > git rev-parse --show-toplevel [3420ms]
2025-06-03 05:20:02.287 [info] fatal: not a git repository (or any parent up to mount point /)
Stopping at filesystem boundary (GIT_DISCOVERY_ACROSS_FILESYSTEM not set).
2025-06-03 05:20:02.996 [info] > git rev-parse --show-toplevel [665ms]
2025-06-03 05:20:02.999 [info] fatal: not a git repository (or any parent up to mount point /)
Stopping at filesystem boundary (GIT_DISCOVERY_ACROSS_FILESYSTEM not set).
2025-06-03 05:20:03.274 [info] > git rev-parse --show-toplevel [251ms]
2025-06-03 05:20:03.274 [info] fatal: not a git repository (or any parent up to mount point /)
Stopping at filesystem boundary (GIT_DISCOVERY_ACROSS_FILESYSTEM not set).
2025-06-03 05:20:03.321 [info] > git rev-parse --show-toplevel [22ms]
2025-06-03 05:20:03.321 [info] fatal: not a git repository (or any parent up to mount point /)
Stopping at filesystem boundary (GIT_DISCOVERY_ACROSS_FILESYSTEM not set).
2025-06-03 05:20:03.567 [info] > git rev-parse --show-toplevel [187ms]
2025-06-03 05:20:03.567 [info] fatal: not a git repository (or any parent up to mount point /)
Stopping at filesystem boundary (GIT_DISCOVERY_ACROSS_FILESYSTEM not set).
2025-06-03 05:20:03.768 [info] > git rev-parse --show-toplevel [176ms]
2025-06-03 05:20:03.768 [info] fatal: not a git repository (or any parent up to mount point /)
Stopping at filesystem boundary (GIT_DISCOVERY_ACROSS_FILESYSTEM not set).
2025-06-03 05:20:03.849 [info] > git rev-parse --show-toplevel [62ms]
2025-06-03 05:20:03.850 [info] fatal: not a git repository (or any parent up to mount point /)
Stopping at filesystem boundary (GIT_DISCOVERY_ACROSS_FILESYSTEM not set).
2025-06-03 05:20:03.850 [info] [Model][doInitialScan] Initial repository scan completed - repositories (0), closed repositories (0), parent repositories (0), unsafe repositories (0)
2025-06-03 05:20:03.884 [info] > git rev-parse --show-toplevel [7ms]
2025-06-03 05:20:03.884 [info] fatal: not a git repository (or any parent up to mount point /)
Stopping at filesystem boundary (GIT_DISCOVERY_ACROSS_FILESYSTEM not set).
2025-06-03 05:20:12.047 [info] > git rev-parse --show-toplevel [5ms]
2025-06-03 05:20:12.047 [info] fatal: not a git repository (or any parent up to mount point /)
Stopping at filesystem boundary (GIT_DISCOVERY_ACROSS_FILESYSTEM not set).
2025-06-03 05:20:12.456 [info] > git rev-parse --show-toplevel [4ms]
2025-06-03 05:20:12.456 [info] fatal: not a git repository (or any parent up to mount point /)
Stopping at filesystem boundary (GIT_DISCOVERY_ACROSS_FILESYSTEM not set).
2025-06-03 05:20:23.232 [info] > git rev-parse --show-toplevel [4ms]
2025-06-03 05:20:23.232 [info] fatal: not a git repository (or any parent up to mount point /)
Stopping at filesystem boundary (GIT_DISCOVERY_ACROSS_FILESYSTEM not set).
2025-06-03 05:21:15.519 [info] > git rev-parse --show-toplevel [3ms]
2025-06-03 05:21:15.519 [info] fatal: not a git repository (or any parent up to mount point /)
Stopping at filesystem boundary (GIT_DISCOVERY_ACROSS_FILESYSTEM not set).
2025-06-03 05:21:26.666 [info] > git rev-parse --show-toplevel [8ms]
2025-06-03 05:21:26.667 [info] fatal: not a git repository (or any parent up to mount point /)
Stopping at filesystem boundary (GIT_DISCOVERY_ACROSS_FILESYSTEM not set).
2025-06-03 05:21:34.935 [info] > git rev-parse --show-toplevel [3ms]
2025-06-03 05:21:34.935 [info] fatal: not a git repository (or any parent up to mount point /)
Stopping at filesystem boundary (GIT_DISCOVERY_ACROSS_FILESYSTEM not set).
2025-06-03 05:22:08.442 [info] > git rev-parse --show-toplevel [2ms]
2025-06-03 05:22:08.442 [info] fatal: not a git repository (or any parent up to mount point /)
Stopping at filesystem boundary (GIT_DISCOVERY_ACROSS_FILESYSTEM not set).
2025-06-03 05:23:18.157 [info] > git rev-parse --show-toplevel [1ms]
2025-06-03 05:23:18.157 [info] fatal: not a git repository (or any parent up to mount point /)
Stopping at filesystem boundary (GIT_DISCOVERY_ACROSS_FILESYSTEM not set).
2025-06-03 05:23:21.147 [info] > git rev-parse --show-toplevel [3ms]
2025-06-03 05:23:21.147 [info] fatal: not a git repository (or any parent up to mount point /)
Stopping at filesystem boundary (GIT_DISCOVERY_ACROSS_FILESYSTEM not set).
2025-06-03 05:24:06.576 [info] > git rev-parse --show-toplevel [4ms]
2025-06-03 05:24:06.576 [info] fatal: not a git repository (or any parent up to mount point /)
Stopping at filesystem boundary (GIT_DISCOVERY_ACROSS_FILESYSTEM not set).
2025-06-03 05:24:07.516 [info] > git rev-parse --show-toplevel [3ms]
2025-06-03 05:24:07.516 [info] fatal: not a git repository (or any parent up to mount point /)
Stopping at filesystem boundary (GIT_DISCOVERY_ACROSS_FILESYSTEM not set).
2025-06-03 05:27:10.461 [info] > git rev-parse --show-toplevel [3ms]
2025-06-03 05:27:10.461 [info] fatal: not a git repository (or any parent up to mount point /)
Stopping at filesystem boundary (GIT_DISCOVERY_ACROSS_FILESYSTEM not set).
2025-06-03 05:27:35.612 [info] > git rev-parse --show-toplevel [4ms]
2025-06-03 05:27:35.612 [info] fatal: not a git repository (or any parent up to mount point /)
Stopping at filesystem boundary (GIT_DISCOVERY_ACROSS_FILESYSTEM not set).
2025-06-03 05:27:39.970 [info] > git rev-parse --show-toplevel [4ms]
2025-06-03 05:27:39.970 [info] fatal: not a git repository (or any parent up to mount point /)
Stopping at filesystem boundary (GIT_DISCOVERY_ACROSS_FILESYSTEM not set).
2025-06-03 05:28:29.006 [info] > git rev-parse --show-toplevel [2ms]
2025-06-03 05:28:29.006 [info] fatal: not a git repository (or any parent up to mount point /)
Stopping at filesystem boundary (GIT_DISCOVERY_ACROSS_FILESYSTEM not set).
2025-06-03 05:30:50.008 [info] > git rev-parse --show-toplevel [3ms]
2025-06-03 05:30:50.008 [info] fatal: not a git repository (or any parent up to mount point /)
Stopping at filesystem boundary (GIT_DISCOVERY_ACROSS_FILESYSTEM not set).
2025-06-03 05:31:53.165 [info] > git rev-parse --show-toplevel [2ms]
2025-06-03 05:31:53.165 [info] fatal: not a git repository (or any parent up to mount point /)
Stopping at filesystem boundary (GIT_DISCOVERY_ACROSS_FILESYSTEM not set).
2025-06-03 05:36:33.305 [info] > git rev-parse --show-toplevel [2ms]
2025-06-03 05:36:33.305 [info] fatal: not a git repository (or any parent up to mount point /)
Stopping at filesystem boundary (GIT_DISCOVERY_ACROSS_FILESYSTEM not set).
2025-06-03 05:36:41.540 [info] > git rev-parse --show-toplevel [2ms]
2025-06-03 05:36:41.540 [info] fatal: not a git repository (or any parent up to mount point /)
Stopping at filesystem boundary (GIT_DISCOVERY_ACROSS_FILESYSTEM not set).
2025-06-03 05:36:51.736 [info] > git rev-parse --show-toplevel [4ms]
2025-06-03 05:36:51.736 [info] fatal: not a git repository (or any parent up to mount point /)
Stopping at filesystem boundary (GIT_DISCOVERY_ACROSS_FILESYSTEM not set).
2025-06-03 05:37:08.787 [info] > git rev-parse --show-toplevel [3ms]
2025-06-03 05:37:08.787 [info] fatal: not a git repository (or any parent up to mount point /)
Stopping at filesystem boundary (GIT_DISCOVERY_ACROSS_FILESYSTEM not set).
2025-06-03 05:47:00.657 [info] > git rev-parse --show-toplevel [2ms]
2025-06-03 05:47:00.658 [info] fatal: not a git repository (or any parent up to mount point /)
Stopping at filesystem boundary (GIT_DISCOVERY_ACROSS_FILESYSTEM not set).
2025-06-03 05:50:34.933 [info] > git rev-parse --show-toplevel [2ms]
2025-06-03 05:50:34.933 [info] fatal: not a git repository (or any parent up to mount point /)
Stopping at filesystem boundary (GIT_DISCOVERY_ACROSS_FILESYSTEM not set).
2025-06-03 05:50:35.771 [info] > git rev-parse --show-toplevel [2ms]
2025-06-03 05:50:35.771 [info] fatal: not a git repository (or any parent up to mount point /)
Stopping at filesystem boundary (GIT_DISCOVERY_ACROSS_FILESYSTEM not set).
2025-06-03 05:52:12.136 [info] > git rev-parse --show-toplevel [3ms]
2025-06-03 05:52:12.136 [info] fatal: not a git repository (or any parent up to mount point /)
Stopping at filesystem boundary (GIT_DISCOVERY_ACROSS_FILESYSTEM not set).
2025-06-03 05:54:58.405 [info] > git rev-parse --show-toplevel [4ms]
2025-06-03 05:54:58.405 [info] fatal: not a git repository (or any parent up to mount point /)
Stopping at filesystem boundary (GIT_DISCOVERY_ACROSS_FILESYSTEM not set).
2025-06-03 05:54:59.027 [info] > git rev-parse --show-toplevel [2ms]
2025-06-03 05:54:59.027 [info] fatal: not a git repository (or any parent up to mount point /)
Stopping at filesystem boundary (GIT_DISCOVERY_ACROSS_FILESYSTEM not set).
2025-06-03 05:55:13.519 [info] > git rev-parse --show-toplevel [4ms]
2025-06-03 05:55:13.519 [info] fatal: not a git repository (or any parent up to mount point /)
Stopping at filesystem boundary (GIT_DISCOVERY_ACROSS_FILESYSTEM not set).
2025-06-03 05:55:16.835 [info] > git rev-parse --show-toplevel [3ms]
2025-06-03 05:55:16.835 [info] fatal: not a git repository (or any parent up to mount point /)
Stopping at filesystem boundary (GIT_DISCOVERY_ACROSS_FILESYSTEM not set).
2025-06-03 05:56:23.796 [info] > git rev-parse --show-toplevel [2ms]
2025-06-03 05:56:23.796 [info] fatal: not a git repository (or any parent up to mount point /)
Stopping at filesystem boundary (GIT_DISCOVERY_ACROSS_FILESYSTEM not set).
2025-06-03 05:56:55.988 [info] > git rev-parse --show-toplevel [2ms]
2025-06-03 05:56:55.988 [info] fatal: not a git repository (or any parent up to mount point /)
Stopping at filesystem boundary (GIT_DISCOVERY_ACROSS_FILESYSTEM not set).
2025-06-03 05:58:22.522 [info] > git rev-parse --show-toplevel [2ms]
2025-06-03 05:58:22.522 [info] fatal: not a git repository (or any parent up to mount point /)
Stopping at filesystem boundary (GIT_DISCOVERY_ACROSS_FILESYSTEM not set).
2025-06-03 05:58:28.246 [info] > git rev-parse --show-toplevel [2ms]
2025-06-03 05:58:28.247 [info] fatal: not a git repository (or any parent up to mount point /)
Stopping at filesystem boundary (GIT_DISCOVERY_ACROSS_FILESYSTEM not set).
