2025-06-02 17:28:15.598 [warning] Dir "/home/shaiksahil0911/.pixi/envs" is not watchable (directory does not exist)
2025-06-02 17:28:15.598 [info] Running installed packages checker:  {
  id: '/home/shaiksahil0911/venv/bin/python',
  sysPrefix: '/home/shaiksahil0911/venv',
  envType: 'Venv',
  envName: 'venv',
  envPath: '/home/shaiksahil0911/venv',
  path: '/home/shaiksahil0911/venv/bin/python',
  architecture: 3,
  sysVersion: '3.12.3 (main, Feb  4 2025, 14:48:35) [GCC 13.3.0]',
  version: {
    raw: '3.12.3',
    major: 3,
    minor: 12,
    patch: 3,
    build: [],
    prerelease: [ 'final', '0' ]
  },
  displayName: "Python 3.12.3 ('venv')",
  detailedDisplayName: "Python 3.12.3 ('venv': venv)",
  type: 'Virtual'
} /google/devshell/editor/code-oss-for-cloud-shell/extensions/ms-python.python/python_files/installed_check.py /home/shaiksahil0911/resume_ai/requirements.txt
2025-06-02 17:28:15.598 [info] > ./venv/bin/python /google/devshell/editor/code-oss-for-cloud-shell/extensions/ms-python.python/python_files/installed_check.py ./resume_ai/requirements.txt
2025-06-02 17:28:15.598 [info] Python interpreter path: ./venv/bin/python
2025-06-02 17:28:17.884 [info] > pyenv which python
2025-06-02 17:28:17.884 [info] cwd: .
2025-06-02 17:28:18.002 [info] Send text to terminal: source /home/shaiksahil0911/venv/bin/activate
2025-06-02 17:28:22.006 [info] Starting Jedi language server for shaiksahil0911.
2025-06-02 17:33:01.789 [info] Discover tests for workspace name: shaiksahil0911 - uri: /home/shaiksahil0911/resume_ai/parser/views.py
2025-06-02 17:33:03.109 [info] Discover tests for workspace name: shaiksahil0911 - uri: /home/shaiksahil0911/resume_ai/parser/views.py
2025-06-02 17:49:14.660 [info] Discover tests for workspace name: shaiksahil0911 - uri: /home/shaiksahil0911/resume_ai/parser/views.py
2025-06-02 17:49:16.241 [info] Discover tests for workspace name: shaiksahil0911 - uri: /home/shaiksahil0911/resume_ai/parser/views.py
2025-06-02 17:50:04.368 [info] Discover tests for workspace name: shaiksahil0911 - uri: /home/shaiksahil0911/resume_ai/manage.py
2025-06-02 17:50:53.265 [info] Discover tests for workspace name: shaiksahil0911 - uri: /home/shaiksahil0911/resume_ai/parser/views.py
2025-06-02 17:51:08.248 [info] Discover tests for workspace name: shaiksahil0911 - uri: /home/shaiksahil0911/resume_ai/parser/views.py
2025-06-02 18:04:41.577 [info] Send text to terminal: source /home/shaiksahil0911/venv/bin/activate
2025-06-02 18:05:35.658 [info] Send text to terminal: source /home/shaiksahil0911/venv/bin/activate
2025-06-02 18:14:50.319 [info] Discover tests for workspace name: shaiksahil0911 - uri: /home/shaiksahil0911/resume_ai/parser/views.py
2025-06-02 18:16:59.325 [info] Discover tests for workspace name: shaiksahil0911 - uri: /home/shaiksahil0911/resume_ai/parser/views.py
2025-06-02 18:17:00.566 [info] Discover tests for workspace name: shaiksahil0911 - uri: /home/shaiksahil0911/resume_ai/parser/views.py
