2025-06-03 12:13:05.642 [info] Extension host with pid 1692 started
2025-06-03 12:13:05.643 [error] Error: EEXIST: file already exists, open '/home/shaiksahil0911/.codeoss/data/User/workspaceStorage/7dc44419/vscode.lock'
2025-06-03 12:13:05.664 [info] Lock '/home/shaiksahil0911/.codeoss/data/User/workspaceStorage/7dc44419/vscode.lock': Could not acquire lock, checking if the file is stale.
2025-06-03 12:13:05.669 [info] Lock '/home/shaiksahil0911/.codeoss/data/User/workspaceStorage/7dc44419/vscode.lock': The pid 1232 appears to be gone.
2025-06-03 12:13:05.669 [info] Lock '/home/shaiksahil0911/.codeoss/data/User/workspaceStorage/7dc44419/vscode.lock': Deleting a stale lock.
2025-06-03 12:13:05.718 [info] ExtensionService#_doActivateExtension vscode.emmet, startup: false, activationEvent: 'onLanguage'
2025-06-03 12:13:05.720 [info] ExtensionService#_doActivateExtension ms-python.python, startup: false, activationEvent: 'onLanguage:python'
2025-06-03 12:13:06.175 [info] Lock '/home/shaiksahil0911/.codeoss/data/User/workspaceStorage/7dc44419/vscode.lock': Lock acquired.
2025-06-03 12:13:06.307 [error] Error: spawn /google/devshell/editor/code-oss-for-cloud-shell/extensions/ms-python.python/python-env-tools/bin/pet ENOENT
	at ChildProcess._handle.onexit (node:internal/child_process:286:19)
	at onErrorNT (node:internal/child_process:484:16)
	at process.processTicksAndRejections (node:internal/process/task_queues:82:21)
2025-06-03 12:13:06.425 [info] ExtensionService#_doActivateExtension vscode.git-base, startup: true, activationEvent: '*', root cause: vscode.git
2025-06-03 12:13:06.504 [info] ExtensionService#_doActivateExtension vscode.git, startup: true, activationEvent: '*'
2025-06-03 12:13:06.504 [info] ExtensionService#_doActivateExtension vscode.github, startup: true, activationEvent: '*'
2025-06-03 12:13:08.058 [info] Eager extensions activated
2025-06-03 12:13:08.059 [info] ExtensionService#_doActivateExtension EditorConfig.EditorConfig, startup: false, activationEvent: 'onStartupFinished'
2025-06-03 12:13:08.059 [info] ExtensionService#_doActivateExtension google.cloud-shell, startup: false, activationEvent: 'onStartupFinished'
2025-06-03 12:13:08.060 [info] ExtensionService#_doActivateExtension google.geminicodeassist, startup: false, activationEvent: 'onStartupFinished', root cause: googlecloudtools.cloudcode
2025-06-03 12:13:08.063 [info] ExtensionService#_doActivateExtension vscode.debug-auto-launch, startup: false, activationEvent: 'onStartupFinished'
2025-06-03 12:13:08.063 [info] ExtensionService#_doActivateExtension vscode.merge-conflict, startup: false, activationEvent: 'onStartupFinished'
2025-06-03 12:13:11.264 [info] ExtensionService#_doActivateExtension googlecloudtools.cloudcode, startup: false, activationEvent: 'onStartupFinished'
2025-06-03 12:13:13.696 [info] ExtensionService#_doActivateExtension vscode.configuration-editing, startup: false, activationEvent: 'onLanguage:jsonc'
2025-06-03 12:13:13.696 [info] ExtensionService#_doActivateExtension vscode.json-language-features, startup: false, activationEvent: 'onLanguage:jsonc'
2025-06-03 12:13:13.697 [info] ExtensionService#_doActivateExtension vscode.typescript-language-features, startup: false, activationEvent: 'onLanguage:jsonc'
2025-06-03 12:13:14.451 [info] ExtensionService#_doActivateExtension vscode.html-language-features, startup: false, activationEvent: 'onLanguage:html'
2025-06-03 12:32:26.304 [info] ExtensionService#_doActivateExtension vscode.extension-editing, startup: false, activationEvent: 'onLanguage:json'
2025-06-03 12:32:26.304 [info] ExtensionService#_doActivateExtension vscode.npm, startup: false, activationEvent: 'onLanguage:json'
2025-06-03 13:13:27.577 [error] Error: Tool with identifier docs already registered.
    at a.register (/google/devshell/editor/code-oss-for-cloud-shell/extensions/geminicodeassist/dist/webpack:/src/ai-companion/gemini_tool_service.ts:24:13)
    at forEach (/google/devshell/editor/code-oss-for-cloud-shell/extensions/geminicodeassist/dist/webpack:/src/ai-companion/ai_language_client.ts:317:58)
    at Array.forEach (<anonymous>)
    at t.AILanguageClient.<anonymous> (/google/devshell/editor/code-oss-for-cloud-shell/extensions/geminicodeassist/dist/webpack:/src/ai-companion/ai_language_client.ts:317:25)
    at Generator.next (<anonymous>)
    at s (/google/devshell/editor/code-oss-for-cloud-shell/extensions/geminicodeassist/dist/webpack:/src/ai-companion/ai_document_context.ts:90:3)
