2025-06-03 12:13:06.814 [info] [main] Log level: Info
2025-06-03 12:13:06.815 [info] [main] Validating found git in: "git"
2025-06-03 12:13:06.815 [info] [main] Using git "2.43.0" from "git"
2025-06-03 12:13:06.815 [info] [Model][doInitialScan] Initial repository scan started
2025-06-03 12:13:06.815 [info] > git rev-parse --show-toplevel [6ms]
2025-06-03 12:13:06.815 [info] fatal: not a git repository (or any parent up to mount point /)
Stopping at filesystem boundary (GIT_DISCOVERY_ACROSS_FILESYSTEM not set).
2025-06-03 12:13:06.815 [info] > git rev-parse --show-toplevel [3ms]
2025-06-03 12:13:06.815 [info] fatal: not a git repository (or any parent up to mount point /)
Stopping at filesystem boundary (GIT_DISCOVERY_ACROSS_FILESYSTEM not set).
2025-06-03 12:13:06.815 [info] > git rev-parse --show-toplevel [11ms]
2025-06-03 12:13:06.815 [info] fatal: not a git repository (or any parent up to mount point /)
Stopping at filesystem boundary (GIT_DISCOVERY_ACROSS_FILESYSTEM not set).
2025-06-03 12:13:06.815 [info] > git rev-parse --show-toplevel [5ms]
2025-06-03 12:13:06.815 [info] fatal: not a git repository (or any parent up to mount point /)
Stopping at filesystem boundary (GIT_DISCOVERY_ACROSS_FILESYSTEM not set).
2025-06-03 12:13:06.816 [info] > git rev-parse --show-toplevel [2ms]
2025-06-03 12:13:06.816 [info] fatal: not a git repository (or any parent up to mount point /)
Stopping at filesystem boundary (GIT_DISCOVERY_ACROSS_FILESYSTEM not set).
2025-06-03 12:13:06.830 [info] > git rev-parse --show-toplevel [6ms]
2025-06-03 12:13:06.830 [info] fatal: not a git repository (or any parent up to mount point /)
Stopping at filesystem boundary (GIT_DISCOVERY_ACROSS_FILESYSTEM not set).
2025-06-03 12:13:06.838 [info] > git rev-parse --show-toplevel [2ms]
2025-06-03 12:13:06.838 [info] fatal: not a git repository (or any parent up to mount point /)
Stopping at filesystem boundary (GIT_DISCOVERY_ACROSS_FILESYSTEM not set).
2025-06-03 12:13:06.843 [info] > git rev-parse --show-toplevel [1ms]
2025-06-03 12:13:06.843 [info] fatal: not a git repository (or any parent up to mount point /)
Stopping at filesystem boundary (GIT_DISCOVERY_ACROSS_FILESYSTEM not set).
2025-06-03 12:13:06.849 [info] > git rev-parse --show-toplevel [2ms]
2025-06-03 12:13:06.849 [info] fatal: not a git repository (or any parent up to mount point /)
Stopping at filesystem boundary (GIT_DISCOVERY_ACROSS_FILESYSTEM not set).
2025-06-03 12:13:06.855 [info] > git rev-parse --show-toplevel [3ms]
2025-06-03 12:13:06.856 [info] fatal: not a git repository (or any parent up to mount point /)
Stopping at filesystem boundary (GIT_DISCOVERY_ACROSS_FILESYSTEM not set).
2025-06-03 12:13:06.871 [info] > git rev-parse --show-toplevel [3ms]
2025-06-03 12:13:06.871 [info] fatal: not a git repository (or any parent up to mount point /)
Stopping at filesystem boundary (GIT_DISCOVERY_ACROSS_FILESYSTEM not set).
2025-06-03 12:13:06.900 [info] > git rev-parse --show-toplevel [22ms]
2025-06-03 12:13:06.900 [info] fatal: not a git repository (or any parent up to mount point /)
Stopping at filesystem boundary (GIT_DISCOVERY_ACROSS_FILESYSTEM not set).
2025-06-03 12:13:06.900 [info] [Model][doInitialScan] Initial repository scan completed - repositories (0), closed repositories (0), parent repositories (0), unsafe repositories (0)
2025-06-03 12:13:07.750 [info] > git rev-parse --show-toplevel [14ms]
2025-06-03 12:13:07.750 [info] fatal: not a git repository (or any parent up to mount point /)
Stopping at filesystem boundary (GIT_DISCOVERY_ACROSS_FILESYSTEM not set).
2025-06-03 12:13:14.587 [info] > git rev-parse --show-toplevel [9ms]
2025-06-03 12:13:14.587 [info] fatal: not a git repository (or any parent up to mount point /)
Stopping at filesystem boundary (GIT_DISCOVERY_ACROSS_FILESYSTEM not set).
2025-06-03 12:13:15.906 [info] > git rev-parse --show-toplevel [20ms]
2025-06-03 12:13:15.906 [info] fatal: not a git repository (or any parent up to mount point /)
Stopping at filesystem boundary (GIT_DISCOVERY_ACROSS_FILESYSTEM not set).
2025-06-03 12:15:43.616 [info] > git rev-parse --show-toplevel [7ms]
2025-06-03 12:15:43.616 [info] fatal: not a git repository (or any parent up to mount point /)
Stopping at filesystem boundary (GIT_DISCOVERY_ACROSS_FILESYSTEM not set).
2025-06-03 12:16:28.559 [info] > git rev-parse --show-toplevel [2ms]
2025-06-03 12:16:28.559 [info] fatal: not a git repository (or any parent up to mount point /)
Stopping at filesystem boundary (GIT_DISCOVERY_ACROSS_FILESYSTEM not set).
2025-06-03 12:16:29.130 [info] > git rev-parse --show-toplevel [2ms]
2025-06-03 12:16:29.130 [info] fatal: not a git repository (or any parent up to mount point /)
Stopping at filesystem boundary (GIT_DISCOVERY_ACROSS_FILESYSTEM not set).
2025-06-03 12:24:16.394 [info] > git rev-parse --show-toplevel [4ms]
2025-06-03 12:24:16.394 [info] fatal: not a git repository (or any parent up to mount point /)
Stopping at filesystem boundary (GIT_DISCOVERY_ACROSS_FILESYSTEM not set).
2025-06-03 12:28:42.672 [info] > git rev-parse --show-toplevel [4ms]
2025-06-03 12:28:42.672 [info] fatal: not a git repository (or any parent up to mount point /)
Stopping at filesystem boundary (GIT_DISCOVERY_ACROSS_FILESYSTEM not set).
2025-06-03 12:28:43.417 [info] > git rev-parse --show-toplevel [4ms]
2025-06-03 12:28:43.417 [info] fatal: not a git repository (or any parent up to mount point /)
Stopping at filesystem boundary (GIT_DISCOVERY_ACROSS_FILESYSTEM not set).
2025-06-03 12:29:51.935 [info] > git rev-parse --show-toplevel [3ms]
2025-06-03 12:29:51.935 [info] fatal: not a git repository (or any parent up to mount point /)
Stopping at filesystem boundary (GIT_DISCOVERY_ACROSS_FILESYSTEM not set).
2025-06-03 12:32:26.393 [info] > git rev-parse --show-toplevel [3ms]
2025-06-03 12:32:26.394 [info] fatal: not a git repository (or any parent up to mount point /)
Stopping at filesystem boundary (GIT_DISCOVERY_ACROSS_FILESYSTEM not set).
2025-06-03 12:32:26.701 [info] > git rev-parse --show-toplevel [2ms]
2025-06-03 12:32:26.702 [info] fatal: not a git repository (or any parent up to mount point /)
Stopping at filesystem boundary (GIT_DISCOVERY_ACROSS_FILESYSTEM not set).
2025-06-03 12:32:32.225 [info] > git rev-parse --show-toplevel [4ms]
2025-06-03 12:32:32.225 [info] fatal: not a git repository (or any parent up to mount point /)
Stopping at filesystem boundary (GIT_DISCOVERY_ACROSS_FILESYSTEM not set).
2025-06-03 12:32:42.341 [info] > git rev-parse --show-toplevel [2ms]
2025-06-03 12:32:42.341 [info] fatal: not a git repository (or any parent up to mount point /)
Stopping at filesystem boundary (GIT_DISCOVERY_ACROSS_FILESYSTEM not set).
2025-06-03 12:38:42.238 [info] > git rev-parse --show-toplevel [5ms]
2025-06-03 12:38:42.238 [info] fatal: not a git repository (or any parent up to mount point /)
Stopping at filesystem boundary (GIT_DISCOVERY_ACROSS_FILESYSTEM not set).
2025-06-03 12:38:54.777 [info] > git rev-parse --show-toplevel [3ms]
2025-06-03 12:38:54.777 [info] fatal: not a git repository (or any parent up to mount point /)
Stopping at filesystem boundary (GIT_DISCOVERY_ACROSS_FILESYSTEM not set).
2025-06-03 12:42:51.762 [info] > git rev-parse --show-toplevel [5ms]
2025-06-03 12:42:51.762 [info] fatal: not a git repository (or any parent up to mount point /)
Stopping at filesystem boundary (GIT_DISCOVERY_ACROSS_FILESYSTEM not set).
2025-06-03 12:42:52.282 [info] > git rev-parse --show-toplevel [3ms]
2025-06-03 12:42:52.282 [info] fatal: not a git repository (or any parent up to mount point /)
Stopping at filesystem boundary (GIT_DISCOVERY_ACROSS_FILESYSTEM not set).
2025-06-03 12:43:00.011 [info] > git rev-parse --show-toplevel [2ms]
2025-06-03 12:43:00.011 [info] fatal: not a git repository (or any parent up to mount point /)
Stopping at filesystem boundary (GIT_DISCOVERY_ACROSS_FILESYSTEM not set).
2025-06-03 12:51:35.497 [info] > git rev-parse --show-toplevel [4ms]
2025-06-03 12:51:35.497 [info] fatal: not a git repository (or any parent up to mount point /)
Stopping at filesystem boundary (GIT_DISCOVERY_ACROSS_FILESYSTEM not set).
2025-06-03 12:51:47.827 [info] > git rev-parse --show-toplevel [2ms]
2025-06-03 12:51:47.827 [info] fatal: not a git repository (or any parent up to mount point /)
Stopping at filesystem boundary (GIT_DISCOVERY_ACROSS_FILESYSTEM not set).
2025-06-03 12:58:32.957 [info] > git rev-parse --show-toplevel [3ms]
2025-06-03 12:58:32.957 [info] fatal: not a git repository (or any parent up to mount point /)
Stopping at filesystem boundary (GIT_DISCOVERY_ACROSS_FILESYSTEM not set).
2025-06-03 12:59:51.245 [info] > git rev-parse --show-toplevel [2ms]
2025-06-03 12:59:51.245 [info] fatal: not a git repository (or any parent up to mount point /)
Stopping at filesystem boundary (GIT_DISCOVERY_ACROSS_FILESYSTEM not set).
2025-06-03 13:00:50.316 [info] > git rev-parse --show-toplevel [2ms]
2025-06-03 13:00:50.316 [info] fatal: not a git repository (or any parent up to mount point /)
Stopping at filesystem boundary (GIT_DISCOVERY_ACROSS_FILESYSTEM not set).
2025-06-03 13:01:26.021 [info] > git rev-parse --show-toplevel [2ms]
2025-06-03 13:01:26.021 [info] fatal: not a git repository (or any parent up to mount point /)
Stopping at filesystem boundary (GIT_DISCOVERY_ACROSS_FILESYSTEM not set).
2025-06-03 13:03:11.040 [info] > git rev-parse --show-toplevel [4ms]
2025-06-03 13:03:11.040 [info] fatal: not a git repository (or any parent up to mount point /)
Stopping at filesystem boundary (GIT_DISCOVERY_ACROSS_FILESYSTEM not set).
2025-06-03 13:03:12.196 [info] > git rev-parse --show-toplevel [3ms]
2025-06-03 13:03:12.196 [info] fatal: not a git repository (or any parent up to mount point /)
Stopping at filesystem boundary (GIT_DISCOVERY_ACROSS_FILESYSTEM not set).
2025-06-03 13:04:22.185 [info] > git rev-parse --show-toplevel [3ms]
2025-06-03 13:04:22.185 [info] fatal: not a git repository (or any parent up to mount point /)
Stopping at filesystem boundary (GIT_DISCOVERY_ACROSS_FILESYSTEM not set).
