2025-08-17 11:04:43.251 [info] [main] Log level: Info
2025-08-17 11:04:43.251 [info] [main] Validating found git in: "git"
2025-08-17 11:04:43.251 [info] [main] Using git "2.43.0" from "git"
2025-08-17 11:04:43.251 [info] [Model][doInitialScan] Initial repository scan started
2025-08-17 11:04:43.251 [info] > git rev-parse --show-toplevel [103ms]
2025-08-17 11:04:43.251 [info] fatal: not a git repository (or any parent up to mount point /)
Stopping at filesystem boundary (GIT_DISCOVERY_ACROSS_FILESYSTEM not set).
2025-08-17 11:04:43.251 [info] > git rev-parse --show-toplevel [73ms]
2025-08-17 11:04:43.251 [info] fatal: not a git repository (or any parent up to mount point /)
Stopping at filesystem boundary (GIT_DISCOVERY_ACROSS_FILESYSTEM not set).
2025-08-17 11:04:43.297 [info] > git rev-parse --show-toplevel [2ms]
2025-08-17 11:04:43.297 [info] fatal: not a git repository (or any parent up to mount point /)
Stopping at filesystem boundary (GIT_DISCOVERY_ACROSS_FILESYSTEM not set).
2025-08-17 11:04:43.311 [info] > git rev-parse --show-toplevel [3ms]
2025-08-17 11:04:43.312 [info] fatal: not a git repository (or any parent up to mount point /)
Stopping at filesystem boundary (GIT_DISCOVERY_ACROSS_FILESYSTEM not set).
2025-08-17 11:04:43.326 [info] > git rev-parse --show-toplevel [2ms]
2025-08-17 11:04:43.326 [info] fatal: not a git repository (or any parent up to mount point /)
Stopping at filesystem boundary (GIT_DISCOVERY_ACROSS_FILESYSTEM not set).
2025-08-17 11:04:43.339 [info] > git rev-parse --show-toplevel [2ms]
2025-08-17 11:04:43.339 [info] fatal: not a git repository (or any parent up to mount point /)
Stopping at filesystem boundary (GIT_DISCOVERY_ACROSS_FILESYSTEM not set).
2025-08-17 11:04:43.361 [info] > git rev-parse --show-toplevel [12ms]
2025-08-17 11:04:43.361 [info] fatal: not a git repository (or any parent up to mount point /)
Stopping at filesystem boundary (GIT_DISCOVERY_ACROSS_FILESYSTEM not set).
2025-08-17 11:04:43.375 [info] > git rev-parse --show-toplevel [1ms]
2025-08-17 11:04:43.375 [info] fatal: not a git repository (or any parent up to mount point /)
Stopping at filesystem boundary (GIT_DISCOVERY_ACROSS_FILESYSTEM not set).
2025-08-17 11:04:43.388 [info] > git rev-parse --show-toplevel [2ms]
2025-08-17 11:04:43.388 [info] fatal: not a git repository (or any parent up to mount point /)
Stopping at filesystem boundary (GIT_DISCOVERY_ACROSS_FILESYSTEM not set).
2025-08-17 11:04:43.400 [info] > git rev-parse --show-toplevel [2ms]
2025-08-17 11:04:43.400 [info] fatal: not a git repository (or any parent up to mount point /)
Stopping at filesystem boundary (GIT_DISCOVERY_ACROSS_FILESYSTEM not set).
2025-08-17 11:04:43.412 [info] > git rev-parse --show-toplevel [2ms]
2025-08-17 11:04:43.412 [info] fatal: not a git repository (or any parent up to mount point /)
Stopping at filesystem boundary (GIT_DISCOVERY_ACROSS_FILESYSTEM not set).
2025-08-17 11:04:43.425 [info] > git rev-parse --show-toplevel [2ms]
2025-08-17 11:04:43.425 [info] fatal: not a git repository (or any parent up to mount point /)
Stopping at filesystem boundary (GIT_DISCOVERY_ACROSS_FILESYSTEM not set).
2025-08-17 11:04:43.437 [info] > git rev-parse --show-toplevel [2ms]
2025-08-17 11:04:43.437 [info] fatal: not a git repository (or any parent up to mount point /)
Stopping at filesystem boundary (GIT_DISCOVERY_ACROSS_FILESYSTEM not set).
2025-08-17 11:04:43.448 [info] > git rev-parse --show-toplevel [2ms]
2025-08-17 11:04:43.448 [info] fatal: not a git repository (or any parent up to mount point /)
Stopping at filesystem boundary (GIT_DISCOVERY_ACROSS_FILESYSTEM not set).
2025-08-17 11:04:43.459 [info] > git rev-parse --show-toplevel [2ms]
2025-08-17 11:04:43.459 [info] fatal: not a git repository (or any parent up to mount point /)
Stopping at filesystem boundary (GIT_DISCOVERY_ACROSS_FILESYSTEM not set).
2025-08-17 11:04:43.484 [info] > git rev-parse --show-toplevel [15ms]
2025-08-17 11:04:43.484 [info] fatal: not a git repository (or any parent up to mount point /)
Stopping at filesystem boundary (GIT_DISCOVERY_ACROSS_FILESYSTEM not set).
2025-08-17 11:04:43.485 [info] [Model][doInitialScan] Initial repository scan completed - repositories (0), closed repositories (0), parent repositories (0), unsafe repositories (0)
