2025-08-20 18:08:02.539 [info] Extension host with pid 8077 started
2025-08-20 18:08:02.539 [error] Error: EEXIST: file already exists, open '/home/shaiksahil0911/.codeoss/data/User/workspaceStorage/-1e1ed0aa/vscode.lock'
2025-08-20 18:08:02.539 [info] Lock '/home/shaiksahil0911/.codeoss/data/User/workspaceStorage/-1e1ed0aa/vscode.lock': Could not acquire lock, checking if the file is stale.
2025-08-20 18:08:02.544 [info] Lock '/home/shaiksahil0911/.codeoss/data/User/workspaceStorage/-1e1ed0aa/vscode.lock': The lock does not look stale, elapsed: 301 ms, giving up.
2025-08-20 18:08:02.572 [info] Lock '/home/shaiksahil0911/.codeoss/data/User/workspaceStorage/-1e1ed0aa-1/vscode.lock': Lock acquired.
2025-08-20 18:08:02.682 [info] ExtensionService#_doActivateExtension vscode.emmet, startup: false, activationEvent: 'onLanguage'
2025-08-20 18:08:02.684 [info] ExtensionService#_doActivateExtension ms-python.python, startup: false, activationEvent: 'onLanguage:python'
2025-08-20 18:08:02.684 [info] ExtensionService#_doActivateExtension vscode.configuration-editing, startup: false, activationEvent: 'onLanguage:jsonc'
2025-08-20 18:08:02.685 [info] ExtensionService#_doActivateExtension vscode.json-language-features, startup: false, activationEvent: 'onLanguage:jsonc'
2025-08-20 18:08:02.685 [info] ExtensionService#_doActivateExtension vscode.typescript-language-features, startup: false, activationEvent: 'onLanguage:jsonc'
2025-08-20 18:08:03.281 [info] ExtensionService#_doActivateExtension google.cloud-shell, startup: false, activationEvent: 'onTerminalProfile:cloudshell.default'
2025-08-20 18:08:03.415 [error] Error: spawn /google/devshell/editor/code-oss-for-cloud-shell/extensions/ms-python.python/python-env-tools/bin/pet ENOENT
	at ChildProcess._handle.onexit (node:internal/child_process:285:19)
	at onErrorNT (node:internal/child_process:483:16)
	at process.processTicksAndRejections (node:internal/process/task_queues:82:21)
2025-08-20 18:08:03.687 [info] ExtensionService#_doActivateExtension vscode.git-base, startup: true, activationEvent: '*', root cause: vscode.git
2025-08-20 18:08:03.787 [info] ExtensionService#_doActivateExtension vscode.git, startup: true, activationEvent: '*'
2025-08-20 18:08:03.788 [info] ExtensionService#_doActivateExtension vscode.github, startup: true, activationEvent: '*'
2025-08-20 18:08:03.998 [info] Eager extensions activated
2025-08-20 18:08:03.998 [info] ExtensionService#_doActivateExtension EditorConfig.EditorConfig, startup: false, activationEvent: 'onStartupFinished'
2025-08-20 18:08:03.998 [info] ExtensionService#_doActivateExtension google.geminicodeassist, startup: false, activationEvent: 'onStartupFinished', root cause: googlecloudtools.cloudcode
2025-08-20 18:08:03.999 [info] ExtensionService#_doActivateExtension vscode.debug-auto-launch, startup: false, activationEvent: 'onStartupFinished'
2025-08-20 18:08:03.999 [info] ExtensionService#_doActivateExtension vscode.merge-conflict, startup: false, activationEvent: 'onStartupFinished'
2025-08-20 18:08:07.409 [info] ExtensionService#_doActivateExtension googlecloudtools.cloudcode, startup: false, activationEvent: 'onStartupFinished'
2025-08-20 18:18:59.614 [info] Extension host terminating: received terminate message from renderer
2025-08-20 18:18:59.615 [info] Lock '/home/shaiksahil0911/.codeoss/data/User/workspaceStorage/-1e1ed0aa-1/vscode.lock': Marking the lockfile as scheduled to be released in 6000 ms.
2025-08-20 18:18:59.707 [error] Error: Channel has been closed
    at s (file:///google/devshell/editor/code-oss-for-cloud-shell/out/vs/workbench/api/node/extensionHostProcess.js:125:2431)
    at Object.append (file:///google/devshell/editor/code-oss-for-cloud-shell/out/vs/workbench/api/node/extensionHostProcess.js:125:2528)
    at t.FileLoggableOutputChannel.append (/google/devshell/editor/code-oss-for-cloud-shell/extensions/geminicodeassist/dist/webpack:/src/packages/utils/loggable_output_channel.ts:35:30)
    at Socket.<anonymous> (/google/devshell/editor/code-oss-for-cloud-shell/extensions/geminicodeassist/dist/webpack:/node_modules/vscode-languageclient/lib/node/main.js:430:80)
    at Socket.emit (node:events:524:28)
    at addChunk (node:internal/streams/readable:561:12)
    at readableAddChunkPushByteMode (node:internal/streams/readable:512:3)
    at Socket.Readable.push (node:internal/streams/readable:392:5)
    at Pipe.onStreamRead (node:internal/stream_base_commons:191:23)
2025-08-20 18:18:59.721 [error] Error: Channel has been closed
    at s (file:///google/devshell/editor/code-oss-for-cloud-shell/out/vs/workbench/api/node/extensionHostProcess.js:125:2431)
    at Object.append (file:///google/devshell/editor/code-oss-for-cloud-shell/out/vs/workbench/api/node/extensionHostProcess.js:125:2528)
    at t.FileLoggableOutputChannel.append (/google/devshell/editor/code-oss-for-cloud-shell/extensions/geminicodeassist/dist/webpack:/src/packages/utils/loggable_output_channel.ts:35:30)
    at Socket.<anonymous> (/google/devshell/editor/code-oss-for-cloud-shell/extensions/geminicodeassist/dist/webpack:/node_modules/vscode-languageclient/lib/node/main.js:430:80)
    at Socket.emit (node:events:524:28)
    at addChunk (node:internal/streams/readable:561:12)
    at readableAddChunkPushByteMode (node:internal/streams/readable:512:3)
    at Socket.Readable.push (node:internal/streams/readable:392:5)
    at Pipe.onStreamRead (node:internal/stream_base_commons:191:23)
2025-08-20 18:18:59.728 [error] Error: Channel has been closed
    at s (file:///google/devshell/editor/code-oss-for-cloud-shell/out/vs/workbench/api/node/extensionHostProcess.js:125:2431)
    at Object.appendLine (file:///google/devshell/editor/code-oss-for-cloud-shell/out/vs/workbench/api/node/extensionHostProcess.js:125:2570)
    at R.logOutputMessage (/google/devshell/editor/code-oss-for-cloud-shell/extensions/json-language-features/client/dist/node/jsonClientMain.js:2:316524)
    at R.info (/google/devshell/editor/code-oss-for-cloud-shell/extensions/json-language-features/client/dist/node/jsonClientMain.js:2:316257)
    at ChildProcess.<anonymous> (/google/devshell/editor/code-oss-for-cloud-shell/extensions/json-language-features/client/dist/node/jsonClientMain.js:2:540530)
    at ChildProcess.emit (node:events:524:28)
    at Process.ChildProcess._handle.onexit (node:internal/child_process:293:12)
2025-08-20 18:18:59.735 [info] Extension host with pid 8077 exiting with code 0
