2025-08-20 18:19:10.633 [info] [main] Log level: Info
2025-08-20 18:19:10.633 [info] [main] Validating found git in: "git"
2025-08-20 18:19:10.633 [info] [main] Using git "2.43.0" from "git"
2025-08-20 18:19:10.633 [info] [Model][doInitialScan] Initial repository scan started
2025-08-20 18:19:10.633 [info] > git rev-parse --show-toplevel [3132ms]
2025-08-20 18:19:10.633 [info] fatal: not a git repository (or any parent up to mount point /)
Stopping at filesystem boundary (GIT_DISCOVERY_ACROSS_FILESYSTEM not set).
2025-08-20 18:19:10.633 [info] > git rev-parse --show-toplevel [119ms]
2025-08-20 18:19:10.633 [info] fatal: not a git repository (or any parent up to mount point /)
Stopping at filesystem boundary (GIT_DISCOVERY_ACROSS_FILESYSTEM not set).
2025-08-20 18:19:10.633 [info] > git rev-parse --show-toplevel [13ms]
2025-08-20 18:19:10.633 [info] fatal: not a git repository (or any parent up to mount point /)
Stopping at filesystem boundary (GIT_DISCOVERY_ACROSS_FILESYSTEM not set).
2025-08-20 18:19:11.033 [info] > git rev-parse --show-toplevel [11ms]
2025-08-20 18:19:11.034 [info] fatal: not a git repository (or any parent up to mount point /)
Stopping at filesystem boundary (GIT_DISCOVERY_ACROSS_FILESYSTEM not set).
2025-08-20 18:19:11.045 [info] > git rev-parse --show-toplevel [2ms]
2025-08-20 18:19:11.045 [info] fatal: not a git repository (or any parent up to mount point /)
Stopping at filesystem boundary (GIT_DISCOVERY_ACROSS_FILESYSTEM not set).
2025-08-20 18:19:11.052 [info] > git rev-parse --show-toplevel [2ms]
2025-08-20 18:19:11.052 [info] fatal: not a git repository (or any parent up to mount point /)
Stopping at filesystem boundary (GIT_DISCOVERY_ACROSS_FILESYSTEM not set).
2025-08-20 18:19:11.058 [info] > git rev-parse --show-toplevel [2ms]
2025-08-20 18:19:11.058 [info] fatal: not a git repository (or any parent up to mount point /)
Stopping at filesystem boundary (GIT_DISCOVERY_ACROSS_FILESYSTEM not set).
2025-08-20 18:19:11.063 [info] > git rev-parse --show-toplevel [1ms]
2025-08-20 18:19:11.063 [info] fatal: not a git repository (or any parent up to mount point /)
Stopping at filesystem boundary (GIT_DISCOVERY_ACROSS_FILESYSTEM not set).
2025-08-20 18:19:11.069 [info] > git rev-parse --show-toplevel [2ms]
2025-08-20 18:19:11.069 [info] fatal: not a git repository (or any parent up to mount point /)
Stopping at filesystem boundary (GIT_DISCOVERY_ACROSS_FILESYSTEM not set).
2025-08-20 18:19:11.085 [info] > git rev-parse --show-toplevel [10ms]
2025-08-20 18:19:11.085 [info] fatal: not a git repository (or any parent up to mount point /)
Stopping at filesystem boundary (GIT_DISCOVERY_ACROSS_FILESYSTEM not set).
2025-08-20 18:19:11.094 [info] > git rev-parse --show-toplevel [4ms]
2025-08-20 18:19:11.094 [info] fatal: not a git repository (or any parent up to mount point /)
Stopping at filesystem boundary (GIT_DISCOVERY_ACROSS_FILESYSTEM not set).
2025-08-20 18:19:11.101 [info] > git rev-parse --show-toplevel [3ms]
2025-08-20 18:19:11.101 [info] fatal: not a git repository (or any parent up to mount point /)
Stopping at filesystem boundary (GIT_DISCOVERY_ACROSS_FILESYSTEM not set).
2025-08-20 18:19:11.109 [info] > git rev-parse --show-toplevel [3ms]
2025-08-20 18:19:11.109 [info] fatal: not a git repository (or any parent up to mount point /)
Stopping at filesystem boundary (GIT_DISCOVERY_ACROSS_FILESYSTEM not set).
2025-08-20 18:19:11.115 [info] > git rev-parse --show-toplevel [2ms]
2025-08-20 18:19:11.115 [info] fatal: not a git repository (or any parent up to mount point /)
Stopping at filesystem boundary (GIT_DISCOVERY_ACROSS_FILESYSTEM not set).
2025-08-20 18:19:11.125 [info] > git rev-parse --show-toplevel [5ms]
2025-08-20 18:19:11.125 [info] fatal: not a git repository (or any parent up to mount point /)
Stopping at filesystem boundary (GIT_DISCOVERY_ACROSS_FILESYSTEM not set).
2025-08-20 18:19:11.133 [info] > git rev-parse --show-toplevel [4ms]
2025-08-20 18:19:11.133 [info] fatal: not a git repository (or any parent up to mount point /)
Stopping at filesystem boundary (GIT_DISCOVERY_ACROSS_FILESYSTEM not set).
2025-08-20 18:19:11.140 [info] > git rev-parse --show-toplevel [1ms]
2025-08-20 18:19:11.140 [info] fatal: not a git repository (or any parent up to mount point /)
Stopping at filesystem boundary (GIT_DISCOVERY_ACROSS_FILESYSTEM not set).
2025-08-20 18:19:11.140 [info] [Model][doInitialScan] Initial repository scan completed - repositories (0), closed repositories (0), parent repositories (0), unsafe repositories (0)
2025-08-20 19:11:31.099 [info] > git rev-parse --show-toplevel [4ms]
2025-08-20 19:11:31.099 [info] fatal: not a git repository (or any parent up to mount point /)
Stopping at filesystem boundary (GIT_DISCOVERY_ACROSS_FILESYSTEM not set).
2025-08-20 19:12:10.467 [info] > git rev-parse --show-toplevel [3ms]
2025-08-20 19:12:10.467 [info] fatal: not a git repository (or any parent up to mount point /)
Stopping at filesystem boundary (GIT_DISCOVERY_ACROSS_FILESYSTEM not set).
2025-08-20 19:16:55.801 [info] > git rev-parse --show-toplevel [3ms]
2025-08-20 19:16:55.801 [info] fatal: not a git repository (or any parent up to mount point /)
Stopping at filesystem boundary (GIT_DISCOVERY_ACROSS_FILESYSTEM not set).
