Initializing document watcher...
Document watcher initialized
shaiksahil0911/pathpilot/app/models.py: {}
shaiksahil0911/pathpilot/app/models.py: {}
shaiksahil0911/pathpilot/app/models.py: {}
shaiksahil0911/pathpilot/pathpilot/settings.py: {}
shaiksahil0911/pathpilot/pathpilot/settings.py: Using EditorConfig core...
shaiksahil0911/pathpilot/pathpilot/settings.py: Using EditorConfig core...
shaiksahil0911/pathpilot/pathpilot/settings.py: {}
shaiksahil0911/pathpilot/pathpilot/settings.py: {}
shaiksahil0911/pathpilot/pathpilot/settings.py: Using EditorConfig core...
shaiksahil0911/pathpilot/pathpilot/settings.py: {}
shaiksahil0911/pathpilot/pathpilot/settings.py: Using EditorConfig core...
shaiksahil0911/pathpilot/pathpilot/settings.py: Using EditorConfig core...
shaiksahil0911/pathpilot/pathpilot/settings.py: {}
shaiksahil0911/pathpilot/pathpilot/settings.py: Using EditorConfig core...
shaiksahil0911/pathpilot/pathpilot/settings.py: Using EditorConfig core...
shaiksahil0911/pathpilot/pathpilot/settings.py: {}
shaiksahil0911/pathpilot/pathpilot/settings.py: Using EditorConfig core...
shaiksahil0911/pathpilot/pathpilot/settings.py: {}
shaiksahil0911/pathpilot/pathpilot/settings.py: Using EditorConfig core...
