2025-06-02 17:32:39.985 [info] [main] Log level: Info
2025-06-02 17:32:39.985 [info] [main] Validating found git in: "git"
2025-06-02 17:32:39.985 [info] [main] Using git "2.43.0" from "git"
2025-06-02 17:32:39.985 [info] [Model][doInitialScan] Initial repository scan started
2025-06-02 17:32:39.985 [info] > git rev-parse --show-toplevel [64ms]
2025-06-02 17:32:39.985 [info] fatal: not a git repository (or any parent up to mount point /)
Stopping at filesystem boundary (GIT_DISCOVERY_ACROSS_FILESYSTEM not set).
2025-06-02 17:32:39.985 [info] > git rev-parse --show-toplevel [19ms]
2025-06-02 17:32:39.985 [info] fatal: not a git repository (or any parent up to mount point /)
Stopping at filesystem boundary (GIT_DISCOVERY_ACROSS_FILESYSTEM not set).
2025-06-02 17:32:42.446 [info] > git rev-parse --show-toplevel [9ms]
2025-06-02 17:32:42.446 [info] fatal: not a git repository (or any parent up to mount point /)
Stopping at filesystem boundary (GIT_DISCOVERY_ACROSS_FILESYSTEM not set).
2025-06-02 17:32:42.458 [info] > git rev-parse --show-toplevel [3ms]
2025-06-02 17:32:42.458 [info] fatal: not a git repository (or any parent up to mount point /)
Stopping at filesystem boundary (GIT_DISCOVERY_ACROSS_FILESYSTEM not set).
2025-06-02 17:32:42.466 [info] > git rev-parse --show-toplevel [2ms]
2025-06-02 17:32:42.466 [info] fatal: not a git repository (or any parent up to mount point /)
Stopping at filesystem boundary (GIT_DISCOVERY_ACROSS_FILESYSTEM not set).
2025-06-02 17:32:42.474 [info] > git rev-parse --show-toplevel [2ms]
2025-06-02 17:32:42.474 [info] fatal: not a git repository (or any parent up to mount point /)
Stopping at filesystem boundary (GIT_DISCOVERY_ACROSS_FILESYSTEM not set).
2025-06-02 17:32:42.482 [info] > git rev-parse --show-toplevel [2ms]
2025-06-02 17:32:42.482 [info] fatal: not a git repository (or any parent up to mount point /)
Stopping at filesystem boundary (GIT_DISCOVERY_ACROSS_FILESYSTEM not set).
2025-06-02 17:32:42.489 [info] > git rev-parse --show-toplevel [2ms]
2025-06-02 17:32:42.489 [info] fatal: not a git repository (or any parent up to mount point /)
Stopping at filesystem boundary (GIT_DISCOVERY_ACROSS_FILESYSTEM not set).
2025-06-02 17:32:42.497 [info] > git rev-parse --show-toplevel [2ms]
2025-06-02 17:32:42.497 [info] fatal: not a git repository (or any parent up to mount point /)
Stopping at filesystem boundary (GIT_DISCOVERY_ACROSS_FILESYSTEM not set).
2025-06-02 17:32:42.505 [info] > git rev-parse --show-toplevel [2ms]
2025-06-02 17:32:42.505 [info] fatal: not a git repository (or any parent up to mount point /)
Stopping at filesystem boundary (GIT_DISCOVERY_ACROSS_FILESYSTEM not set).
2025-06-02 17:32:42.517 [info] > git rev-parse --show-toplevel [5ms]
2025-06-02 17:32:42.518 [info] fatal: not a git repository (or any parent up to mount point /)
Stopping at filesystem boundary (GIT_DISCOVERY_ACROSS_FILESYSTEM not set).
2025-06-02 17:32:42.527 [info] > git rev-parse --show-toplevel [2ms]
2025-06-02 17:32:42.527 [info] fatal: not a git repository (or any parent up to mount point /)
Stopping at filesystem boundary (GIT_DISCOVERY_ACROSS_FILESYSTEM not set).
2025-06-02 17:32:42.535 [info] > git rev-parse --show-toplevel [2ms]
2025-06-02 17:32:42.536 [info] fatal: not a git repository (or any parent up to mount point /)
Stopping at filesystem boundary (GIT_DISCOVERY_ACROSS_FILESYSTEM not set).
2025-06-02 17:32:42.536 [info] [Model][doInitialScan] Initial repository scan completed - repositories (0), closed repositories (0), parent repositories (0), unsafe repositories (0)
