0 verbose cli /usr/local/nvm/versions/node/v22.18.0/bin/node /usr/local/nvm/versions/node/v22.18.0/bin/npm
0 verbose cli /usr/local/nvm/versions/node/v22.18.0/bin/node /usr/local/nvm/versions/node/v22.18.0/bin/npm
1 info using npm@11.5.2
1 info using npm@11.5.2
2 info using node@v22.18.0
2 info using node@v22.18.0
3 silly config load:file:/usr/local/nvm/versions/node/v22.18.0/lib/node_modules/npm/npmrc
3 silly config load:file:/usr/local/nvm/versions/node/v22.18.0/lib/node_modules/npm/npmrc
4 silly config load:file:/home/shaiksahil0911/.npmrc
4 silly config load:file:/home/shaiksahil0911/.npmrc
5 silly config load:file:/usr/local/nvm/versions/node/v22.18.0/etc/npmrc
5 silly config load:file:/usr/local/nvm/versions/node/v22.18.0/etc/npmrc
6 verbose title npm config get prefix
6 verbose title npm config get prefix
7 verbose argv "config" "--loglevel" "warn" "get" "prefix"
7 verbose argv "config" "--loglevel" "warn" "get" "prefix"
8 verbose logfile logs-max:10 dir:/home/shaiksahil0911/.npm/_logs/2025-08-21T02_04_59_333Z-
8 verbose logfile logs-max:10 dir:/home/shaiksahil0911/.npm/_logs/2025-08-21T02_04_59_333Z-
9 verbose logfile /home/shaiksahil0911/.npm/_logs/2025-08-21T02_04_59_333Z-debug-0.log
9 verbose logfile /home/shaiksahil0911/.npm/_logs/2025-08-21T02_04_59_333Z-debug-0.log
10 silly logfile start cleaning logs, removing 80 files
10 silly logfile start cleaning logs, removing 80 files
11 verbose cwd /home/shaiksahil0911
12 verbose os Linux 6.6.97+
13 verbose node v22.18.0
14 verbose npm  v11.5.2
15 verbose exit 0
16 info ok
11 verbose cwd /home/shaiksahil0911
12 verbose os Linux 6.6.97+
13 verbose node v22.18.0
14 verbose npm  v11.5.2
15 verbose exit 0
16 info ok
