Initializing document watcher...
Document watcher initialized
shaiksahil0911/pathpilot/pathpilot/settings.py: {}
shaiksahil0911/pathpilot/pathpilot/settings.py: {}
shaiksahil0911/pathpilot/Dockerfile: {}
shaiksahil0911/pathpilot/Dockerfile: {}
shaiksahil0911/pathpilot/Dockerfile: {}
shaiksahil0911/pathpilot/Dockerfile: {}
shaiksahil0911/pathpilot/service.yaml: {}
shaiksahil0911/pathpilot/service.yaml: Using EditorConfig core...
shaiksahil0911/pathpilot/service.yaml: {}
shaiksahil0911/pathpilot/app/views.py: {}
shaiksahil0911/pathpilot/app/views.py: {}
shaiksahil0911/pathpilot/app/views.py: {}
shaiksahil0911/pathpilot/app/views.py: {}
shaiksahil0911/pathpilot/app/views.py: {}
shaiksahil0911/pathpilot/app/views.py: Using EditorConfig core...
shaiksahil0911/pathpilot/app/models.py: {}
shaiksahil0911/pathpilot/app/models.py: {}
shaiksahil0911/pathpilot/app/models.py: {}
shaiksahil0911/pathpilot/app/views.py: {}
shaiksahil0911/pathpilot/app/views.py: {}
shaiksahil0911/pathpilot/app/views.py: {}
shaiksahil0911/pathpilot/app/models.py: {}
shaiksahil0911/pathpilot/app/models.py: Using EditorConfig core...
shaiksahil0911/pathpilot/app/ml_service.py: {}
shaiksahil0911/pathpilot/app/ml_service.py: {}
shaiksahil0911/pathpilot/app/ml_service.py: {}
shaiksahil0911/pathpilot/app/ml_service.py: Using EditorConfig core...
shaiksahil0911/pathpilot/app/ml_service.py: {}
shaiksahil0911/pathpilot/app/ml_service.py: {}
shaiksahil0911/pathpilot/app/ml_service.py: Using EditorConfig core...
shaiksahil0911/pathpilot/app/views.py: {}
shaiksahil0911/pathpilot/app/views.py: Using EditorConfig core...
shaiksahil0911/pathpilot/app/views.py: {}
shaiksahil0911/pathpilot/app/views.py: {}
shaiksahil0911/pathpilot/app/views.py: {}
shaiksahil0911/pathpilot/app/models.py: {}
shaiksahil0911/pathpilot/app/models.py: Using EditorConfig core...
shaiksahil0911/pathpilot/app/models.py: {}
shaiksahil0911/pathpilot/app/models.py: {}
shaiksahil0911/pathpilot/app/views.py: {}
shaiksahil0911/pathpilot/app/views.py: Using EditorConfig core...
shaiksahil0911/pathpilot/app/models.py: {}
shaiksahil0911/pathpilot/app/models.py: {}
shaiksahil0911/pathpilot/app/ml_service.py: {}
shaiksahil0911/pathpilot/app/ml_service.py: {}
shaiksahil0911/pathpilot/app/ml_service.py: {}
shaiksahil0911/pathpilot/app/ml_service.py: Using EditorConfig core...
shaiksahil0911/pathpilot/app/ml_service.py: Using EditorConfig core...
shaiksahil0911/pathpilot/app/models.py: {}
shaiksahil0911/pathpilot/app/models.py: Using EditorConfig core...
shaiksahil0911/pathpilot/app/models.py: Using EditorConfig core...
shaiksahil0911/pathpilot/app/models.py: Using EditorConfig core...
shaiksahil0911/pathpilot/app/ml_service.py: {}
shaiksahil0911/pathpilot/app/ml_service.py: {}
shaiksahil0911/pathpilot/app/ml_service.py: {}
shaiksahil0911/pathpilot/app/models.py: {}
shaiksahil0911/pathpilot/app/models.py: Using EditorConfig core...
shaiksahil0911/pathpilot/app/models.py: Using EditorConfig core...
shaiksahil0911/pathpilot/app/models.py: Using EditorConfig core...
shaiksahil0911/pathpilot/app/models.py: Using EditorConfig core...
shaiksahil0911/pathpilot/app/models.py: Using EditorConfig core...
shaiksahil0911/pathpilot/app/models.py: {}
shaiksahil0911/pathpilot/app/ml_service.py: {}
shaiksahil0911/pathpilot/app/ml_service.py: {}
shaiksahil0911/pathpilot/app/ml_service.py: {}
shaiksahil0911/pathpilot/app/ml_service.py: Using EditorConfig core...
shaiksahil0911/pathpilot/pathpilot/settings.py: {}
shaiksahil0911/pathpilot/pathpilot/settings.py: Using EditorConfig core...
shaiksahil0911/pathpilot/pathpilot/settings.py: Using EditorConfig core...
shaiksahil0911/pathpilot/pathpilot/settings.py: {}
shaiksahil0911/pathpilot/app/ml_service.py: {}
shaiksahil0911/pathpilot/app/ml_service.py: {}
shaiksahil0911/pathpilot/app/ml_service.py: {}
shaiksahil0911/pathpilot/app/ml_service.py: {}
shaiksahil0911/pathpilot/app/ml_service.py: {}
shaiksahil0911/service.yaml: {}
shaiksahil0911/service.yaml: {}
shaiksahil0911/careerpath-469205-eb2e7e6a8ebf.json: {}
shaiksahil0911/careerpath-469205-eb2e7e6a8ebf.json: {}
shaiksahil0911/careerpath-469205-eb2e7e6a8ebf.json: {}
shaiksahil0911/careerpath-469205-eb2e7e6a8ebf.json: {}
shaiksahil0911/careerpath-469205-eb2e7e6a8ebf.json: {}
shaiksahil0911/careerpath-469205-eb2e7e6a8ebf.json: {}
shaiksahil0911/careerpath-469205-eb2e7e6a8ebf.json: {}
shaiksahil0911/careerpath-469205-eb2e7e6a8ebf.json: {}
shaiksahil0911/pathpilot/service.yaml: {}
shaiksahil0911/careerpath-469205-eb2e7e6a8ebf.json: {}
shaiksahil0911/pathpilot/app/ml_service.py: {}
shaiksahil0911/pathpilot/app/ml_service.py: {}
shaiksahil0911/pathpilot/app/ml_service.py: {}
shaiksahil0911/careerpath-469205-eb2e7e6a8ebf.json: {}
shaiksahil0911/careerpath-469205-eb2e7e6a8ebf.json: {}
shaiksahil0911/pathpilot/app/ml_service.py: {}
shaiksahil0911/pathpilot/app/ml_service.py: Using EditorConfig core...
shaiksahil0911/pathpilot/app/ml_service.py: {}
shaiksahil0911/pathpilot/app/ml_service.py: Using EditorConfig core...
shaiksahil0911/pathpilot/app/ml_service.py: {}
shaiksahil0911/pathpilot/app/ml_service.py: {}
shaiksahil0911/pathpilot/app/ml_service.py: Using EditorConfig core...
shaiksahil0911/pathpilot/app/ml_service.py: Using EditorConfig core...
shaiksahil0911/pathpilot/app/ml_service.py: {}
shaiksahil0911/pathpilot/app/ml_service.py: Using EditorConfig core...
shaiksahil0911/pathpilot/app/ml_service.py: {}
shaiksahil0911/pathpilot/app/ml_service.py: {}
shaiksahil0911/pathpilot/app/ml_service.py: {}
shaiksahil0911/pathpilot/app/ml_service.py: Using EditorConfig core...
shaiksahil0911/pathpilot/app/ml_service.py: {}
shaiksahil0911/pathpilot/app/ml_service.py: Using EditorConfig core...
shaiksahil0911/pathpilot/app/ml_service.py: {}
shaiksahil0911/pathpilot/app/models.py: {}
shaiksahil0911/pathpilot/app/models.py: {}
shaiksahil0911/pathpilot/app/models.py: {}
shaiksahil0911/pathpilot/app/models.py: {}
shaiksahil0911/pathpilot/app/models.py: Using EditorConfig core...
shaiksahil0911/pathpilot/app/models.py: {}
shaiksahil0911/pathpilot/app/views.py: {}
shaiksahil0911/pathpilot/app/views.py: {}
shaiksahil0911/pathpilot/app/views.py: {}
shaiksahil0911/pathpilot/app/views.py: Using EditorConfig core...
shaiksahil0911/pathpilot/app/views.py: {}
shaiksahil0911/pathpilot/app/views.py: {}
shaiksahil0911/pathpilot/app/views.py: {}
shaiksahil0911/pathpilot/app/models.py: {}
shaiksahil0911/pathpilot/app/models.py: {}
shaiksahil0911/pathpilot/app/models.py: {}
shaiksahil0911/pathpilot/app/models.py: {}
shaiksahil0911/pathpilot/app/models.py: {}
shaiksahil0911/pathpilot/app/ml_service.py: {}
shaiksahil0911/pathpilot/app/ml_service.py: Using EditorConfig core...
shaiksahil0911/pathpilot/app/ml_service.py: Using EditorConfig core...
shaiksahil0911/pathpilot/app/ml_service.py: {}
shaiksahil0911/pathpilot/app/ml_service.py: {}
shaiksahil0911/pathpilot/app/models.py: {}
shaiksahil0911/pathpilot/app/models.py: Using EditorConfig core...
shaiksahil0911/pathpilot/app/models.py: Using EditorConfig core...
shaiksahil0911/pathpilot/app/models.py: {}
shaiksahil0911/pathpilot/app/views.py: {}
shaiksahil0911/pathpilot/app/views.py: {}
shaiksahil0911/pathpilot/app/views.py: {}
shaiksahil0911/pathpilot/app/templates/fraud_detection/job_detail.html: {}
shaiksahil0911/pathpilot/app/templates/fraud_detection/job_detail.html: {}
shaiksahil0911/pathpilot/app/templates/fraud_detection/job_detail.html: {}
shaiksahil0911/pathpilot/app/views.py: {}
shaiksahil0911/pathpilot/app/views.py: Using EditorConfig core...
shaiksahil0911/pathpilot/app/templates/fraud_detection/job_detail.html: {}
shaiksahil0911/pathpilot/app/templates/fraud_detection/job_detail.html: {}
shaiksahil0911/pathpilot/app/templates/fraud_detection/job_detail.html: {}
shaiksahil0911/pathpilot/app/templates/fraud_detection/job_detail.html: Using EditorConfig core...
shaiksahil0911/pathpilot/app/templates/fraud_detection/job_detail.html: {}
shaiksahil0911/pathpilot/app/templates/fraud_detection/job_detail.html: {}
shaiksahil0911/pathpilot/app/ml_service.py: {}
shaiksahil0911/pathpilot/app/ml_service.py: Using EditorConfig core...
shaiksahil0911/pathpilot/app/ml_service.py: {}
shaiksahil0911/pathpilot/app/ml_service.py: {}
shaiksahil0911/pathpilot/app/ml_service.py: {}
shaiksahil0911/pathpilot/app/ml_service.py: {}
shaiksahil0911/pathpilot/app/ml_service.py: Using EditorConfig core...
shaiksahil0911/pathpilot/app/ml_service.py: {}
shaiksahil0911/pathpilot/.env: {}
shaiksahil0911/pathpilot/.env: Using EditorConfig core...
shaiksahil0911/pathpilot/.env: Using EditorConfig core...
shaiksahil0911/pathpilot/.env: Using EditorConfig core...
shaiksahil0911/pathpilot/.env: Using EditorConfig core...
shaiksahil0911/pathpilot/.env: Using EditorConfig core...
shaiksahil0911/pathpilot/.env: {}
shaiksahil0911/pathpilot/app/ml_service.py: {}
shaiksahil0911/pathpilot/app/ml_service.py: Using EditorConfig core...
shaiksahil0911/pathpilot/.env: {}
shaiksahil0911/pathpilot/.env: Using EditorConfig core...
shaiksahil0911/pathpilot/.env: Using EditorConfig core...
shaiksahil0911/pathpilot/.env: Using EditorConfig core...
shaiksahil0911/pathpilot/app/ml_service.py: {}
shaiksahil0911/pathpilot/app/ml_service.py: Using EditorConfig core...
shaiksahil0911/pathpilot/.env: {}
shaiksahil0911/pathpilot/.env: Using EditorConfig core...
shaiksahil0911/pathpilot/.env: Using EditorConfig core...
shaiksahil0911/pathpilot/.env: Using EditorConfig core...
shaiksahil0911/pathpilot/app/ml_service.py: {}
shaiksahil0911/pathpilot/app/ml_service.py: Using EditorConfig core...
shaiksahil0911/pathpilot/app/ml_service.py: {}
shaiksahil0911/pathpilot/.env: {}
shaiksahil0911/pathpilot/.env: {}
shaiksahil0911/pathpilot/.env: Using EditorConfig core...
shaiksahil0911/pathpilot/.env: Using EditorConfig core...
shaiksahil0911/pathpilot/.env: Using EditorConfig core...
shaiksahil0911/pathpilot/app/ml_service.py: {}
shaiksahil0911/pathpilot/app/ml_service.py: Using EditorConfig core...
shaiksahil0911/pathpilot/.env: {}
shaiksahil0911/pathpilot/service.yaml: {}
shaiksahil0911/pathpilot/.env: {}
shaiksahil0911/pathpilot/.env: {}
shaiksahil0911/pathpilot/app/ml_service.py: {}
shaiksahil0911/pathpilot/app/ml_service.py: {}
shaiksahil0911/pathpilot/app/ml_service.py: Using EditorConfig core...
shaiksahil0911/pathpilot/.env: {}
shaiksahil0911/pathpilot/app/ml_service.py: {}
shaiksahil0911/pathpilot/app/ml_service.py: {}
shaiksahil0911/pathpilot/app/ml_service.py: {}
shaiksahil0911/pathpilot/app/ml_service.py: Using EditorConfig core...
shaiksahil0911/pathpilot/app/ml_service.py: Using EditorConfig core...
shaiksahil0911/pathpilot/app/ml_service.py: Using EditorConfig core...
shaiksahil0911/pathpilot/app/ml_service.py: Using EditorConfig core...
shaiksahil0911/pathpilot/app/ml_service.py: Using EditorConfig core...
shaiksahil0911/pathpilot/app/ml_service.py: {}
shaiksahil0911/pathpilot/app/ml_service.py: Using EditorConfig core...
shaiksahil0911/pathpilot/app/ml_service.py: {}
shaiksahil0911/pathpilot/app/ml_service.py: {}
shaiksahil0911/pathpilot/app/ml_service.py: {}
shaiksahil0911/pathpilot/app/ml_service.py: Using EditorConfig core...
shaiksahil0911/pathpilot/app/ml_service.py: Using EditorConfig core...
shaiksahil0911/pathpilot/app/ml_service.py: Using EditorConfig core...
shaiksahil0911/pathpilot/app/ml_service.py: Using EditorConfig core...
shaiksahil0911/pathpilot/app/ml_service.py: {}
shaiksahil0911/pathpilot/app/ml_service.py: {}
shaiksahil0911/pathpilot/app/ml_service.py: {}
shaiksahil0911/pathpilot/app/ml_service.py: {}
shaiksahil0911/pathpilot/app/ml_service.py: Using EditorConfig core...
shaiksahil0911/pathpilot/app/ml_service.py: Using EditorConfig core...
shaiksahil0911/pathpilot/app/ml_service.py: Using EditorConfig core...
shaiksahil0911/pathpilot/app/ml_service.py: Using EditorConfig core...
shaiksahil0911/pathpilot/app/ml_service.py: {}
shaiksahil0911/pathpilot/app/templates/fraud_detection/job_detail.html: {}
shaiksahil0911/pathpilot/app/templates/fraud_detection/job_detail.html: Using EditorConfig core...
shaiksahil0911/pathpilot/app/ml_service.py: {}
shaiksahil0911/pathpilot/app/ml_service.py: Using EditorConfig core...
shaiksahil0911/pathpilot/app/ml_service.py: {}
shaiksahil0911/pathpilot/app/ml_service.py: {}
shaiksahil0911/pathpilot/app/ml_service.py: {}
shaiksahil0911/pathpilot/app/templates/fraud_detection/job_detail.html: {}
shaiksahil0911/pathpilot/app/templates/fraud_detection/job_detail.html: Using EditorConfig core...
shaiksahil0911/pathpilot/app/templates/fraud_detection/job_detail.html: {}
shaiksahil0911/pathpilot/app/templates/fraud_detection/job_detail.html: {}
shaiksahil0911/pathpilot/app/ml_service.py: {}
shaiksahil0911/pathpilot/app/ml_service.py: Using EditorConfig core...
shaiksahil0911/pathpilot/app/ml_service.py: Using EditorConfig core...
shaiksahil0911/pathpilot/app/ml_service.py: Using EditorConfig core...
shaiksahil0911/pathpilot/app/ml_service.py: {}
shaiksahil0911/pathpilot/app/ml_service.py: {}
shaiksahil0911/pathpilot/app/ml_service.py: {}
shaiksahil0911/pathpilot/app/ml_service.py: {}
shaiksahil0911/pathpilot/app/ml_service.py: {}
shaiksahil0911/pathpilot/app/ml_service.py: Using EditorConfig core...
shaiksahil0911/pathpilot/app/ml_service.py: Using EditorConfig core...
shaiksahil0911/pathpilot/app/models.py: {}
shaiksahil0911/pathpilot/app/models.py: Using EditorConfig core...
shaiksahil0911/pathpilot/app/views.py: {}
shaiksahil0911/pathpilot/app/views.py: Using EditorConfig core...
shaiksahil0911/pathpilot/app/templates/fraud_detection/job_detail.html: {}
shaiksahil0911/pathpilot/app/templates/fraud_detection/job_detail.html: Using EditorConfig core...
shaiksahil0911/pathpilot/app/templates/fraud_detection/job_detail.html: {}
shaiksahil0911/pathpilot/app/templates/fraud_detection/job_detail.html: {}
shaiksahil0911/pathpilot/app/templates/fraud_detection/dashboard.html: {}
shaiksahil0911/pathpilot/app/templates/fraud_detection/base.html: {}
shaiksahil0911/pathpilot/app/templates/fraud_detection/error.html: {}
shaiksahil0911/pathpilot/app/admin.py: {}
shaiksahil0911/pathpilot/app/models.py: {}
shaiksahil0911/pathpilot/app/models.py: Using EditorConfig core...
shaiksahil0911/pathpilot/app/tests.py: {}
shaiksahil0911/pathpilot/app/views.py: {}
/User/settings.json: Using EditorConfig core...
