Initializing document watcher...
Document watcher initialized
shaiksahil0911/pathpilot/pathpilot/settings.py: {}
shaiksahil0911/pathpilot/pathpilot/settings.py: {}
shaiksahil0911/pathpilot/pathpilot/settings.py: {}
shaiksahil0911/pathpilot/pathpilot/settings.py: {}
shaiksahil0911/pathpilot/pathpilot/settings.py: {}
shaiksahil0911/pathpilot/pathpilot/settings.py: {}
shaiksahil0911/pathpilot/pathpilot/settings.py: Using EditorConfig core...
shaiksahil0911/pathpilot/pathpilot/settings.py: Using EditorConfig core...
shaiksahil0911/pathpilot/pathpilot/settings.py: Using EditorConfig core...
shaiksahil0911/pathpilot/pathpilot/settings.py: {}
shaiksahil0911/pathpilot/pathpilot/settings.py: {}
shaiksahil0911/pathpilot/pathpilot/settings.py: Using EditorConfig core...
shaiksahil0911/pathpilot/pathpilot/settings.py: {}
shaiksahil0911/pathpilot/pathpilot/settings.py: Using EditorConfig core...
shaiksahil0911/pathpilot/pathpilot/settings.py: {}
shaiksahil0911/pathpilot/pathpilot/settings.py: Using EditorConfig core...
shaiksahil0911/pathpilot/pathpilot/settings.py: {}
shaiksahil0911/pathpilot/pathpilot/settings.py: {}
shaiksahil0911/pathpilot/pathpilot/settings.py: Using EditorConfig core...
shaiksahil0911/pathpilot/pathpilot/settings.py: {}
shaiksahil0911/pathpilot/pathpilot/settings.py: {}
shaiksahil0911/pathpilot/pathpilot/settings.py: {}
shaiksahil0911/pathpilot/pathpilot/settings.py: {}
shaiksahil0911/pathpilot/pathpilot/settings.py: {}
shaiksahil0911/pathpilot/pathpilot/settings.py: Using EditorConfig core...
shaiksahil0911/pathpilot/pathpilot/settings.py: {}
shaiksahil0911/pathpilot/pathpilot/settings.py: Using EditorConfig core...
shaiksahil0911/pathpilot/pathpilot/settings.py: {}
shaiksahil0911/pathpilot/pathpilot/settings.py: {}
shaiksahil0911/pathpilot/app/management/commands/load_csv.py: {}
shaiksahil0911/pathpilot/app/management/commands/load_csv.py: {}
shaiksahil0911/pathpilot/app/management/commands/load_csv.py: Using EditorConfig core...
shaiksahil0911/pathpilot/app/management/commands/load_csv.py: {}
shaiksahil0911/pathpilot/app/management/commands/load_csv.py: {}
shaiksahil0911/pathpilot/app/management/commands/load_dataset.py: {}
shaiksahil0911/pathpilot/app/management/commands/load_dataset.py: {}
shaiksahil0911/pathpilot/app/management/commands/load_dataset.py: {}
shaiksahil0911/pathpilot/app/management/commands/load_dataset.py: {}
shaiksahil0911/pathpilot/app/management/commands/load_dataset.py: {}
shaiksahil0911/pathpilot/app/management/commands/load_csv.py: {}
shaiksahil0911/pathpilot/app/management/commands/load_csv.py: Using EditorConfig core...
shaiksahil0911/pathpilot/app/management/commands/load_csv.py: {}
