2025-08-16 10:29:16.811 [info] Extension host with pid 1784 started
2025-08-16 10:29:16.811 [info] Lock '/home/shaiksahil0911/.codeoss/data/User/workspaceStorage/-1e1ed0aa/vscode.lock': Lock acquired.
2025-08-16 10:29:17.039 [info] ExtensionService#_doActivateExtension vscode.emmet, startup: false, activationEvent: 'onLanguage'
2025-08-16 10:29:17.152 [info] ExtensionService#_doActivateExtension vscode.git-base, startup: true, activationEvent: '*', root cause: vscode.git
2025-08-16 10:29:17.221 [info] ExtensionService#_doActivateExtension vscode.git, startup: true, activationEvent: '*'
2025-08-16 10:29:17.221 [info] ExtensionService#_doActivateExtension vscode.github, startup: true, activationEvent: '*'
2025-08-16 10:29:17.860 [info] Eager extensions activated
2025-08-16 10:29:17.861 [info] ExtensionService#_doActivateExtension EditorConfig.EditorConfig, startup: false, activationEvent: 'onStartupFinished'
2025-08-16 10:29:17.861 [info] ExtensionService#_doActivateExtension google.cloud-shell, startup: false, activationEvent: 'onStartupFinished'
2025-08-16 10:29:17.862 [info] ExtensionService#_doActivateExtension google.geminicodeassist, startup: false, activationEvent: 'onStartupFinished', root cause: googlecloudtools.cloudcode
2025-08-16 10:29:17.862 [info] ExtensionService#_doActivateExtension vscode.debug-auto-launch, startup: false, activationEvent: 'onStartupFinished'
2025-08-16 10:29:17.863 [info] ExtensionService#_doActivateExtension vscode.merge-conflict, startup: false, activationEvent: 'onStartupFinished'
2025-08-16 10:29:19.578 [info] ExtensionService#_doActivateExtension googlecloudtools.cloudcode, startup: false, activationEvent: 'onStartupFinished'
2025-08-16 10:29:21.643 [info] ExtensionService#_doActivateExtension vscode.configuration-editing, startup: false, activationEvent: 'onLanguage:jsonc'
2025-08-16 10:29:21.644 [info] ExtensionService#_doActivateExtension vscode.json-language-features, startup: false, activationEvent: 'onLanguage:jsonc'
2025-08-16 10:29:21.644 [info] ExtensionService#_doActivateExtension vscode.typescript-language-features, startup: false, activationEvent: 'onLanguage:jsonc'
2025-08-16 10:33:49.099 [info] ExtensionService#_doActivateExtension ms-python.python, startup: false, activationEvent: 'onLanguage:python'
2025-08-16 10:33:49.542 [error] Error: spawn /google/devshell/editor/code-oss-for-cloud-shell/extensions/ms-python.python/python-env-tools/bin/pet ENOENT
    at Process.ChildProcess._handle.onexit (node:internal/child_process:285:19)
    at onErrorNT (node:internal/child_process:483:16)
    at processTicksAndRejections (node:internal/process/task_queues:82:21)
2025-08-16 10:36:44.838 [info] ExtensionService#_doActivateExtension vscode.simple-browser, startup: false, activationEvent: 'onOpenExternalUri:https'
2025-08-16 10:43:27.029 [info] Extension host terminating: received terminate message from renderer
2025-08-16 10:43:27.030 [info] Lock '/home/shaiksahil0911/.codeoss/data/User/workspaceStorage/-1e1ed0aa/vscode.lock': Marking the lockfile as scheduled to be released in 6000 ms.
2025-08-16 10:43:27.081 [info] Extension host with pid 1784 exiting with code 0
