2025-08-21 02:56:26.547 [info] [main] Log level: Info
2025-08-21 02:56:26.547 [info] [main] Validating found git in: "git"
2025-08-21 02:56:26.547 [info] [main] Using git "2.43.0" from "git"
2025-08-21 02:56:26.547 [info] [Model][doInitialScan] Initial repository scan started
2025-08-21 02:56:26.547 [info] > git rev-parse --show-toplevel [3ms]
2025-08-21 02:56:26.547 [info] fatal: not a git repository (or any parent up to mount point /)
Stopping at filesystem boundary (GIT_DISCOVERY_ACROSS_FILESYSTEM not set).
2025-08-21 02:56:26.547 [info] > git rev-parse --show-toplevel [2364ms]
2025-08-21 02:56:26.547 [info] fatal: not a git repository (or any parent up to mount point /)
Stopping at filesystem boundary (GIT_DISCOVERY_ACROSS_FILESYSTEM not set).
2025-08-21 02:56:26.547 [info] > git rev-parse --show-toplevel [70ms]
2025-08-21 02:56:26.547 [info] fatal: not a git repository (or any parent up to mount point /)
Stopping at filesystem boundary (GIT_DISCOVERY_ACROSS_FILESYSTEM not set).
2025-08-21 02:56:27.061 [info] > git rev-parse --show-toplevel [306ms]
2025-08-21 02:56:27.061 [info] fatal: not a git repository (or any parent up to mount point /)
Stopping at filesystem boundary (GIT_DISCOVERY_ACROSS_FILESYSTEM not set).
2025-08-21 02:56:27.099 [info] > git rev-parse --show-toplevel [18ms]
2025-08-21 02:56:27.099 [info] fatal: not a git repository (or any parent up to mount point /)
Stopping at filesystem boundary (GIT_DISCOVERY_ACROSS_FILESYSTEM not set).
2025-08-21 02:56:27.111 [info] > git rev-parse --show-toplevel [2ms]
2025-08-21 02:56:27.112 [info] fatal: not a git repository (or any parent up to mount point /)
Stopping at filesystem boundary (GIT_DISCOVERY_ACROSS_FILESYSTEM not set).
2025-08-21 02:56:27.121 [info] > git rev-parse --show-toplevel [2ms]
2025-08-21 02:56:27.122 [info] fatal: not a git repository (or any parent up to mount point /)
Stopping at filesystem boundary (GIT_DISCOVERY_ACROSS_FILESYSTEM not set).
2025-08-21 02:56:27.131 [info] > git rev-parse --show-toplevel [3ms]
2025-08-21 02:56:27.131 [info] fatal: not a git repository (or any parent up to mount point /)
Stopping at filesystem boundary (GIT_DISCOVERY_ACROSS_FILESYSTEM not set).
2025-08-21 02:56:27.140 [info] > git rev-parse --show-toplevel [2ms]
2025-08-21 02:56:27.140 [info] fatal: not a git repository (or any parent up to mount point /)
Stopping at filesystem boundary (GIT_DISCOVERY_ACROSS_FILESYSTEM not set).
2025-08-21 02:56:27.149 [info] > git rev-parse --show-toplevel [2ms]
2025-08-21 02:56:27.150 [info] fatal: not a git repository (or any parent up to mount point /)
Stopping at filesystem boundary (GIT_DISCOVERY_ACROSS_FILESYSTEM not set).
2025-08-21 02:56:27.164 [info] > git rev-parse --show-toplevel [7ms]
2025-08-21 02:56:27.164 [info] fatal: not a git repository (or any parent up to mount point /)
Stopping at filesystem boundary (GIT_DISCOVERY_ACROSS_FILESYSTEM not set).
2025-08-21 02:56:27.179 [info] > git rev-parse --show-toplevel [6ms]
2025-08-21 02:56:27.179 [info] fatal: not a git repository (or any parent up to mount point /)
Stopping at filesystem boundary (GIT_DISCOVERY_ACROSS_FILESYSTEM not set).
2025-08-21 02:56:27.190 [info] > git rev-parse --show-toplevel [2ms]
2025-08-21 02:56:27.190 [info] fatal: not a git repository (or any parent up to mount point /)
Stopping at filesystem boundary (GIT_DISCOVERY_ACROSS_FILESYSTEM not set).
2025-08-21 02:56:27.200 [info] > git rev-parse --show-toplevel [3ms]
2025-08-21 02:56:27.200 [info] fatal: not a git repository (or any parent up to mount point /)
Stopping at filesystem boundary (GIT_DISCOVERY_ACROSS_FILESYSTEM not set).
2025-08-21 02:56:27.213 [info] > git rev-parse --show-toplevel [5ms]
2025-08-21 02:56:27.213 [info] fatal: not a git repository (or any parent up to mount point /)
Stopping at filesystem boundary (GIT_DISCOVERY_ACROSS_FILESYSTEM not set).
2025-08-21 02:56:27.222 [info] > git rev-parse --show-toplevel [2ms]
2025-08-21 02:56:27.223 [info] fatal: not a git repository (or any parent up to mount point /)
Stopping at filesystem boundary (GIT_DISCOVERY_ACROSS_FILESYSTEM not set).
2025-08-21 02:56:27.234 [info] > git rev-parse --show-toplevel [2ms]
2025-08-21 02:56:27.234 [info] fatal: not a git repository (or any parent up to mount point /)
Stopping at filesystem boundary (GIT_DISCOVERY_ACROSS_FILESYSTEM not set).
2025-08-21 02:56:27.234 [info] [Model][doInitialScan] Initial repository scan completed - repositories (0), closed repositories (0), parent repositories (0), unsafe repositories (0)
