2025-08-21 09:51:26.985 [info] [main] Log level: Info
2025-08-21 09:51:26.985 [info] [main] Validating found git in: "git"
2025-08-21 09:51:26.985 [info] [main] Using git "2.43.0" from "git"
2025-08-21 09:51:26.985 [info] [Model][doInitialScan] Initial repository scan started
2025-08-21 09:51:27.006 [info] > git rev-parse --show-toplevel [40ms]
2025-08-21 09:51:27.014 [info] > git rev-parse --git-dir --git-common-dir [3ms]
2025-08-21 09:51:27.032 [info] [Model][openRepository] Opened repository (path): /home/shaiksahil0911
2025-08-21 09:51:27.032 [info] [Model][openRepository] Opened repository (real path): /home/shaiksahil0911
2025-08-21 09:51:27.054 [info] > git rev-parse --show-toplevel [7ms]
2025-08-21 09:51:27.055 [info] > git config --get commit.template [13ms]
2025-08-21 09:51:27.068 [info] [Git][getRemotes] No remotes found in the git config file
2025-08-21 09:51:27.068 [info] > git rev-parse --show-toplevel [9ms]
2025-08-21 09:51:27.073 [info] > git for-each-ref --format=%(refname)%00%(upstream:short)%00%(objectname)%00%(upstream:track)%00%(upstream:remotename)%00%(upstream:remoteref) refs/heads/main refs/remotes/main [7ms]
2025-08-21 09:51:27.074 [warning] [Git][getBranch] No such branch: main
2025-08-21 09:51:27.087 [info] > git rev-parse --show-toplevel [15ms]
2025-08-21 09:51:27.092 [info] > git for-each-ref --sort -committerdate --format %(refname)%00%(objectname)%00%(*objectname) [7ms]
2025-08-21 09:51:27.094 [info] > git rev-parse --show-toplevel [3ms]
2025-08-21 09:51:27.101 [info] > git rev-parse --show-toplevel [3ms]
2025-08-21 09:51:27.107 [info] > git rev-parse --show-toplevel [1ms]
2025-08-21 09:51:27.113 [info] > git rev-parse --show-toplevel [1ms]
2025-08-21 09:51:27.119 [info] > git rev-parse --show-toplevel [2ms]
2025-08-21 09:51:27.124 [info] > git rev-parse --show-toplevel [1ms]
2025-08-21 09:51:27.132 [info] > git rev-parse --show-toplevel [3ms]
2025-08-21 09:51:29.154 [info] > git rev-parse --show-toplevel [2014ms]
2025-08-21 09:51:29.182 [info] > git check-ignore -v -z --stdin [21ms]
2025-08-21 09:51:29.184 [info] > git rev-parse --show-toplevel [10ms]
2025-08-21 09:51:29.193 [info] > git rev-parse --show-toplevel [2ms]
2025-08-21 09:51:29.463 [info] > git status -z -uall [2383ms] (cancelled)
2025-08-21 09:51:31.317 [info] > git for-each-ref --format=%(refname)%00%(upstream:short)%00%(objectname)%00%(upstream:track)%00%(upstream:remotename)%00%(upstream:remoteref) refs/heads/main refs/remotes/main [1877ms]
2025-08-21 09:51:31.317 [warning] [Git][getBranch] No such branch: main
2025-08-21 09:51:31.318 [error] [GitHistoryProvider][resolveHEADMergeBase] Failed to resolve merge base for main: Error: No such branch: main.
2025-08-21 09:51:31.318 [info] > git rev-parse --show-toplevel [2119ms]
2025-08-21 09:51:31.319 [info] [Model][doInitialScan] Initial repository scan completed - repositories (1), closed repositories (0), parent repositories (0), unsafe repositories (0)
2025-08-21 09:51:31.349 [info] > git config --get commit.template [115ms]
2025-08-21 09:51:31.356 [info] [Git][getRemotes] No remotes found in the git config file
2025-08-21 09:51:31.373 [info] > git for-each-ref --format=%(refname)%00%(upstream:short)%00%(objectname)%00%(upstream:track)%00%(upstream:remotename)%00%(upstream:remoteref) refs/heads/main refs/remotes/main [17ms]
2025-08-21 09:51:31.373 [warning] [Git][getBranch] No such branch: main
2025-08-21 09:51:31.407 [info] > git for-each-ref --sort -committerdate --format %(refname)%00%(objectname)%00%(*objectname) [24ms]
2025-08-21 09:51:31.749 [info] > git status -z -uall [371ms] (cancelled)
2025-08-21 09:51:33.809 [info] > git check-ignore -v -z --stdin [2061ms]
2025-08-21 09:51:37.752 [info] > git check-ignore -v -z --stdin [15ms]
2025-08-21 09:51:37.758 [info] > git log --format=%H%n%aN%n%aE%n%at%n%ct%n%P%n%D%n%B -z --shortstat --diff-merges=first-parent -n50 --skip=0 --topo-order --decorate=full --stdin [2386ms]
2025-08-21 09:51:37.758 [info] fatal: bad revision 'refs/heads/main'
2025-08-21 09:51:37.759 [error] [GitHistoryProvider][provideHistoryItems] Failed to get history items with options '{"historyItemRefs":["refs/heads/main"],"limit":50,"skip":0}': Failed to execute git {
  "exitCode": 128,
  "gitCommand": "log",
  "stdout": "",
  "stderr": "fatal: bad revision 'refs/heads/main'\n"
}
2025-08-21 09:51:41.881 [info] > git check-ignore -v -z --stdin [13ms]
2025-08-21 09:52:06.436 [info] > git ls-files --stage -- service.yaml [6ms]
2025-08-21 09:52:06.500 [info] > git cat-file -s 586b5751e78f3471032d7b32d62d0224f38d9ee5 [53ms]
2025-08-21 09:52:06.502 [info] > git show --textconv :service.yaml [84ms]
2025-08-21 09:52:22.317 [info] > git ls-files --stage -- README-cloudshell.txt [7ms]
2025-08-21 09:52:22.332 [info] > git cat-file -s 9fa5a74e750d98eb725eca4ca09ba01af2f5cd24 [5ms]
2025-08-21 09:52:22.333 [info] > git show --textconv :README-cloudshell.txt [32ms]
2025-08-21 09:52:39.840 [info] > git log --format=%H%n%aN%n%aE%n%at%n%ct%n%P%n%D%n%B -z --shortstat --diff-merges=first-parent -n50 --skip=0 --topo-order --decorate=full --stdin [2ms]
2025-08-21 09:52:39.840 [info] fatal: bad revision 'refs/heads/main'
2025-08-21 09:52:39.840 [error] [GitHistoryProvider][provideHistoryItems] Failed to get history items with options '{"historyItemRefs":["refs/heads/main"],"limit":50,"skip":0}': Failed to execute git {
  "exitCode": 128,
  "gitCommand": "log",
  "stdout": "",
  "stderr": "fatal: bad revision 'refs/heads/main'\n"
}
2025-08-21 09:52:42.933 [info] > git check-ignore -v -z --stdin [25ms]
