2025-08-21 04:06:42.465 [info] Extension host with pid 5581 started
2025-08-21 04:06:42.466 [info] Lock '/home/shaiksahil0911/.codeoss/data/User/workspaceStorage/-1e1ed0aa/vscode.lock': Lock acquired.
2025-08-21 04:06:42.796 [info] ExtensionService#_doActivateExtension vscode.emmet, startup: false, activationEvent: 'onLanguage'
2025-08-21 04:06:42.797 [info] ExtensionService#_doActivateExtension ms-python.python, startup: false, activationEvent: 'onLanguage:python'
2025-08-21 04:06:43.229 [info] ExtensionService#_doActivateExtension vscode.configuration-editing, startup: false, activationEvent: 'onLanguage:jsonc'
2025-08-21 04:06:43.230 [info] ExtensionService#_doActivateExtension vscode.json-language-features, startup: false, activationEvent: 'onLanguage:jsonc'
2025-08-21 04:06:43.230 [info] ExtensionService#_doActivateExtension vscode.typescript-language-features, startup: false, activationEvent: 'onLanguage:jsonc'
2025-08-21 04:06:43.583 [error] Error: spawn /google/devshell/editor/code-oss-for-cloud-shell/extensions/ms-python.python/python-env-tools/bin/pet ENOENT
	at ChildProcess._handle.onexit (node:internal/child_process:285:19)
	at onErrorNT (node:internal/child_process:483:16)
	at process.processTicksAndRejections (node:internal/process/task_queues:82:21)
2025-08-21 04:06:43.742 [info] ExtensionService#_doActivateExtension vscode.git-base, startup: true, activationEvent: '*', root cause: vscode.git
2025-08-21 04:06:43.858 [info] ExtensionService#_doActivateExtension vscode.git, startup: true, activationEvent: '*'
2025-08-21 04:06:43.858 [info] ExtensionService#_doActivateExtension vscode.github, startup: true, activationEvent: '*'
2025-08-21 04:06:44.122 [info] Eager extensions activated
2025-08-21 04:06:44.123 [info] ExtensionService#_doActivateExtension EditorConfig.EditorConfig, startup: false, activationEvent: 'onStartupFinished'
2025-08-21 04:06:44.123 [info] ExtensionService#_doActivateExtension google.cloud-shell, startup: false, activationEvent: 'onStartupFinished'
2025-08-21 04:06:44.124 [info] ExtensionService#_doActivateExtension google.geminicodeassist, startup: false, activationEvent: 'onStartupFinished', root cause: googlecloudtools.cloudcode
2025-08-21 04:06:44.124 [info] ExtensionService#_doActivateExtension vscode.debug-auto-launch, startup: false, activationEvent: 'onStartupFinished'
2025-08-21 04:06:44.125 [info] ExtensionService#_doActivateExtension vscode.merge-conflict, startup: false, activationEvent: 'onStartupFinished'
2025-08-21 04:06:46.969 [info] ExtensionService#_doActivateExtension googlecloudtools.cloudcode, startup: false, activationEvent: 'onStartupFinished'
2025-08-21 05:06:59.813 [error] Error: unauthorized.
    at e.Authorization.authorize (/google/devshell/editor/code-oss-for-cloud-shell/extensions/cloud-shell/dist/extension.js:1:6008)
    at Wb.resp [as h] (file:///google/devshell/editor/code-oss-for-cloud-shell/out/vs/workbench/api/node/extensionHostProcess.js:119:41516)
    at t.CloudShellTheiaAuth.promptForOrGetAuth (/google/devshell/editor/code-oss-for-cloud-shell/extensions/geminicodeassist/dist/webpack:/common/packages/cloudshell/authorization.ts:86:11)
    at t.CloudShellTheiaAuth.validCache [as runAuthorization] (/google/devshell/editor/code-oss-for-cloud-shell/extensions/geminicodeassist/dist/webpack:/common/packages/cloudshell/authorization.ts:70:7)
    at t.CloudShellAuthProvider.accessToken [as getAccessToken] (/google/devshell/editor/code-oss-for-cloud-shell/extensions/geminicodeassist/dist/webpack:/common/packages/auth/cloudshell_auth_provider.ts:39:35)
    at c.updateExperimentationDataCache (/google/devshell/editor/code-oss-for-cloud-shell/extensions/geminicodeassist/dist/webpack:/common/packages/experimentation/experiment_service.ts:299:11)
    at context (/google/devshell/editor/code-oss-for-cloud-shell/extensions/geminicodeassist/dist/webpack:/common/packages/experimentation/experiment_service.ts:290:117)
    at c.updateExperimentationData (/google/devshell/editor/code-oss-for-cloud-shell/extensions/geminicodeassist/dist/webpack:/gemini_code_assist/src/packages/experimentation/gemini_experiment_service.ts:46:35) cloudshell.authorize {"value":"google.cloud-shell","_lower":"google.cloud-shell"}
2025-08-21 05:07:00.815 [error] Error: Error calling Cloud Shell Theia Authorization. unauthorized.
    at t.CloudShellTheiaAuth.validCache [as runAuthorization] (/google/devshell/editor/code-oss-for-cloud-shell/extensions/geminicodeassist/dist/webpack:/common/packages/cloudshell/authorization.ts:73:13)
    at t.CloudShellAuthProvider.accessToken [as getAccessToken] (/google/devshell/editor/code-oss-for-cloud-shell/extensions/geminicodeassist/dist/webpack:/common/packages/auth/cloudshell_auth_provider.ts:39:35)
    at c.updateExperimentationDataCache (/google/devshell/editor/code-oss-for-cloud-shell/extensions/geminicodeassist/dist/webpack:/common/packages/experimentation/experiment_service.ts:299:11)
    at context (/google/devshell/editor/code-oss-for-cloud-shell/extensions/geminicodeassist/dist/webpack:/common/packages/experimentation/experiment_service.ts:290:117)
    at c.updateExperimentationData (/google/devshell/editor/code-oss-for-cloud-shell/extensions/geminicodeassist/dist/webpack:/gemini_code_assist/src/packages/experimentation/gemini_experiment_service.ts:46:35)
2025-08-21 06:07:06.531 [error] Error: Get "https://cloudcode-pa.googleapis.com:443/v1internal:listAgents?alt=json&prettyPrint=false&project=cloudshell-gca": credentials: invalid token JSON from metadata: EOF
    at handleResponse (/google/devshell/editor/code-oss-for-cloud-shell/extensions/geminicodeassist/dist/webpack:/node_modules/vscode-jsonrpc/lib/common/connection.js:565:48)
    at handleMessage (/google/devshell/editor/code-oss-for-cloud-shell/extensions/geminicodeassist/dist/webpack:/node_modules/vscode-jsonrpc/lib/common/connection.js:345:13)
    at processMessageQueue (/google/devshell/editor/code-oss-for-cloud-shell/extensions/geminicodeassist/dist/webpack:/node_modules/vscode-jsonrpc/lib/common/connection.js:362:17)
    at Immediate.<anonymous> (/google/devshell/editor/code-oss-for-cloud-shell/extensions/geminicodeassist/dist/webpack:/node_modules/vscode-jsonrpc/lib/common/connection.js:334:13)
    at processImmediate (node:internal/timers:483:21)
2025-08-21 06:14:02.011 [info] ExtensionService#_doActivateExtension vscode.extension-editing, startup: false, activationEvent: 'onLanguage:json'
2025-08-21 06:14:02.011 [info] ExtensionService#_doActivateExtension vscode.npm, startup: false, activationEvent: 'onLanguage:json'
2025-08-21 06:51:30.779 [info] ExtensionService#_doActivateExtension vscode.html-language-features, startup: false, activationEvent: 'onLanguage:html'
2025-08-21 07:28:13.181 [error] [ms-python.python] provider FAILED
2025-08-21 07:28:13.208 [error] Error: AttributeError: 'HoverDisable' object has no attribute 'namespace_'
    at ae (/google/devshell/editor/code-oss-for-cloud-shell/extensions/ms-python.python/out/client/extension.js:2:2049071)
    at oe (/google/devshell/editor/code-oss-for-cloud-shell/extensions/ms-python.python/out/client/extension.js:2:2047031)
    at Immediate.<anonymous> (/google/devshell/editor/code-oss-for-cloud-shell/extensions/ms-python.python/out/client/extension.js:2:2043325)
    at processImmediate (node:internal/timers:483:21)
2025-08-21 08:05:48.923 [error] [ms-python.python] provider FAILED
2025-08-21 08:05:48.923 [error] Error: UnboundLocalError: cannot access local variable 'start_index' where it is not associated with a value
    at ae (/google/devshell/editor/code-oss-for-cloud-shell/extensions/ms-python.python/out/client/extension.js:2:2049071)
    at oe (/google/devshell/editor/code-oss-for-cloud-shell/extensions/ms-python.python/out/client/extension.js:2:2047031)
    at Immediate.<anonymous> (/google/devshell/editor/code-oss-for-cloud-shell/extensions/ms-python.python/out/client/extension.js:2:2043325)
    at processImmediate (node:internal/timers:483:21)
2025-08-21 08:06:01.110 [warning] [Decorations] CAPPING events from decorations provider vscode.git 10000
2025-08-21 08:06:03.654 [warning] [Decorations] CAPPING events from decorations provider vscode.git 10000
