2025-08-21 02:56:20.304 [info] Extension host with pid 3411 started
2025-08-21 02:56:20.304 [error] Error: EEXIST: file already exists, open '/home/shaiksahil0911/.codeoss/data/User/workspaceStorage/-1e1ed0aa/vscode.lock'
2025-08-21 02:56:20.304 [info] Lock '/home/shaiksahil0911/.codeoss/data/User/workspaceStorage/-1e1ed0aa/vscode.lock': Could not acquire lock, checking if the file is stale.
2025-08-21 02:56:20.307 [info] Lock '/home/shaiksahil0911/.codeoss/data/User/workspaceStorage/-1e1ed0aa/vscode.lock': The lock does not look stale, elapsed: 428 ms, giving up.
2025-08-21 02:56:20.307 [error] Error: EEXIST: file already exists, open '/home/shaiksahil0911/.codeoss/data/User/workspaceStorage/-1e1ed0aa-1/vscode.lock'
2025-08-21 02:56:20.313 [info] Lock '/home/shaiksahil0911/.codeoss/data/User/workspaceStorage/-1e1ed0aa-1/vscode.lock': Could not acquire lock, checking if the file is stale.
2025-08-21 02:56:20.329 [info] Lock '/home/shaiksahil0911/.codeoss/data/User/workspaceStorage/-1e1ed0aa-1/vscode.lock': The pid 16077 appears to be gone.
2025-08-21 02:56:20.329 [info] Lock '/home/shaiksahil0911/.codeoss/data/User/workspaceStorage/-1e1ed0aa-1/vscode.lock': Deleting a stale lock.
2025-08-21 02:56:20.454 [info] ExtensionService#_doActivateExtension vscode.emmet, startup: false, activationEvent: 'onLanguage'
2025-08-21 02:56:20.455 [info] ExtensionService#_doActivateExtension ms-python.python, startup: false, activationEvent: 'onLanguage:python'
2025-08-21 02:56:20.456 [info] ExtensionService#_doActivateExtension vscode.configuration-editing, startup: false, activationEvent: 'onLanguage:jsonc'
2025-08-21 02:56:20.456 [info] ExtensionService#_doActivateExtension vscode.json-language-features, startup: false, activationEvent: 'onLanguage:jsonc'
2025-08-21 02:56:20.457 [info] ExtensionService#_doActivateExtension vscode.typescript-language-features, startup: false, activationEvent: 'onLanguage:jsonc'
2025-08-21 02:56:21.098 [info] Lock '/home/shaiksahil0911/.codeoss/data/User/workspaceStorage/-1e1ed0aa-1/vscode.lock': Lock acquired.
2025-08-21 02:56:21.230 [error] Error: spawn /google/devshell/editor/code-oss-for-cloud-shell/extensions/ms-python.python/python-env-tools/bin/pet ENOENT
	at ChildProcess._handle.onexit (node:internal/child_process:285:19)
	at onErrorNT (node:internal/child_process:483:16)
	at process.processTicksAndRejections (node:internal/process/task_queues:82:21)
2025-08-21 02:56:21.458 [info] ExtensionService#_doActivateExtension vscode.git-base, startup: true, activationEvent: '*', root cause: vscode.git
2025-08-21 02:56:21.527 [info] ExtensionService#_doActivateExtension vscode.git, startup: true, activationEvent: '*'
2025-08-21 02:56:21.527 [info] ExtensionService#_doActivateExtension vscode.github, startup: true, activationEvent: '*'
2025-08-21 02:56:21.737 [info] Eager extensions activated
2025-08-21 02:56:21.738 [info] ExtensionService#_doActivateExtension EditorConfig.EditorConfig, startup: false, activationEvent: 'onStartupFinished'
2025-08-21 02:56:21.738 [info] ExtensionService#_doActivateExtension google.cloud-shell, startup: false, activationEvent: 'onStartupFinished'
2025-08-21 02:56:21.739 [info] ExtensionService#_doActivateExtension google.geminicodeassist, startup: false, activationEvent: 'onStartupFinished', root cause: googlecloudtools.cloudcode
2025-08-21 02:56:21.739 [info] ExtensionService#_doActivateExtension vscode.debug-auto-launch, startup: false, activationEvent: 'onStartupFinished'
2025-08-21 02:56:21.740 [info] ExtensionService#_doActivateExtension vscode.merge-conflict, startup: false, activationEvent: 'onStartupFinished'
2025-08-21 02:56:24.234 [info] ExtensionService#_doActivateExtension googlecloudtools.cloudcode, startup: false, activationEvent: 'onStartupFinished'
2025-08-21 06:11:10.167 [info] Extension host terminating: received terminate message from renderer
2025-08-21 06:11:10.167 [info] Lock '/home/shaiksahil0911/.codeoss/data/User/workspaceStorage/-1e1ed0aa-1/vscode.lock': Marking the lockfile as scheduled to be released in 6000 ms.
2025-08-21 06:11:10.236 [error] Error: Channel has been closed
    at s (file:///google/devshell/editor/code-oss-for-cloud-shell/out/vs/workbench/api/node/extensionHostProcess.js:125:2431)
    at Object.appendLine (file:///google/devshell/editor/code-oss-for-cloud-shell/out/vs/workbench/api/node/extensionHostProcess.js:125:2570)
    at R.logOutputMessage (/google/devshell/editor/code-oss-for-cloud-shell/extensions/json-language-features/client/dist/node/jsonClientMain.js:2:316524)
    at R.info (/google/devshell/editor/code-oss-for-cloud-shell/extensions/json-language-features/client/dist/node/jsonClientMain.js:2:316257)
    at ChildProcess.<anonymous> (/google/devshell/editor/code-oss-for-cloud-shell/extensions/json-language-features/client/dist/node/jsonClientMain.js:2:540530)
    at ChildProcess.emit (node:events:524:28)
    at Process.ChildProcess._handle.onexit (node:internal/child_process:293:12)
2025-08-21 06:11:10.242 [info] Extension host with pid 3411 exiting with code 0
