2025-06-03 05:19:54.032 [info] Extension host with pid 1718 started
2025-06-03 05:19:54.032 [error] Error: EEXIST: file already exists, open '/home/shaiksahil0911/.codeoss/data/User/workspaceStorage/7dc44419/vscode.lock'
2025-06-03 05:19:54.047 [info] Lock '/home/shaiksahil0911/.codeoss/data/User/workspaceStorage/7dc44419/vscode.lock': Could not acquire lock, checking if the file is stale.
2025-06-03 05:19:54.059 [info] Lock '/home/shaiksahil0911/.codeoss/data/User/workspaceStorage/7dc44419/vscode.lock': The lock does not look stale, elapsed: 2113 ms, giving up.
2025-06-03 05:19:54.069 [error] Error: EEXIST: file already exists, open '/home/shaiksahil0911/.codeoss/data/User/workspaceStorage/7dc44419-1/vscode.lock'
2025-06-03 05:19:54.150 [info] ExtensionService#_doActivateExtension vscode.emmet, startup: false, activationEvent: 'onLanguage'
2025-06-03 05:19:54.152 [info] ExtensionService#_doActivateExtension ms-python.python, startup: false, activationEvent: 'onLanguage:python'
2025-06-03 05:19:54.687 [info] Lock '/home/shaiksahil0911/.codeoss/data/User/workspaceStorage/7dc44419-1/vscode.lock': Could not acquire lock, checking if the file is stale.
2025-06-03 05:19:54.689 [info] Lock '/home/shaiksahil0911/.codeoss/data/User/workspaceStorage/7dc44419-1/vscode.lock': The pid 2548 appears to be gone.
2025-06-03 05:19:54.690 [info] Lock '/home/shaiksahil0911/.codeoss/data/User/workspaceStorage/7dc44419-1/vscode.lock': Deleting a stale lock.
2025-06-03 05:19:54.697 [info] Lock '/home/shaiksahil0911/.codeoss/data/User/workspaceStorage/7dc44419-1/vscode.lock': Lock acquired.
2025-06-03 05:19:54.855 [error] Error: spawn /google/devshell/editor/code-oss-for-cloud-shell/extensions/ms-python.python/python-env-tools/bin/pet ENOENT
	at ChildProcess._handle.onexit (node:internal/child_process:286:19)
	at onErrorNT (node:internal/child_process:484:16)
	at process.processTicksAndRejections (node:internal/process/task_queues:82:21)
2025-06-03 05:19:54.992 [info] ExtensionService#_doActivateExtension vscode.git-base, startup: true, activationEvent: '*', root cause: vscode.git
2025-06-03 05:19:55.084 [info] ExtensionService#_doActivateExtension vscode.git, startup: true, activationEvent: '*'
2025-06-03 05:19:55.085 [info] ExtensionService#_doActivateExtension vscode.github, startup: true, activationEvent: '*'
2025-06-03 05:19:55.978 [info] Eager extensions activated
2025-06-03 05:19:55.981 [info] ExtensionService#_doActivateExtension EditorConfig.EditorConfig, startup: false, activationEvent: 'onStartupFinished'
2025-06-03 05:19:55.982 [info] ExtensionService#_doActivateExtension google.cloud-shell, startup: false, activationEvent: 'onStartupFinished'
2025-06-03 05:19:55.982 [info] ExtensionService#_doActivateExtension google.geminicodeassist, startup: false, activationEvent: 'onStartupFinished', root cause: googlecloudtools.cloudcode
2025-06-03 05:19:55.983 [info] ExtensionService#_doActivateExtension vscode.debug-auto-launch, startup: false, activationEvent: 'onStartupFinished'
2025-06-03 05:19:55.989 [info] ExtensionService#_doActivateExtension vscode.merge-conflict, startup: false, activationEvent: 'onStartupFinished'
2025-06-03 05:19:58.897 [info] ExtensionService#_doActivateExtension googlecloudtools.cloudcode, startup: false, activationEvent: 'onStartupFinished'
2025-06-03 05:20:02.341 [info] ExtensionService#_doActivateExtension vscode.configuration-editing, startup: false, activationEvent: 'onLanguage:jsonc'
2025-06-03 05:20:02.341 [info] ExtensionService#_doActivateExtension vscode.json-language-features, startup: false, activationEvent: 'onLanguage:jsonc'
2025-06-03 05:20:02.342 [info] ExtensionService#_doActivateExtension vscode.typescript-language-features, startup: false, activationEvent: 'onLanguage:jsonc'
2025-06-03 05:20:11.946 [info] ExtensionService#_doActivateExtension vscode.html-language-features, startup: false, activationEvent: 'onLanguage:html'
2025-06-03 05:20:16.522 [error] Error: ENOENT: no such file or directory, utime '/home/shaiksahil0911/.cache/cloud-code/CLOUDCODE_BINARY_FROM_ZIP_LOCK'
    at Object.utimes (node:internal/fs/promises:1134:10)
2025-06-03 06:20:11.970 [error] unauthorized. cloudshell.authorize {"value":"google.cloud-shell","_lower":"google.cloud-shell"}
2025-06-03 06:20:12.974 [error] Error: Error calling Cloud Shell Theia Authorization. undefined
    at t.CloudShellTheiaAuth.<anonymous> (/google/devshell/editor/code-oss-for-cloud-shell/extensions/geminicodeassist/dist/webpack:/common/packages/cloudshell/authorization.ts:73:13)
    at Generator.throw (<anonymous>)
    at i (/google/devshell/editor/code-oss-for-cloud-shell/extensions/geminicodeassist/dist/webpack:/common/packages/citation/index.ts:14:1)
