2025-08-21 09:53:20.066 [info] Extension host with pid 1470 started
2025-08-21 09:53:20.067 [info] Lock '/home/shaiksahil0911/.codeoss/data/User/workspaceStorage/-7dd4adc6/vscode.lock': Lock acquired.
2025-08-21 09:53:20.236 [info] ExtensionService#_doActivateExtension vscode.emmet, startup: false, activationEvent: 'onLanguage'
2025-08-21 09:53:20.358 [info] ExtensionService#_doActivateExtension vscode.git-base, startup: true, activationEvent: '*', root cause: vscode.git
2025-08-21 09:53:20.366 [info] ExtensionService#_doActivateExtension ms-python.python, startup: true, activationEvent: 'workspaceContains:requirements.txt'
2025-08-21 09:53:20.705 [info] ExtensionService#_doActivateExtension vscode.git, startup: true, activationEvent: '*'
2025-08-21 09:53:20.706 [info] ExtensionService#_doActivateExtension vscode.github, startup: true, activationEvent: '*'
2025-08-21 09:53:20.846 [error] Error: spawn /google/devshell/editor/code-oss-for-cloud-shell/extensions/ms-python.python/python-env-tools/bin/pet ENOENT
	at ChildProcess._handle.onexit (node:internal/child_process:285:19)
	at onErrorNT (node:internal/child_process:483:16)
	at process.processTicksAndRejections (node:internal/process/task_queues:82:21)
2025-08-21 09:53:21.012 [info] Eager extensions activated
2025-08-21 09:53:21.013 [info] ExtensionService#_doActivateExtension EditorConfig.EditorConfig, startup: false, activationEvent: 'onStartupFinished'
2025-08-21 09:53:21.013 [info] ExtensionService#_doActivateExtension google.cloud-shell, startup: false, activationEvent: 'onStartupFinished'
2025-08-21 09:53:21.014 [info] ExtensionService#_doActivateExtension google.geminicodeassist, startup: false, activationEvent: 'onStartupFinished', root cause: googlecloudtools.cloudcode
2025-08-21 09:53:21.014 [info] ExtensionService#_doActivateExtension vscode.debug-auto-launch, startup: false, activationEvent: 'onStartupFinished'
2025-08-21 09:53:21.015 [info] ExtensionService#_doActivateExtension vscode.merge-conflict, startup: false, activationEvent: 'onStartupFinished'
2025-08-21 09:53:22.858 [info] ExtensionService#_doActivateExtension googlecloudtools.cloudcode, startup: false, activationEvent: 'onStartupFinished'
2025-08-21 09:53:25.176 [info] ExtensionService#_doActivateExtension vscode.configuration-editing, startup: false, activationEvent: 'onLanguage:jsonc'
2025-08-21 09:53:25.177 [info] ExtensionService#_doActivateExtension vscode.json-language-features, startup: false, activationEvent: 'onLanguage:jsonc'
2025-08-21 09:53:25.178 [info] ExtensionService#_doActivateExtension vscode.typescript-language-features, startup: false, activationEvent: 'onLanguage:jsonc'
2025-08-21 09:53:28.907 [warning] [Decorations] CAPPING events from decorations provider vscode.git 10025
2025-08-21 09:53:31.115 [warning] [Decorations] CAPPING events from decorations provider vscode.git 10025
2025-08-21 09:53:45.183 [warning] [Decorations] CAPPING events from decorations provider vscode.git 10025
2025-08-21 09:55:08.826 [warning] [Decorations] CAPPING events from decorations provider vscode.git 10134
