2025-06-03 05:19:47.015 [info] Extension host with pid 1232 started
2025-06-03 05:19:47.015 [error] Error: EEXIST: file already exists, open '/home/shaiksahil0911/.codeoss/data/User/workspaceStorage/7dc44419/vscode.lock'
2025-06-03 05:19:47.057 [info] Lock '/home/shaiksahil0911/.codeoss/data/User/workspaceStorage/7dc44419/vscode.lock': Could not acquire lock, checking if the file is stale.
2025-06-03 05:19:47.062 [info] Lock '/home/shaiksahil0911/.codeoss/data/User/workspaceStorage/7dc44419/vscode.lock': The pid 1582 appears to be gone.
2025-06-03 05:19:47.062 [info] Lock '/home/shaiksahil0911/.codeoss/data/User/workspaceStorage/7dc44419/vscode.lock': Deleting a stale lock.
2025-06-03 05:19:47.077 [info] Lock '/home/shaiksahil0911/.codeoss/data/User/workspaceStorage/7dc44419/vscode.lock': Lock acquired.
2025-06-03 05:19:47.112 [info] ExtensionService#_doActivateExtension vscode.emmet, startup: false, activationEvent: 'onLanguage'
2025-06-03 05:19:47.114 [info] ExtensionService#_doActivateExtension ms-python.python, startup: false, activationEvent: 'onLanguage:python'
2025-06-03 05:19:47.712 [error] Error: spawn /google/devshell/editor/code-oss-for-cloud-shell/extensions/ms-python.python/python-env-tools/bin/pet ENOENT
	at ChildProcess._handle.onexit (node:internal/child_process:286:19)
	at onErrorNT (node:internal/child_process:484:16)
	at process.processTicksAndRejections (node:internal/process/task_queues:82:21)
2025-06-03 05:19:47.894 [info] ExtensionService#_doActivateExtension vscode.git-base, startup: true, activationEvent: '*', root cause: vscode.git
2025-06-03 05:19:47.990 [info] ExtensionService#_doActivateExtension vscode.git, startup: true, activationEvent: '*'
2025-06-03 05:19:47.991 [info] ExtensionService#_doActivateExtension vscode.github, startup: true, activationEvent: '*'
2025-06-03 05:19:49.435 [info] Eager extensions activated
2025-06-03 05:19:49.435 [info] ExtensionService#_doActivateExtension EditorConfig.EditorConfig, startup: false, activationEvent: 'onStartupFinished'
2025-06-03 05:19:49.436 [info] ExtensionService#_doActivateExtension google.cloud-shell, startup: false, activationEvent: 'onStartupFinished'
2025-06-03 05:19:49.436 [info] ExtensionService#_doActivateExtension google.geminicodeassist, startup: false, activationEvent: 'onStartupFinished', root cause: googlecloudtools.cloudcode
2025-06-03 05:19:49.437 [info] ExtensionService#_doActivateExtension vscode.debug-auto-launch, startup: false, activationEvent: 'onStartupFinished'
2025-06-03 05:19:49.437 [info] ExtensionService#_doActivateExtension vscode.merge-conflict, startup: false, activationEvent: 'onStartupFinished'
2025-06-03 05:19:52.066 [info] ExtensionService#_doActivateExtension googlecloudtools.cloudcode, startup: false, activationEvent: 'onStartupFinished'
2025-06-03 05:19:54.754 [info] ExtensionService#_doActivateExtension vscode.configuration-editing, startup: false, activationEvent: 'onLanguage:jsonc'
2025-06-03 05:19:54.754 [info] ExtensionService#_doActivateExtension vscode.json-language-features, startup: false, activationEvent: 'onLanguage:jsonc'
2025-06-03 05:19:54.755 [info] ExtensionService#_doActivateExtension vscode.typescript-language-features, startup: false, activationEvent: 'onLanguage:jsonc'
2025-06-03 06:20:04.626 [error] unauthorized. cloudshell.authorize {"value":"google.cloud-shell","_lower":"google.cloud-shell"}
2025-06-03 06:20:05.628 [error] Error: Error calling Cloud Shell Theia Authorization. undefined
    at t.CloudShellTheiaAuth.<anonymous> (/google/devshell/editor/code-oss-for-cloud-shell/extensions/geminicodeassist/dist/webpack:/common/packages/cloudshell/authorization.ts:73:13)
    at Generator.throw (<anonymous>)
    at i (/google/devshell/editor/code-oss-for-cloud-shell/extensions/geminicodeassist/dist/webpack:/common/packages/citation/index.ts:14:1)
