Initializing document watcher...
Document watcher initialized
/User/settings.json: Using EditorConfig core...
shaiksahil0911/style-bot/app.py: Using EditorConfig core...
shaiksahil0911/style-bot/app.py: {}
shaiksahil0911/style-bot/app.py: {}
shaiksahil0911/style-bot/app.py: Using EditorConfig core...
shaiksahil0911/style-bot/index.html: {}
shaiksahil0911/style-bot/index.html: Using EditorConfig core...
shaiksahil0911/style-bot/index.html: {}
shaiksahil0911/style-bot/index.html: {}
shaiksahil0911/style-bot/index.html: {}
shaiksahil0911/style-bot/app.py: {}
shaiksahil0911/style-bot/app.py: Using EditorConfig core...
shaiksahil0911/style-bot/app.py: Using EditorConfig core...
shaiksahil0911/style-bot/app.py: {}
shaiksahil0911/style-bot/app.py: {}
shaiksahil0911/style-bot/app.py: {}
shaiksahil0911/style-bot/app.py: {}
shaiksahil0911/style-bot/app.py: {}
shaiksahil0911/style-bot/app.py: Using EditorConfig core...
shaiksahil0911/style-bot/app.py: Using EditorConfig core...
shaiksahil0911/style-bot/app.py: {}
shaiksahil0911/style-bot/app.py: {}
shaiksahil0911/style-bot/app.py: {}
shaiksahil0911/style-bot/app.py: {}
shaiksahil0911/style-bot/app.py: {}
shaiksahil0911/style-bot/index.html: {}
shaiksahil0911/style-bot/app.py: {}
shaiksahil0911/style-bot/app.py: {}
shaiksahil0911/style-bot/app.py: {}
shaiksahil0911/style-bot/app.py: {}
