2025-06-14 11:17:02.695 [warning] Dir "/home/shaiksahil0911/.pixi/envs" is not watchable (directory does not exist)
2025-06-14 11:17:02.695 [info] Starting Environment refresh
2025-06-14 11:17:02.695 [info] Searching for interpreters in posix paths locator
2025-06-14 11:17:02.695 [info] Searching for pyenv environments
2025-06-14 11:17:02.695 [info] Searching for conda environments
2025-06-14 11:17:02.695 [info] Searching for global virtual environments
2025-06-14 11:17:02.695 [info] Searching for custom virtual environments
2025-06-14 11:17:02.695 [info] pyenv is not installed
2025-06-14 11:17:02.695 [info] Finished searching for pyenv environments: 19 milliseconds
2025-06-14 11:17:02.695 [info] Finished searching for custom virtual envs: 18 milliseconds
2025-06-14 11:17:02.695 [info] Finished searching for global virtual envs: 21 milliseconds
2025-06-14 11:17:02.696 [info] Found: /bin/python --> /bin/python3.12
2025-06-14 11:17:02.696 [info] Found: /bin/python3 --> /bin/python3.12
2025-06-14 11:17:02.697 [info] Found: /bin/python3.12 --> /bin/python3.12
2025-06-14 11:17:02.712 [info] Found: /usr/bin/python --> /usr/bin/python3.12
2025-06-14 11:17:02.713 [info] Found: /usr/bin/python3 --> /usr/bin/python3.12
2025-06-14 11:17:02.713 [info] Found: /usr/bin/python3.12 --> /usr/bin/python3.12
2025-06-14 11:17:02.757 [info] Finished searching for interpreters in posix paths locator: 96 milliseconds
2025-06-14 11:17:15.865 [info] > hatch env show --json
2025-06-14 11:17:15.865 [info] cwd: .
2025-06-14 11:17:15.876 [info] > ./venv/bin/python -I /google/devshell/editor/code-oss-for-cloud-shell/extensions/ms-python.python/python_files/get_output_via_markers.py /google/devshell/editor/code-oss-for-cloud-shell/extensions/ms-python.python/python_files/interpreterInfo.py
2025-06-14 11:17:15.897 [info] > /bin/python -I /google/devshell/editor/code-oss-for-cloud-shell/extensions/ms-python.python/python_files/get_output_via_markers.py /google/devshell/editor/code-oss-for-cloud-shell/extensions/ms-python.python/python_files/interpreterInfo.py
2025-06-14 11:17:15.956 [info] > pyenv which python
2025-06-14 11:17:15.956 [info] cwd: .
2025-06-14 11:17:16.004 [info] > conda info --json
2025-06-14 11:17:16.060 [info] Environments refresh paths discovered (event): 13400 milliseconds
2025-06-14 11:17:16.062 [info] Environments refresh paths discovered: 13402 milliseconds
2025-06-14 11:17:16.249 [info] > /usr/bin/python -I /google/devshell/editor/code-oss-for-cloud-shell/extensions/ms-python.python/python_files/get_output_via_markers.py /google/devshell/editor/code-oss-for-cloud-shell/extensions/ms-python.python/python_files/interpreterInfo.py
2025-06-14 11:17:16.316 [info] Environments refresh finished (event): 13656 milliseconds
2025-06-14 11:17:16.328 [info] Environment refresh took 13668 milliseconds
2025-06-14 11:17:16.863 [info] Python interpreter path: ./venv/bin/python
2025-06-14 11:17:18.936 [info] Starting Jedi language server for shaiksahil0911.
2025-06-14 11:17:46.549 [info] Discover tests for workspace name: shaiksahil0911 - uri: /home/shaiksahil0911/style-bot/app.py
2025-06-14 11:19:38.131 [info] Discover tests for workspace name: shaiksahil0911 - uri: /home/shaiksahil0911/style-bot/app.py
2025-06-14 11:19:39.345 [info] Discover tests for workspace name: shaiksahil0911 - uri: /home/shaiksahil0911/style-bot/app.py
2025-06-14 11:19:46.130 [info] Send text to terminal: source /home/shaiksahil0911/venv/bin/activate
2025-06-14 11:21:27.107 [info] Discover tests for workspace name: shaiksahil0911 - uri: /home/shaiksahil0911/style-bot/app.py
2025-06-14 11:21:28.160 [info] Discover tests for workspace name: shaiksahil0911 - uri: /home/shaiksahil0911/style-bot/app.py
