Initializing document watcher...
Document watcher initialized
shaiksahil0911/pathpilot/app/urls.py: {}
shaiksahil0911/pathpilot/pathpilot/settings.py: {}
shaiksahil0911/pathpilot/pathpilot/urls.py: {}
shaiksahil0911/pathpilot/pathpilot/urls.py: Using EditorConfig core...
shaiksahil0911/pathpilot/pathpilot/urls.py: Using EditorConfig core...
shaiksahil0911/pathpilot/pathpilot/urls.py: Using EditorConfig core...
shaiksahil0911/pathpilot/pathpilot/urls.py: Using EditorConfig core...
shaiksahil0911/pathpilot/pathpilot/urls.py: Using EditorConfig core...
shaiksahil0911/pathpilot/pathpilot/urls.py: Using EditorConfig core...
shaiksahil0911/pathpilot/app/urls.py: {}
shaiksahil0911/pathpilot/app/urls.py: {}
shaiksahil0911/pathpilot/app/urls.py: {}
shaiksahil0911/pathpilot/app/urls.py: Using EditorConfig core...
shaiksahil0911/pathpilot/app/urls.py: Using EditorConfig core...
shaiksahil0911/pathpilot/app/urls.py: Using EditorConfig core...
shaiksahil0911/pathpilot/pathpilot/urls.py: {}
shaiksahil0911/pathpilot/pathpilot/urls.py: Using EditorConfig core...
shaiksahil0911/pathpilot/app/urls.py: {}
shaiksahil0911/pathpilot/app/urls.py: Using EditorConfig core...
shaiksahil0911/pathpilot/app/apps.py: {}
shaiksahil0911/pathpilot/app/admin.py: {}
shaiksahil0911/pathpilot/app/tests.py: {}
shaiksahil0911/pathpilot/app/urls.py: {}
shaiksahil0911/pathpilot/pathpilot/urls.py: {}
shaiksahil0911/pathpilot/pathpilot/wsgi.py: {}
shaiksahil0911/pathpilot/pathpilot/urls.py: {}
shaiksahil0911/pathpilot/app/urls.py: {}
shaiksahil0911/pathpilot/app/urls.py: Using EditorConfig core...
shaiksahil0911/pathpilot/app/views.py: {}
shaiksahil0911/pathpilot/app/views.py: Using EditorConfig core...
shaiksahil0911/pathpilot/app/views.py: {}
shaiksahil0911/pathpilot/app/urls.py: {}
shaiksahil0911/pathpilot/app/urls.py: Using EditorConfig core...
shaiksahil0911/pathpilot/app/urls.py: {}
shaiksahil0911/pathpilot/app/urls.py: {}
shaiksahil0911/pathpilot/app/urls.py: {}
shaiksahil0911/pathpilot/app/urls.py: {}
shaiksahil0911/pathpilot/app/urls.py: {}
shaiksahil0911/pathpilot/requirements.txt: {}
shaiksahil0911/pathpilot/requirements.txt: Using EditorConfig core...
