Initializing document watcher...
Document watcher initialized
shaiksahil0911/pathpilot/requirements.txt: {}
shaiksahil0911/pathpilot/requirements.txt: {}
shaiksahil0911/pathpilot/requirements.txt: {}
shaiksahil0911/pathpilot/requirements.txt: {}
shaiksahil0911/pathpilot/requirements.txt: {}
shaiksahil0911/pathpilot/Dockerfile: {}
shaiksahil0911/pathpilot/Dockerfile: Using EditorConfig core...
shaiksahil0911/pathpilot/Dockerfile: Using EditorConfig core...
shaiksahil0911/pathpilot/Dockerfile: Using EditorConfig core...
shaiksahil0911/pathpilot/Dockerfile: Using EditorConfig core...
shaiksahil0911/pathpilot/Dockerfile: {}
shaiksahil0911/pathpilot/pathpilot/settings.py: {}
shaiksahil0911/pathpilot/pathpilot/settings.py: Using EditorConfig core...
shaiksahil0911/pathpilot/pathpilot/settings.py: {}
shaiksahil0911/pathpilot/pathpilot/settings.py: {}
shaiksahil0911/pathpilot/pathpilot/settings.py: {}
shaiksahil0911/pathpilot/pathpilot/settings.py: Using EditorConfig core...
shaiksahil0911/pathpilot/pathpilot/settings.py: Using EditorConfig core...
shaiksahil0911/pathpilot/pathpilot/settings.py: {}
shaiksahil0911/pathpilot/pathpilot/settings.py: Using EditorConfig core...
shaiksahil0911/pathpilot/pathpilot/settings.py: Using EditorConfig core...
shaiksahil0911/pathpilot/pathpilot/settings.py: {}
shaiksahil0911/pathpilot/pathpilot/settings.py: Using EditorConfig core...
shaiksahil0911/pathpilot/pathpilot/settings.py: Using EditorConfig core...
shaiksahil0911/pathpilot/pathpilot/settings.py: Using EditorConfig core...
shaiksahil0911/pathpilot/pathpilot/settings.py: Using EditorConfig core...
shaiksahil0911/pathpilot/pathpilot/settings.py: {}
shaiksahil0911/pathpilot/pathpilot/settings.py: {}
shaiksahil0911/pathpilot/pathpilot/settings.py: {}
shaiksahil0911/pathpilot/Dockerfile: {}
shaiksahil0911/pathpilot/app/views.py: {}
shaiksahil0911/pathpilot/app/views.py: {}
shaiksahil0911/pathpilot/Dockerfile: {}
shaiksahil0911/pathpilot/manage.py: {}
shaiksahil0911/pathpilot/Dockerfile: {}
shaiksahil0911/pathpilot/Dockerfile: {}
shaiksahil0911/pathpilot/Dockerfile: {}
shaiksahil0911/pathpilot/Dockerfile: {}
shaiksahil0911/pathpilot/pathpilot/wsgi.py: {}
shaiksahil0911/pathpilot/pathpilot/settings.py: {}
shaiksahil0911/pathpilot/manage.py: {}
shaiksahil0911/pathpilot/manage.py: {}
shaiksahil0911/pathpilot/manage.py: {}
shaiksahil0911/pathpilot/pathpilot/settings.py: {}
shaiksahil0911/pathpilot/pathpilot/settings.py: Using EditorConfig core...
shaiksahil0911/pathpilot/pathpilot/settings.py: Using EditorConfig core...
shaiksahil0911/pathpilot/pathpilot/settings.py: {}
shaiksahil0911/pathpilot/Dockerfile: {}
shaiksahil0911/pathpilot/Dockerfile: {}
shaiksahil0911/pathpilot/Dockerfile: {}
shaiksahil0911/pathpilot/Dockerfile: {}
shaiksahil0911/pathpilot/Dockerfile: Using EditorConfig core...
shaiksahil0911/pathpilot/Dockerfile: {}
shaiksahil0911/pathpilot/pathpilot/settings.py: {}
shaiksahil0911/pathpilot/pathpilot/settings.py: {}
shaiksahil0911/pathpilot/pathpilot/settings.py: {}
shaiksahil0911/pathpilot/pathpilot/settings.py: {}
shaiksahil0911/pathpilot/pathpilot/settings.py: {}
shaiksahil0911/pathpilot/app.yaml: {}
shaiksahil0911/pathpilot/app.yaml: Using EditorConfig core...
shaiksahil0911/pathpilot/pathpilot/settings.py: {}
shaiksahil0911/pathpilot/app.yaml: {}
shaiksahil0911/pathpilot/app.yaml: Using EditorConfig core...
shaiksahil0911/pathpilot/app.yaml: Using EditorConfig core...
shaiksahil0911/pathpilot/pathpilot/settings.py: {}
shaiksahil0911/pathpilot/pathpilot/settings.py: {}
shaiksahil0911/pathpilot/pathpilot/settings.py: {}
shaiksahil0911/pathpilot/app.yaml: {}
shaiksahil0911/pathpilot/app.yaml: Using EditorConfig core...
shaiksahil0911/pathpilot/app.yaml: {}
shaiksahil0911/pathpilot/app.yaml: Using EditorConfig core...
shaiksahil0911/pathpilot/app.yaml: {}
shaiksahil0911/pathpilot/app.yaml: Using EditorConfig core...
shaiksahil0911/pathpilot/app.yaml: {}
shaiksahil0911/pathpilot/pathpilot/settings.py: {}
shaiksahil0911/pathpilot/pathpilot/settings.py: {}
shaiksahil0911/pathpilot/app.yaml: {}
shaiksahil0911/pathpilot/app.yaml: Using EditorConfig core...
shaiksahil0911/pathpilot/app.yaml: {}
shaiksahil0911/pathpilot/app.yaml: Using EditorConfig core...
shaiksahil0911/pathpilot/app.yaml: {}
shaiksahil0911/pathpilot/app.yaml: {}
shaiksahil0911/pathpilot/app.yaml: Using EditorConfig core...
shaiksahil0911/pathpilot/app.yaml: {}
shaiksahil0911/pathpilot/app.yaml: Using EditorConfig core...
shaiksahil0911/pathpilot/app.yaml: Using EditorConfig core...
shaiksahil0911/pathpilot/app.yaml: {}
shaiksahil0911/pathpilot/app.yaml: Using EditorConfig core...
shaiksahil0911/pathpilot/app.yaml: {}
shaiksahil0911/pathpilot/pathpilot/settings.py: {}
shaiksahil0911/pathpilot/pathpilot/settings.py: {}
shaiksahil0911/pathpilot/pathpilot/settings.py: Using EditorConfig core...
shaiksahil0911/pathpilot/pathpilot/settings.py: Using EditorConfig core...
shaiksahil0911/pathpilot/pathpilot/settings.py: {}
