2025-08-20 19:33:45.401 [info] Extension host with pid 16077 started
2025-08-20 19:33:45.402 [error] Error: EEXIST: file already exists, open '/home/shaiksahil0911/.codeoss/data/User/workspaceStorage/-1e1ed0aa/vscode.lock'
2025-08-20 19:33:45.402 [info] Lock '/home/shaiksahil0911/.codeoss/data/User/workspaceStorage/-1e1ed0aa/vscode.lock': Could not acquire lock, checking if the file is stale.
2025-08-20 19:33:45.402 [info] Lock '/home/shaiksahil0911/.codeoss/data/User/workspaceStorage/-1e1ed0aa/vscode.lock': The lock does not look stale, elapsed: 249 ms, giving up.
2025-08-20 19:33:45.417 [info] Lock '/home/shaiksahil0911/.codeoss/data/User/workspaceStorage/-1e1ed0aa-1/vscode.lock': Lock acquired.
2025-08-20 19:33:45.528 [info] ExtensionService#_doActivateExtension vscode.emmet, startup: false, activationEvent: 'onLanguage'
2025-08-20 19:33:45.530 [info] ExtensionService#_doActivateExtension ms-python.python, startup: false, activationEvent: 'onLanguage:python'
2025-08-20 19:33:45.531 [info] ExtensionService#_doActivateExtension vscode.configuration-editing, startup: false, activationEvent: 'onLanguage:jsonc'
2025-08-20 19:33:45.531 [info] ExtensionService#_doActivateExtension vscode.json-language-features, startup: false, activationEvent: 'onLanguage:jsonc'
2025-08-20 19:33:45.532 [info] ExtensionService#_doActivateExtension vscode.typescript-language-features, startup: false, activationEvent: 'onLanguage:jsonc'
2025-08-20 19:33:46.195 [error] Error: spawn /google/devshell/editor/code-oss-for-cloud-shell/extensions/ms-python.python/python-env-tools/bin/pet ENOENT
	at ChildProcess._handle.onexit (node:internal/child_process:285:19)
	at onErrorNT (node:internal/child_process:483:16)
	at process.processTicksAndRejections (node:internal/process/task_queues:82:21)
2025-08-20 19:33:46.438 [info] ExtensionService#_doActivateExtension vscode.git-base, startup: true, activationEvent: '*', root cause: vscode.git
2025-08-20 19:33:46.500 [info] ExtensionService#_doActivateExtension vscode.git, startup: true, activationEvent: '*'
2025-08-20 19:33:46.500 [info] ExtensionService#_doActivateExtension vscode.github, startup: true, activationEvent: '*'
2025-08-20 19:33:46.691 [info] Eager extensions activated
2025-08-20 19:33:46.692 [info] ExtensionService#_doActivateExtension EditorConfig.EditorConfig, startup: false, activationEvent: 'onStartupFinished'
2025-08-20 19:33:46.692 [info] ExtensionService#_doActivateExtension google.cloud-shell, startup: false, activationEvent: 'onStartupFinished'
2025-08-20 19:33:46.693 [info] ExtensionService#_doActivateExtension google.geminicodeassist, startup: false, activationEvent: 'onStartupFinished', root cause: googlecloudtools.cloudcode
2025-08-20 19:33:46.693 [info] ExtensionService#_doActivateExtension vscode.debug-auto-launch, startup: false, activationEvent: 'onStartupFinished'
2025-08-20 19:33:46.694 [info] ExtensionService#_doActivateExtension vscode.merge-conflict, startup: false, activationEvent: 'onStartupFinished'
2025-08-20 19:33:49.146 [info] ExtensionService#_doActivateExtension googlecloudtools.cloudcode, startup: false, activationEvent: 'onStartupFinished'
