2025-08-20 18:08:10.248 [info] [main] Log level: Info
2025-08-20 18:08:10.248 [info] [main] Validating found git in: "git"
2025-08-20 18:08:10.248 [info] [main] Using git "2.43.0" from "git"
2025-08-20 18:08:10.248 [info] [Model][doInitialScan] Initial repository scan started
2025-08-20 18:08:10.248 [info] > git rev-parse --show-toplevel [3ms]
2025-08-20 18:08:10.248 [info] fatal: not a git repository (or any parent up to mount point /)
Stopping at filesystem boundary (GIT_DISCOVERY_ACROSS_FILESYSTEM not set).
2025-08-20 18:08:10.248 [info] > git rev-parse --show-toplevel [2573ms]
2025-08-20 18:08:10.248 [info] fatal: not a git repository (or any parent up to mount point /)
Stopping at filesystem boundary (GIT_DISCOVERY_ACROSS_FILESYSTEM not set).
2025-08-20 18:08:10.248 [info] > git rev-parse --show-toplevel [9ms]
2025-08-20 18:08:10.248 [info] fatal: not a git repository (or any parent up to mount point /)
Stopping at filesystem boundary (GIT_DISCOVERY_ACROSS_FILESYSTEM not set).
2025-08-20 18:08:10.278 [info] > git rev-parse --show-toplevel [2ms]
2025-08-20 18:08:10.278 [info] fatal: not a git repository (or any parent up to mount point /)
Stopping at filesystem boundary (GIT_DISCOVERY_ACROSS_FILESYSTEM not set).
2025-08-20 18:08:10.289 [info] > git rev-parse --show-toplevel [2ms]
2025-08-20 18:08:10.289 [info] fatal: not a git repository (or any parent up to mount point /)
Stopping at filesystem boundary (GIT_DISCOVERY_ACROSS_FILESYSTEM not set).
2025-08-20 18:08:10.299 [info] > git rev-parse --show-toplevel [2ms]
2025-08-20 18:08:10.299 [info] fatal: not a git repository (or any parent up to mount point /)
Stopping at filesystem boundary (GIT_DISCOVERY_ACROSS_FILESYSTEM not set).
2025-08-20 18:08:10.309 [info] > git rev-parse --show-toplevel [2ms]
2025-08-20 18:08:10.309 [info] fatal: not a git repository (or any parent up to mount point /)
Stopping at filesystem boundary (GIT_DISCOVERY_ACROSS_FILESYSTEM not set).
2025-08-20 18:08:10.320 [info] > git rev-parse --show-toplevel [2ms]
2025-08-20 18:08:10.320 [info] fatal: not a git repository (or any parent up to mount point /)
Stopping at filesystem boundary (GIT_DISCOVERY_ACROSS_FILESYSTEM not set).
2025-08-20 18:08:10.341 [info] > git rev-parse --show-toplevel [13ms]
2025-08-20 18:08:10.341 [info] fatal: not a git repository (or any parent up to mount point /)
Stopping at filesystem boundary (GIT_DISCOVERY_ACROSS_FILESYSTEM not set).
2025-08-20 18:08:10.360 [info] > git rev-parse --show-toplevel [3ms]
2025-08-20 18:08:10.360 [info] fatal: not a git repository (or any parent up to mount point /)
Stopping at filesystem boundary (GIT_DISCOVERY_ACROSS_FILESYSTEM not set).
2025-08-20 18:08:10.375 [info] > git rev-parse --show-toplevel [3ms]
2025-08-20 18:08:10.375 [info] fatal: not a git repository (or any parent up to mount point /)
Stopping at filesystem boundary (GIT_DISCOVERY_ACROSS_FILESYSTEM not set).
2025-08-20 18:08:10.387 [info] > git rev-parse --show-toplevel [2ms]
2025-08-20 18:08:10.387 [info] fatal: not a git repository (or any parent up to mount point /)
Stopping at filesystem boundary (GIT_DISCOVERY_ACROSS_FILESYSTEM not set).
2025-08-20 18:08:10.401 [info] > git rev-parse --show-toplevel [4ms]
2025-08-20 18:08:10.401 [info] fatal: not a git repository (or any parent up to mount point /)
Stopping at filesystem boundary (GIT_DISCOVERY_ACROSS_FILESYSTEM not set).
2025-08-20 18:08:10.414 [info] > git rev-parse --show-toplevel [3ms]
2025-08-20 18:08:10.414 [info] fatal: not a git repository (or any parent up to mount point /)
Stopping at filesystem boundary (GIT_DISCOVERY_ACROSS_FILESYSTEM not set).
2025-08-20 18:08:10.427 [info] > git rev-parse --show-toplevel [4ms]
2025-08-20 18:08:10.428 [info] fatal: not a git repository (or any parent up to mount point /)
Stopping at filesystem boundary (GIT_DISCOVERY_ACROSS_FILESYSTEM not set).
2025-08-20 18:08:10.442 [info] > git rev-parse --show-toplevel [2ms]
2025-08-20 18:08:10.442 [info] fatal: not a git repository (or any parent up to mount point /)
Stopping at filesystem boundary (GIT_DISCOVERY_ACROSS_FILESYSTEM not set).
2025-08-20 18:08:10.458 [info] > git rev-parse --show-toplevel [7ms]
2025-08-20 18:08:10.458 [info] fatal: not a git repository (or any parent up to mount point /)
Stopping at filesystem boundary (GIT_DISCOVERY_ACROSS_FILESYSTEM not set).
2025-08-20 18:08:10.459 [info] [Model][doInitialScan] Initial repository scan completed - repositories (0), closed repositories (0), parent repositories (0), unsafe repositories (0)
2025-08-20 18:13:57.184 [info] > git rev-parse --show-toplevel [5ms]
2025-08-20 18:13:57.184 [info] fatal: not a git repository (or any parent up to mount point /)
Stopping at filesystem boundary (GIT_DISCOVERY_ACROSS_FILESYSTEM not set).
