Initializing document watcher...
Document watcher initialized
shaiksahil0911/pathpilot/pathpilot/settings.py: {}
shaiksahil0911/pathpilot/pathpilot/settings.py: {}
shaiksahil0911/pathpilot/pathpilot/settings.py: {}
shaiksahil0911/pathpilot/pathpilot/settings.py: {}
shaiksahil0911/pathpilot/pathpilot/settings.py: {}
shaiksahil0911/pathpilot/pathpilot/settings.py: {}
shaiksahil0911/pathpilot/pathpilot/settings.py: {}
shaiksahil0911/pathpilot/db.sqlite3: {}
shaiksahil0911/pathpilot/app/templates/index.html: {}
shaiksahil0911/pathpilot/app/templates/index.html: Using EditorConfig core...
shaiksahil0911/pathpilot/app/templates/index.html: {}
shaiksahil0911/pathpilot/app/templates/fraud_detection/base.html: {}
shaiksahil0911/pathpilot/app/templates/fraud_detection/base.html: Using EditorConfig core...
shaiksahil0911/pathpilot/app/templates/index.html: {}
shaiksahil0911/pathpilot/app/templates/fraud_detection/base.html: {}
shaiksahil0911/pathpilot/app/templates/fraud_detection/base.html: {}
shaiksahil0911/pathpilot/app/templates/fraud_detection/base.html: {}
shaiksahil0911/pathpilot/app/templates/fraud_detection/base.html: Using EditorConfig core...
shaiksahil0911/pathpilot/app/templates/fraud_detection/base.html: {}
shaiksahil0911/pathpilot/app/templates/fraud_detection/home.html: {}
shaiksahil0911/pathpilot/app/templates/fraud_detection/home.html: Using EditorConfig core...
shaiksahil0911/pathpilot/app/templates/fraud_detection/home.html: {}
shaiksahil0911/pathpilot/app/templates/fraud_detection/predict.html: {}
shaiksahil0911/pathpilot/app/templates/fraud_detection/predict.html: Using EditorConfig core...
shaiksahil0911/pathpilot/app/templates/fraud_detection/predict.html: {}
shaiksahil0911/pathpilot/app/templates/fraud_detection/result.html: {}
shaiksahil0911/pathpilot/app/templates/fraud_detection/result.html: Using EditorConfig core...
shaiksahil0911/pathpilot/app/templates/fraud_detection/result.html: {}
shaiksahil0911/pathpilot/app/templates/fraud_detection/dashboard.html: {}
shaiksahil0911/pathpilot/app/templates/fraud_detection/dashboard.html: Using EditorConfig core...
shaiksahil0911/pathpilot/app/templates/fraud_detection/dashboard.html: {}
shaiksahil0911/pathpilot/app/templates/fraud_detection/job_detail.html: {}
shaiksahil0911/pathpilot/app/templates/fraud_detection/job_detail.html: Using EditorConfig core...
shaiksahil0911/pathpilot/app/templates/fraud_detection/job_detail.html: {}
shaiksahil0911/pathpilot/app/templates/fraud_detection/error.html: {}
shaiksahil0911/pathpilot/app/templates/fraud_detection/error.html: Using EditorConfig core...
shaiksahil0911/pathpilot/app/templates/fraud_detection/error.html: {}
shaiksahil0911/pathpilot/app/views.py: {}
shaiksahil0911/pathpilot/app/views.py: Using EditorConfig core...
shaiksahil0911/pathpilot/app/views.py: {}
shaiksahil0911/pathpilot/app/urls.py: {}
shaiksahil0911/pathpilot/app/urls.py: Using EditorConfig core...
shaiksahil0911/pathpilot/app/urls.py: {}
shaiksahil0911/pathpilot/app/urls.py: {}
shaiksahil0911/pathpilot/app/models.py: {}
shaiksahil0911/pathpilot/app/models.py: Using EditorConfig core...
shaiksahil0911/pathpilot/pathpilot/settings.py: {}
shaiksahil0911/pathpilot/pathpilot/settings.py: Using EditorConfig core...
shaiksahil0911/pathpilot/pathpilot/settings.py: Using EditorConfig core...
shaiksahil0911/pathpilot/pathpilot/settings.py: Using EditorConfig core...
shaiksahil0911/pathpilot/pathpilot/settings.py: Using EditorConfig core...
shaiksahil0911/pathpilot/pathpilot/settings.py: {}
shaiksahil0911/pathpilot/pathpilot/settings.py: {}
shaiksahil0911/pathpilot/pathpilot/settings.py: {}
shaiksahil0911/pathpilot/pathpilot/settings.py: {}
shaiksahil0911/pathpilot/app/ml_service.py: {}
shaiksahil0911/pathpilot/app/ml_service.py: Using EditorConfig core...
shaiksahil0911/pathpilot/app/ml_service.py: {}
shaiksahil0911/pathpilot/app/ml_service.py: {}
shaiksahil0911/pathpilot/requirements.txt: {}
shaiksahil0911/pathpilot/requirements.txt: {}
shaiksahil0911/pathpilot/app/ml_service.py: {}
shaiksahil0911/pathpilot/app/ml_service.py: Using EditorConfig core...
shaiksahil0911/pathpilot/app/ml_service.py: {}
shaiksahil0911/pathpilot/app/ml_service.py: {}
shaiksahil0911/pathpilot/pathpilot/settings.py: {}
shaiksahil0911/pathpilot/pathpilot/settings.py: Using EditorConfig core...
shaiksahil0911/pathpilot/pathpilot/settings.py: {}
shaiksahil0911/pathpilot/pathpilot/settings.py: Using EditorConfig core...
shaiksahil0911/pathpilot/pathpilot/settings.py: {}
shaiksahil0911/pathpilot/pathpilot/settings.py: Using EditorConfig core...
shaiksahil0911/pathpilot/pathpilot/settings.py: Using EditorConfig core...
shaiksahil0911/pathpilot/pathpilot/settings.py: Using EditorConfig core...
shaiksahil0911/pathpilot/pathpilot/settings.py: Using EditorConfig core...
shaiksahil0911/pathpilot/pathpilot/settings.py: Using EditorConfig core...
shaiksahil0911/pathpilot/pathpilot/settings.py: {}
shaiksahil0911/pathpilot/pathpilot/settings.py: {}
shaiksahil0911/pathpilot/pathpilot/settings.py: {}
shaiksahil0911/pathpilot/pathpilot/settings.py: {}
shaiksahil0911/pathpilot/pathpilot/settings.py: {}
No more open editors.
No more open editors.
No more open editors.
No more open editors.
shaiksahil0911/pathpilot/app/management/commands/load_dataset.py: {}
shaiksahil0911/pathpilot/app/management/commands/load_dataset.py: Using EditorConfig core...
shaiksahil0911/pathpilot/app/management/commands/load_dataset.py: {}
shaiksahil0911/pathpilot/app/management/commands/load_dataset.py: {}
shaiksahil0911/pathpilot/app/management/commands/load_dataset.py: {}
shaiksahil0911/pathpilot/app/management/commands/load_dataset.py: {}
shaiksahil0911/pathpilot/app/management/commands/load_dataset.py: {}
shaiksahil0911/pathpilot/app/management/commands/load_dataset.py: {}
shaiksahil0911/pathpilot/app/views.py: {}
shaiksahil0911/pathpilot/app/views.py: Using EditorConfig core...
shaiksahil0911/pathpilot/app/views.py: Using EditorConfig core...
shaiksahil0911/pathpilot/app/views.py: Using EditorConfig core...
shaiksahil0911/pathpilot/app/views.py: {}
shaiksahil0911/pathpilot/app/views.py: {}
shaiksahil0911/pathpilot/app/views.py: {}
No more open editors.
No more open editors.
shaiksahil0911/pathpilot/app/templates/fraud_detection/dashboard.html: Using EditorConfig core...
shaiksahil0911/pathpilot/app/templates/fraud_detection/dashboard.html: Using EditorConfig core...
shaiksahil0911/pathpilot/app/templates/fraud_detection/dashboard.html: {}
shaiksahil0911/pathpilot/app/templates/fraud_detection/dashboard.html: {}
shaiksahil0911/pathpilot/app/templates/fraud_detection/dashboard.html: {}
shaiksahil0911/pathpilot/app/templates/fraud_detection/dashboard.html: {}
shaiksahil0911/pathpilot/app/templates/fraud_detection/dashboard.html: {}
shaiksahil0911/pathpilot/app/templates/fraud_detection/dashboard.html: {}
shaiksahil0911/pathpilot/app/templates/fraud_detection/dashboard.html: {}
shaiksahil0911/pathpilot/app/templates/fraud_detection/dashboard.html: {}
shaiksahil0911/pathpilot/app/templates/fraud_detection/dashboard.html: {}
shaiksahil0911/pathpilot/app/templates/fraud_detection/dashboard.html: {}
shaiksahil0911/pathpilot/pathpilot/settings.py: {}
shaiksahil0911/pathpilot/pathpilot/settings.py: Using EditorConfig core...
shaiksahil0911/pathpilot/pathpilot/settings.py: {}
shaiksahil0911/pathpilot/pathpilot/settings.py: {}
shaiksahil0911/pathpilot/pathpilot/settings.py: {}
shaiksahil0911/pathpilot/app/models.py: {}
shaiksahil0911/pathpilot/app/models.py: Using EditorConfig core...
shaiksahil0911/pathpilot/app/models.py: {}
shaiksahil0911/pathpilot/app/models.py: {}
