Initializing document watcher...
Document watcher initialized
shaiksahil0911/resume_ai/parser/views.py: {}
shaiksahil0911/resume_ai/templates/upload.html: {}
shaiksahil0911/resume_ai/templates/result.html: {}
shaiksahil0911/resume_ai/parser/views.py: {}
shaiksahil0911/resume_ai/parser/views.py: {}
shaiksahil0911/resume_ai/parser/views.py: {}
shaiksahil0911/resume_ai/requirements.txt: {}
shaiksahil0911/resume_ai/requirements.txt: {}
shaiksahil0911/resume_ai/templates/upload.html: {}
shaiksahil0911/resume_ai/parser/views.py: {}
shaiksahil0911/resume_ai/parser/views.py: Using EditorConfig core...
shaiksahil0911/resume_ai/parser/views.py: {}
shaiksahil0911/resume_ai/requirements.txt: {}
shaiksahil0911/resume_ai/requirements.txt: {}
shaiksahil0911/resume_ai/templates/result.html: {}
shaiksahil0911/resume_ai/parser/views.py: {}
shaiksahil0911/resume_ai/parser/views.py: {}
shaiksahil0911/resume_ai/templates/upload.html: {}
shaiksahil0911/resume_ai/templates/result.html: {}
shaiksahil0911/resume_ai/templates/result.html: {}
shaiksahil0911/resume_ai/templates/result.html: {}
shaiksahil0911/resume_ai/templates/upload.html: {}
shaiksahil0911/resume_ai/templates/upload.html: {}
shaiksahil0911/resume_ai/resume_ai/urls.py: {}
shaiksahil0911/resume_ai/parser/urls.py: {}
shaiksahil0911/resume_ai/resume_ai/urls.py: {}
shaiksahil0911/resume_ai/resume_ai/urls.py: Using EditorConfig core...
shaiksahil0911/resume_ai/resume_ai/urls.py: Using EditorConfig core...
shaiksahil0911/resume_ai/resume_ai/urls.py: Using EditorConfig core...
shaiksahil0911/resume_ai/resume_ai/urls.py: Using EditorConfig core...
shaiksahil0911/resume_ai/resume_ai/urls.py: Using EditorConfig core...
shaiksahil0911/resume_ai/resume_ai/urls.py: Using EditorConfig core...
shaiksahil0911/resume_ai/resume_ai/urls.py: Using EditorConfig core...
shaiksahil0911/resume_ai/resume_ai/urls.py: Using EditorConfig core...
shaiksahil0911/resume_ai/resume_ai/urls.py: Using EditorConfig core...
shaiksahil0911/resume_ai/resume_ai/urls.py: Using EditorConfig core...
shaiksahil0911/resume_ai/resume_ai/urls.py: Using EditorConfig core...
shaiksahil0911/resume_ai/resume_ai/urls.py: Using EditorConfig core...
shaiksahil0911/resume_ai/resume_ai/urls.py: Using EditorConfig core...
shaiksahil0911/resume_ai/resume_ai/urls.py: Using EditorConfig core...
shaiksahil0911/resume_ai/resume_ai/urls.py: {}
shaiksahil0911/resume_ai/resume_ai/urls.py: Using EditorConfig core...
shaiksahil0911/resume_ai/resume_ai/urls.py: Using EditorConfig core...
shaiksahil0911/resume_ai/resume_ai/urls.py: Using EditorConfig core...
shaiksahil0911/resume_ai/parser/urls.py: {}
shaiksahil0911/resume_ai/parser/urls.py: Using EditorConfig core...
shaiksahil0911/resume_ai/parser/urls.py: Using EditorConfig core...
shaiksahil0911/resume_ai/parser/urls.py: {}
shaiksahil0911/resume_ai/parser/urls.py: Using EditorConfig core...
shaiksahil0911/resume_ai/parser/urls.py: {}
shaiksahil0911/resume_ai/parser/urls.py: Using EditorConfig core...
shaiksahil0911/resume_ai/parser/urls.py: Using EditorConfig core...
shaiksahil0911/resume_ai/parser/urls.py: {}
shaiksahil0911/resume_ai/parser/views.py: {}
shaiksahil0911/resume_ai/parser/views.py: {}
shaiksahil0911/resume_ai/parser/views.py: {}
shaiksahil0911/resume_ai/parser/views.py: {}
shaiksahil0911/resume_ai/parser/views.py: Using EditorConfig core...
shaiksahil0911/resume_ai/parser/views.py: {}
shaiksahil0911/resume_ai/parser/views.py: Using EditorConfig core...
shaiksahil0911/resume_ai/parser/views.py: {}
shaiksahil0911/resume_ai/parser/views.py: {}
shaiksahil0911/resume_ai/parser/views.py: Using EditorConfig core...
shaiksahil0911/resume_ai/resume_ai/urls.py: {}
shaiksahil0911/resume_ai/resume_ai/urls.py: Using EditorConfig core...
shaiksahil0911/resume_ai/resume_ai/urls.py: Using EditorConfig core...
shaiksahil0911/resume_ai/parser/urls.py: {}
shaiksahil0911/resume_ai/parser/urls.py: Using EditorConfig core...
shaiksahil0911/resume_ai/parser/views.py: {}
shaiksahil0911/resume_ai/templates/result.html: {}
shaiksahil0911/resume_ai/templates/result.html: {}
shaiksahil0911/resume_ai/templates/result.html: {}
shaiksahil0911/resume_ai/templates/result.html: Using EditorConfig core...
shaiksahil0911/resume_ai/templates/result.html: Using EditorConfig core...
shaiksahil0911/resume_ai/templates/result.html: Using EditorConfig core...
shaiksahil0911/resume_ai/templates/result.html: {}
shaiksahil0911/resume_ai/templates/result.html: Using EditorConfig core...
shaiksahil0911/resume_ai/templates/result.html: Using EditorConfig core...
shaiksahil0911/resume_ai/templates/result.html: Using EditorConfig core...
shaiksahil0911/resume_ai/templates/result.html: {}
shaiksahil0911/resume_ai/templates/result.html: {}
shaiksahil0911/resume_ai/templates/result.html: Using EditorConfig core...
shaiksahil0911/resume_ai/templates/result.html: Using EditorConfig core...
shaiksahil0911/resume_ai/templates/result.html: Using EditorConfig core...
shaiksahil0911/resume_ai/templates/result.html: Using EditorConfig core...
shaiksahil0911/resume_ai/templates/result.html: Using EditorConfig core...
shaiksahil0911/resume_ai/templates/result.html: Using EditorConfig core...
shaiksahil0911/resume_ai/templates/result.html: Using EditorConfig core...
shaiksahil0911/resume_ai/templates/result.html: Using EditorConfig core...
shaiksahil0911/resume_ai/templates/result.html: Using EditorConfig core...
shaiksahil0911/resume_ai/templates/result.html: Using EditorConfig core...
shaiksahil0911/resume_ai/templates/result.html: Using EditorConfig core...
shaiksahil0911/resume_ai/templates/result.html: Using EditorConfig core...
shaiksahil0911/resume_ai/templates/result.html: {}
shaiksahil0911/resume_ai/templates/result.html: {}
shaiksahil0911/resume_ai/parser/views.py: {}
shaiksahil0911/resume_ai/parser/views.py: {}
shaiksahil0911/resume_ai/parser/views.py: {}
shaiksahil0911/resume_ai/parser/views.py: Using EditorConfig core...
shaiksahil0911/resume_ai/parser/views.py: {}
shaiksahil0911/resume_ai/parser/views.py: {}
shaiksahil0911/resume_ai/parser/views.py: {}
shaiksahil0911/resume_ai/templates/upload.html: {}
shaiksahil0911/resume_ai/templates/result.html: {}
shaiksahil0911/resume_ai/templates/result.html: Using EditorConfig core...
shaiksahil0911/resume_ai/templates/result.html: {}
shaiksahil0911/resume_ai/parser/views.py: {}
shaiksahil0911/resume_ai/parser/views.py: Using EditorConfig core...
shaiksahil0911/resume_ai/parser/views.py: {}
shaiksahil0911/resume_ai/parser/views.py: {}
shaiksahil0911/resume_ai/parser/views.py: {}
shaiksahil0911/resume_ai/templates/upload.html: {}
shaiksahil0911/resume_ai/templates/result.html: {}
shaiksahil0911/resume_ai/templates/result.html: {}
shaiksahil0911/resume_ai/templates/upload.html: {}
shaiksahil0911/resume_ai/parser/views.py: {}
shaiksahil0911/resume_ai/parser/views.py: {}
shaiksahil0911/resume_ai/parser/views.py: {}
shaiksahil0911/resume_ai/templates/upload.html: {}
shaiksahil0911/resume_ai/templates/result.html: {}
shaiksahil0911/resume_ai/templates/result.html: Using EditorConfig core...
shaiksahil0911/resume_ai/templates/result.html: Using EditorConfig core...
shaiksahil0911/resume_ai/templates/result.html: {}
shaiksahil0911/resume_ai/templates/result.html: {}
shaiksahil0911/resume_ai/templates/result.html: {}
shaiksahil0911/resume_ai/templates/result.html: Using EditorConfig core...
shaiksahil0911/resume_ai/templates/upload.html: {}
shaiksahil0911/resume_ai/parser/views.py: {}
shaiksahil0911/resume_ai/parser/views.py: Using EditorConfig core...
shaiksahil0911/resume_ai/parser/views.py: {}
shaiksahil0911/resume_ai/parser/views.py: {}
shaiksahil0911/resume_ai/parser/views.py: {}
