2025-06-02 16:33:00.389 [warning] Dir "/home/shaiksahil0911/.pixi/envs" is not watchable (directory does not exist)
2025-06-02 16:33:00.547 [info] Running installed packages checker:  {
  id: '/home/shaiksahil0911/venv/bin/python',
  sysPrefix: '/home/shaiksahil0911/venv',
  envType: 'Venv',
  envName: 'venv',
  envPath: '/home/shaiksahil0911/venv',
  path: '/home/shaiksahil0911/venv/bin/python',
  architecture: 3,
  sysVersion: '3.12.3 (main, Feb  4 2025, 14:48:35) [GCC 13.3.0]',
  version: {
    raw: '3.12.3',
    major: 3,
    minor: 12,
    patch: 3,
    build: [],
    prerelease: [ 'final', '0' ]
  },
  displayName: "Python 3.12.3 ('venv')",
  detailedDisplayName: "Python 3.12.3 ('venv': venv)",
  type: 'Virtual'
} /google/devshell/editor/code-oss-for-cloud-shell/extensions/ms-python.python/python_files/installed_check.py /home/shaiksahil0911/resume_ai/requirements.txt
2025-06-02 16:33:00.547 [info] > ./venv/bin/python /google/devshell/editor/code-oss-for-cloud-shell/extensions/ms-python.python/python_files/installed_check.py ./resume_ai/requirements.txt
2025-06-02 16:33:00.550 [info] Python interpreter path: ./venv/bin/python
2025-06-02 16:33:00.803 [info] > pyenv which python
2025-06-02 16:33:00.803 [info] cwd: .
2025-06-02 16:33:02.879 [info] Running installed packages checker:  {
  id: '/home/shaiksahil0911/venv/bin/python',
  sysPrefix: '/home/shaiksahil0911/venv',
  envType: 'Venv',
  envName: 'venv',
  envPath: '/home/shaiksahil0911/venv',
  path: '/home/shaiksahil0911/venv/bin/python',
  architecture: 3,
  sysVersion: '3.12.3 (main, Feb  4 2025, 14:48:35) [GCC 13.3.0]',
  version: {
    raw: '3.12.3',
    major: 3,
    minor: 12,
    patch: 3,
    build: [],
    prerelease: [ 'final', '0' ]
  },
  displayName: "Python 3.12.3 ('venv')",
  detailedDisplayName: "Python 3.12.3 ('venv': venv)",
  type: 'Virtual'
} /google/devshell/editor/code-oss-for-cloud-shell/extensions/ms-python.python/python_files/installed_check.py /home/shaiksahil0911/resume_ai/requirements.txt
2025-06-02 16:33:02.879 [info] > ./venv/bin/python /google/devshell/editor/code-oss-for-cloud-shell/extensions/ms-python.python/python_files/installed_check.py ./resume_ai/requirements.txt
2025-06-02 16:33:03.012 [info] Starting Jedi language server for shaiksahil0911.
2025-06-02 16:33:04.776 [info] Running installed packages checker:  {
  id: '/home/shaiksahil0911/venv/bin/python',
  sysPrefix: '/home/shaiksahil0911/venv',
  envType: 'Venv',
  envName: 'venv',
  envPath: '/home/shaiksahil0911/venv',
  path: '/home/shaiksahil0911/venv/bin/python',
  architecture: 3,
  sysVersion: '3.12.3 (main, Feb  4 2025, 14:48:35) [GCC 13.3.0]',
  version: {
    raw: '3.12.3',
    major: 3,
    minor: 12,
    patch: 3,
    build: [],
    prerelease: [ 'final', '0' ]
  },
  displayName: "Python 3.12.3 ('venv')",
  detailedDisplayName: "Python 3.12.3 ('venv': venv)",
  type: 'Virtual'
} /google/devshell/editor/code-oss-for-cloud-shell/extensions/ms-python.python/python_files/installed_check.py /home/shaiksahil0911/resume_ai/requirements.txt
2025-06-02 16:33:04.776 [info] > ./venv/bin/python /google/devshell/editor/code-oss-for-cloud-shell/extensions/ms-python.python/python_files/installed_check.py ./resume_ai/requirements.txt
2025-06-02 16:33:10.422 [info] Running installed packages checker:  {
  id: '/home/shaiksahil0911/venv/bin/python',
  sysPrefix: '/home/shaiksahil0911/venv',
  envType: 'Venv',
  envName: 'venv',
  envPath: '/home/shaiksahil0911/venv',
  path: '/home/shaiksahil0911/venv/bin/python',
  architecture: 3,
  sysVersion: '3.12.3 (main, Feb  4 2025, 14:48:35) [GCC 13.3.0]',
  version: {
    raw: '3.12.3',
    major: 3,
    minor: 12,
    patch: 3,
    build: [],
    prerelease: [ 'final', '0' ]
  },
  displayName: "Python 3.12.3 ('venv')",
  detailedDisplayName: "Python 3.12.3 ('venv': venv)",
  type: 'Virtual'
} /google/devshell/editor/code-oss-for-cloud-shell/extensions/ms-python.python/python_files/installed_check.py /home/shaiksahil0911/resume_ai/requirements.txt
2025-06-02 16:33:10.422 [info] > ./venv/bin/python /google/devshell/editor/code-oss-for-cloud-shell/extensions/ms-python.python/python_files/installed_check.py ./resume_ai/requirements.txt
2025-06-02 16:33:13.375 [info] Running installed packages checker:  {
  id: '/home/shaiksahil0911/venv/bin/python',
  sysPrefix: '/home/shaiksahil0911/venv',
  envType: 'Venv',
  envName: 'venv',
  envPath: '/home/shaiksahil0911/venv',
  path: '/home/shaiksahil0911/venv/bin/python',
  architecture: 3,
  sysVersion: '3.12.3 (main, Feb  4 2025, 14:48:35) [GCC 13.3.0]',
  version: {
    raw: '3.12.3',
    major: 3,
    minor: 12,
    patch: 3,
    build: [],
    prerelease: [ 'final', '0' ]
  },
  displayName: "Python 3.12.3 ('venv')",
  detailedDisplayName: "Python 3.12.3 ('venv': venv)",
  type: 'Virtual'
} /google/devshell/editor/code-oss-for-cloud-shell/extensions/ms-python.python/python_files/installed_check.py /home/shaiksahil0911/resume_ai/requirements.txt
2025-06-02 16:33:13.375 [info] > ./venv/bin/python /google/devshell/editor/code-oss-for-cloud-shell/extensions/ms-python.python/python_files/installed_check.py ./resume_ai/requirements.txt
2025-06-02 16:33:15.594 [info] Running installed packages checker:  {
  id: '/home/shaiksahil0911/venv/bin/python',
  sysPrefix: '/home/shaiksahil0911/venv',
  envType: 'Venv',
  envName: 'venv',
  envPath: '/home/shaiksahil0911/venv',
  path: '/home/shaiksahil0911/venv/bin/python',
  architecture: 3,
  sysVersion: '3.12.3 (main, Feb  4 2025, 14:48:35) [GCC 13.3.0]',
  version: {
    raw: '3.12.3',
    major: 3,
    minor: 12,
    patch: 3,
    build: [],
    prerelease: [ 'final', '0' ]
  },
  displayName: "Python 3.12.3 ('venv')",
  detailedDisplayName: "Python 3.12.3 ('venv': venv)",
  type: 'Virtual'
} /google/devshell/editor/code-oss-for-cloud-shell/extensions/ms-python.python/python_files/installed_check.py /home/shaiksahil0911/resume_ai/requirements.txt
2025-06-02 16:33:15.594 [info] > ./venv/bin/python /google/devshell/editor/code-oss-for-cloud-shell/extensions/ms-python.python/python_files/installed_check.py ./resume_ai/requirements.txt
2025-06-02 16:33:29.706 [info] Send text to terminal: source /home/shaiksahil0911/venv/bin/activate
