2025-08-16 10:33:49.699 [warning] Dir "/home/shaiksahil0911/.pixi/envs" is not watchable (directory does not exist)
2025-08-16 10:33:49.699 [info] Starting Environment refresh
2025-08-16 10:33:49.699 [info] Searching for interpreters in posix paths locator
2025-08-16 10:33:49.699 [info] Searching for pyenv environments
2025-08-16 10:33:49.699 [info] Searching for conda environments
2025-08-16 10:33:49.699 [info] Searching for global virtual environments
2025-08-16 10:33:49.699 [info] Searching for custom virtual environments
2025-08-16 10:33:49.699 [info] pyenv is not installed
2025-08-16 10:33:49.699 [info] Finished searching for pyenv environments: 17 milliseconds
2025-08-16 10:33:49.699 [info] Finished searching for custom virtual envs: 15 milliseconds
2025-08-16 10:33:49.699 [info] Finished searching for global virtual envs: 20 milliseconds
2025-08-16 10:33:49.700 [info] Found: /bin/python --> /bin/python3.12
2025-08-16 10:33:49.701 [info] Found: /bin/python3 --> /bin/python3.12
2025-08-16 10:33:49.701 [info] Found: /bin/python3.12 --> /bin/python3.12
2025-08-16 10:33:49.716 [info] Found: /usr/bin/python --> /usr/bin/python3.12
2025-08-16 10:33:49.717 [info] Found: /usr/bin/python3 --> /usr/bin/python3.12
2025-08-16 10:33:49.717 [info] Found: /usr/bin/python3.12 --> /usr/bin/python3.12
2025-08-16 10:33:49.752 [info] Finished searching for interpreters in posix paths locator: 86 milliseconds
2025-08-16 10:33:49.794 [info] > pyenv which python
2025-08-16 10:33:49.794 [info] cwd: .
2025-08-16 10:33:49.802 [info] > conda info --json
2025-08-16 10:33:49.811 [info] > hatch env show --json
2025-08-16 10:33:49.811 [info] cwd: .
2025-08-16 10:33:49.827 [info] > ./venv/bin/python -I /google/devshell/editor/code-oss-for-cloud-shell/extensions/ms-python.python/python_files/get_output_via_markers.py /google/devshell/editor/code-oss-for-cloud-shell/extensions/ms-python.python/python_files/interpreterInfo.py
2025-08-16 10:33:49.833 [info] > /bin/python -I /google/devshell/editor/code-oss-for-cloud-shell/extensions/ms-python.python/python_files/get_output_via_markers.py /google/devshell/editor/code-oss-for-cloud-shell/extensions/ms-python.python/python_files/interpreterInfo.py
2025-08-16 10:33:49.835 [info] Environments refresh paths discovered (event): 170 milliseconds
2025-08-16 10:33:49.835 [info] Environments refresh paths discovered: 170 milliseconds
2025-08-16 10:33:49.890 [info] > /usr/bin/python -I /google/devshell/editor/code-oss-for-cloud-shell/extensions/ms-python.python/python_files/get_output_via_markers.py /google/devshell/editor/code-oss-for-cloud-shell/extensions/ms-python.python/python_files/interpreterInfo.py
2025-08-16 10:33:49.938 [info] Environments refresh finished (event): 273 milliseconds
2025-08-16 10:33:49.952 [info] Environment refresh took 286 milliseconds
2025-08-16 10:33:50.016 [info] Python interpreter path: ./venv/bin/python
2025-08-16 10:33:51.983 [info] Starting Jedi language server for shaiksahil0911.
2025-08-16 10:33:58.700 [info] Discover tests for workspace name: shaiksahil0911 - uri: /home/shaiksahil0911/pathpilot/pathpilot/urls.py
2025-08-16 10:34:09.229 [info] Discover tests for workspace name: shaiksahil0911 - uri: /home/shaiksahil0911/pathpilot/pathpilot/urls.py
2025-08-16 10:34:11.430 [info] Discover tests for workspace name: shaiksahil0911 - uri: /home/shaiksahil0911/pathpilot/pathpilot/urls.py
2025-08-16 10:34:15.633 [info] Discover tests for workspace name: shaiksahil0911 - uri: /home/shaiksahil0911/pathpilot/pathpilot/urls.py
2025-08-16 10:34:18.650 [info] Discover tests for workspace name: shaiksahil0911 - uri: /home/shaiksahil0911/pathpilot/pathpilot/urls.py
2025-08-16 10:34:21.594 [info] Discover tests for workspace name: shaiksahil0911 - uri: /home/shaiksahil0911/pathpilot/pathpilot/urls.py
2025-08-16 10:34:59.314 [info] Discover tests for workspace name: shaiksahil0911 - uri: /home/shaiksahil0911/pathpilot/app/urls.py
2025-08-16 10:35:00.111 [info] Discover tests for workspace name: shaiksahil0911 - uri: /home/shaiksahil0911/pathpilot/app/urls.py
2025-08-16 10:35:00.589 [info] Discover tests for workspace name: shaiksahil0911 - uri: /home/shaiksahil0911/pathpilot/app/urls.py
2025-08-16 10:35:51.861 [info] Discover tests for workspace name: shaiksahil0911 - uri: /home/shaiksahil0911/pathpilot/pathpilot/urls.py
2025-08-16 10:35:56.507 [info] Discover tests for workspace name: shaiksahil0911 - uri: /home/shaiksahil0911/pathpilot/app/urls.py
2025-08-16 10:36:28.788 [info] Discover tests for workspace name: shaiksahil0911 - uri: /home/shaiksahil0911/pathpilot/app/urls.py
2025-08-16 10:36:31.320 [info] Discover tests for workspace name: shaiksahil0911 - uri: /home/shaiksahil0911/pathpilot/app/views.py
2025-08-16 10:36:41.373 [info] Discover tests for workspace name: shaiksahil0911 - uri: /home/shaiksahil0911/pathpilot/app/urls.py
2025-08-16 10:42:42.903 [info] Running installed packages checker:  {
  id: '/home/shaiksahil0911/venv/bin/python',
  sysPrefix: '/home/shaiksahil0911/venv',
  envType: 'Venv',
  envName: 'venv',
  envPath: '/home/shaiksahil0911/venv',
  path: '/home/shaiksahil0911/venv/bin/python',
  architecture: 3,
  sysVersion: '3.12.3 (main, Jun 18 2025, 17:59:45) [GCC 13.3.0]',
  version: {
    raw: '3.12.3',
    major: 3,
    minor: 12,
    patch: 3,
    build: [],
    prerelease: [ 'final', '0' ]
  },
  displayName: "Python 3.12.3 ('venv')",
  detailedDisplayName: "Python 3.12.3 ('venv': venv)",
  type: 'Virtual'
} /google/devshell/editor/code-oss-for-cloud-shell/extensions/ms-python.python/python_files/installed_check.py /home/shaiksahil0911/pathpilot/requirements.txt
2025-08-16 10:42:42.903 [info] > ./venv/bin/python /google/devshell/editor/code-oss-for-cloud-shell/extensions/ms-python.python/python_files/installed_check.py ./pathpilot/requirements.txt
2025-08-16 10:42:51.673 [info] Running installed packages checker:  {
  id: '/home/shaiksahil0911/venv/bin/python',
  sysPrefix: '/home/shaiksahil0911/venv',
  envType: 'Venv',
  envName: 'venv',
  envPath: '/home/shaiksahil0911/venv',
  path: '/home/shaiksahil0911/venv/bin/python',
  architecture: 3,
  sysVersion: '3.12.3 (main, Jun 18 2025, 17:59:45) [GCC 13.3.0]',
  version: {
    raw: '3.12.3',
    major: 3,
    minor: 12,
    patch: 3,
    build: [],
    prerelease: [ 'final', '0' ]
  },
  displayName: "Python 3.12.3 ('venv')",
  detailedDisplayName: "Python 3.12.3 ('venv': venv)",
  type: 'Virtual'
} /google/devshell/editor/code-oss-for-cloud-shell/extensions/ms-python.python/python_files/installed_check.py /home/shaiksahil0911/pathpilot/requirements.txt
2025-08-16 10:42:51.673 [info] > ./venv/bin/python /google/devshell/editor/code-oss-for-cloud-shell/extensions/ms-python.python/python_files/installed_check.py ./pathpilot/requirements.txt
