2025-08-16 10:29:17.790 [info] [main] Log level: Info
2025-08-16 10:29:17.790 [info] [main] Validating found git in: "git"
2025-08-16 10:29:17.790 [info] [main] Using git "2.43.0" from "git"
2025-08-16 10:29:17.790 [info] [Model][doInitialScan] Initial repository scan started
2025-08-16 10:29:17.790 [info] > git rev-parse --show-toplevel [9ms]
2025-08-16 10:29:17.790 [info] fatal: not a git repository (or any parent up to mount point /)
Stopping at filesystem boundary (GIT_DISCOVERY_ACROSS_FILESYSTEM not set).
2025-08-16 10:29:17.791 [info] > git rev-parse --show-toplevel [4ms]
2025-08-16 10:29:17.791 [info] fatal: not a git repository (or any parent up to mount point /)
Stopping at filesystem boundary (GIT_DISCOVERY_ACROSS_FILESYSTEM not set).
2025-08-16 10:29:17.797 [info] > git rev-parse --show-toplevel [2ms]
2025-08-16 10:29:17.797 [info] fatal: not a git repository (or any parent up to mount point /)
Stopping at filesystem boundary (GIT_DISCOVERY_ACROSS_FILESYSTEM not set).
2025-08-16 10:29:17.802 [info] > git rev-parse --show-toplevel [2ms]
2025-08-16 10:29:17.802 [info] fatal: not a git repository (or any parent up to mount point /)
Stopping at filesystem boundary (GIT_DISCOVERY_ACROSS_FILESYSTEM not set).
2025-08-16 10:29:17.807 [info] > git rev-parse --show-toplevel [1ms]
2025-08-16 10:29:17.807 [info] fatal: not a git repository (or any parent up to mount point /)
Stopping at filesystem boundary (GIT_DISCOVERY_ACROSS_FILESYSTEM not set).
2025-08-16 10:29:17.812 [info] > git rev-parse --show-toplevel [2ms]
2025-08-16 10:29:17.812 [info] fatal: not a git repository (or any parent up to mount point /)
Stopping at filesystem boundary (GIT_DISCOVERY_ACROSS_FILESYSTEM not set).
2025-08-16 10:29:17.820 [info] > git rev-parse --show-toplevel [5ms]
2025-08-16 10:29:17.820 [info] fatal: not a git repository (or any parent up to mount point /)
Stopping at filesystem boundary (GIT_DISCOVERY_ACROSS_FILESYSTEM not set).
2025-08-16 10:29:17.826 [info] > git rev-parse --show-toplevel [2ms]
2025-08-16 10:29:17.826 [info] fatal: not a git repository (or any parent up to mount point /)
Stopping at filesystem boundary (GIT_DISCOVERY_ACROSS_FILESYSTEM not set).
2025-08-16 10:29:17.831 [info] > git rev-parse --show-toplevel [2ms]
2025-08-16 10:29:17.831 [info] fatal: not a git repository (or any parent up to mount point /)
Stopping at filesystem boundary (GIT_DISCOVERY_ACROSS_FILESYSTEM not set).
2025-08-16 10:29:17.836 [info] > git rev-parse --show-toplevel [2ms]
2025-08-16 10:29:17.836 [info] fatal: not a git repository (or any parent up to mount point /)
Stopping at filesystem boundary (GIT_DISCOVERY_ACROSS_FILESYSTEM not set).
2025-08-16 10:29:17.841 [info] > git rev-parse --show-toplevel [2ms]
2025-08-16 10:29:17.841 [info] fatal: not a git repository (or any parent up to mount point /)
Stopping at filesystem boundary (GIT_DISCOVERY_ACROSS_FILESYSTEM not set).
2025-08-16 10:29:17.846 [info] > git rev-parse --show-toplevel [2ms]
2025-08-16 10:29:17.846 [info] fatal: not a git repository (or any parent up to mount point /)
Stopping at filesystem boundary (GIT_DISCOVERY_ACROSS_FILESYSTEM not set).
2025-08-16 10:29:17.851 [info] > git rev-parse --show-toplevel [2ms]
2025-08-16 10:29:17.851 [info] fatal: not a git repository (or any parent up to mount point /)
Stopping at filesystem boundary (GIT_DISCOVERY_ACROSS_FILESYSTEM not set).
2025-08-16 10:29:17.856 [info] > git rev-parse --show-toplevel [2ms]
2025-08-16 10:29:17.856 [info] fatal: not a git repository (or any parent up to mount point /)
Stopping at filesystem boundary (GIT_DISCOVERY_ACROSS_FILESYSTEM not set).
2025-08-16 10:29:17.856 [info] [Model][doInitialScan] Initial repository scan completed - repositories (0), closed repositories (0), parent repositories (0), unsafe repositories (0)
2025-08-16 10:33:49.441 [info] > git rev-parse --show-toplevel [5ms]
2025-08-16 10:33:49.441 [info] fatal: not a git repository (or any parent up to mount point /)
Stopping at filesystem boundary (GIT_DISCOVERY_ACROSS_FILESYSTEM not set).
2025-08-16 10:33:51.055 [info] > git rev-parse --show-toplevel [6ms]
2025-08-16 10:33:51.055 [info] fatal: not a git repository (or any parent up to mount point /)
Stopping at filesystem boundary (GIT_DISCOVERY_ACROSS_FILESYSTEM not set).
2025-08-16 10:33:51.508 [info] > git rev-parse --show-toplevel [5ms]
2025-08-16 10:33:51.508 [info] fatal: not a git repository (or any parent up to mount point /)
Stopping at filesystem boundary (GIT_DISCOVERY_ACROSS_FILESYSTEM not set).
2025-08-16 10:34:24.084 [info] > git rev-parse --show-toplevel [3ms]
2025-08-16 10:34:24.084 [info] fatal: not a git repository (or any parent up to mount point /)
Stopping at filesystem boundary (GIT_DISCOVERY_ACROSS_FILESYSTEM not set).
2025-08-16 10:35:44.287 [info] > git rev-parse --show-toplevel [3ms]
2025-08-16 10:35:44.287 [info] fatal: not a git repository (or any parent up to mount point /)
Stopping at filesystem boundary (GIT_DISCOVERY_ACROSS_FILESYSTEM not set).
2025-08-16 10:35:55.031 [info] > git rev-parse --show-toplevel [4ms]
2025-08-16 10:35:55.032 [info] fatal: not a git repository (or any parent up to mount point /)
Stopping at filesystem boundary (GIT_DISCOVERY_ACROSS_FILESYSTEM not set).
2025-08-16 10:36:15.028 [info] > git rev-parse --show-toplevel [3ms]
2025-08-16 10:36:15.028 [info] fatal: not a git repository (or any parent up to mount point /)
Stopping at filesystem boundary (GIT_DISCOVERY_ACROSS_FILESYSTEM not set).
2025-08-16 10:36:15.573 [info] > git rev-parse --show-toplevel [2ms]
2025-08-16 10:36:15.573 [info] fatal: not a git repository (or any parent up to mount point /)
Stopping at filesystem boundary (GIT_DISCOVERY_ACROSS_FILESYSTEM not set).
2025-08-16 10:36:16.055 [info] > git rev-parse --show-toplevel [2ms]
2025-08-16 10:36:16.055 [info] fatal: not a git repository (or any parent up to mount point /)
Stopping at filesystem boundary (GIT_DISCOVERY_ACROSS_FILESYSTEM not set).
2025-08-16 10:36:16.425 [info] > git rev-parse --show-toplevel [3ms]
2025-08-16 10:36:16.425 [info] fatal: not a git repository (or any parent up to mount point /)
Stopping at filesystem boundary (GIT_DISCOVERY_ACROSS_FILESYSTEM not set).
2025-08-16 10:36:17.561 [info] > git rev-parse --show-toplevel [5ms]
2025-08-16 10:36:17.561 [info] fatal: not a git repository (or any parent up to mount point /)
Stopping at filesystem boundary (GIT_DISCOVERY_ACROSS_FILESYSTEM not set).
2025-08-16 10:36:19.288 [info] > git rev-parse --show-toplevel [3ms]
2025-08-16 10:36:19.288 [info] fatal: not a git repository (or any parent up to mount point /)
Stopping at filesystem boundary (GIT_DISCOVERY_ACROSS_FILESYSTEM not set).
2025-08-16 10:36:19.918 [info] > git rev-parse --show-toplevel [4ms]
2025-08-16 10:36:19.918 [info] fatal: not a git repository (or any parent up to mount point /)
Stopping at filesystem boundary (GIT_DISCOVERY_ACROSS_FILESYSTEM not set).
2025-08-16 10:36:22.178 [info] > git rev-parse --show-toplevel [2ms]
2025-08-16 10:36:22.178 [info] fatal: not a git repository (or any parent up to mount point /)
Stopping at filesystem boundary (GIT_DISCOVERY_ACROSS_FILESYSTEM not set).
2025-08-16 10:36:28.787 [info] > git rev-parse --show-toplevel [2ms]
2025-08-16 10:36:28.787 [info] fatal: not a git repository (or any parent up to mount point /)
Stopping at filesystem boundary (GIT_DISCOVERY_ACROSS_FILESYSTEM not set).
2025-08-16 10:36:39.485 [info] > git rev-parse --show-toplevel [2ms]
2025-08-16 10:36:39.485 [info] fatal: not a git repository (or any parent up to mount point /)
Stopping at filesystem boundary (GIT_DISCOVERY_ACROSS_FILESYSTEM not set).
2025-08-16 10:42:42.915 [info] > git rev-parse --show-toplevel [4ms]
2025-08-16 10:42:42.915 [info] fatal: not a git repository (or any parent up to mount point /)
Stopping at filesystem boundary (GIT_DISCOVERY_ACROSS_FILESYSTEM not set).
